2026-03-25 12:06:04,224 INFO:main.py:240:print_splash_screen:PDB2PQR v3.6.1: biomolecular structure conversion software.
2026-03-25 12:06:04,224 INFO:main.py:242:print_splash_screen:Please cite:  Jurrus E, et al.  Improvements to the APBS biomolecular solvation software suite.  Protein Sci 27 112-128 (2018).
2026-03-25 12:06:04,224 INFO:main.py:242:print_splash_screen:Please cite:  Dolinsky TJ, et al.  PDB2PQR: expanding and upgrading automated preparation of biomolecular structures for molecular simulations. Nucleic Acids Res 35 W522-W525 (2007).
2026-03-25 12:06:04,224 INFO:main.py:759:main_driver:Checking and transforming input arguments.
2026-03-25 12:06:04,225 INFO:main.py:763:main_driver:Loading topology files.
2026-03-25 12:06:04,274 INFO:main.py:765:main_driver:Loading molecule: /home/grheco/repositorios/stack_protein_prep/data/proteins/1F0R/components/1F0R_protein.pdb
2026-03-25 12:06:04,276 INFO:main.py:770:main_driver:Setting up molecule.
2026-03-25 12:06:04,278 INFO:main.py:408:setup_molecule:Created biomolecule object with 70 residues and 514 atoms.
2026-03-25 12:06:04,278 INFO:main.py:774:main_driver:Setting termini states for biomolecule chains.
2026-03-25 12:06:04,280 INFO:main.py:604:non_trivial:Loading forcefield.
2026-03-25 12:06:04,287 INFO:main.py:608:non_trivial:Loading hydrogen topology definitions.
2026-03-25 12:06:04,288 WARNING:biomolecule.py:157:num_missing_heavy:Missing atom OXT in residue PHE A 50
2026-03-25 12:06:04,288 WARNING:biomolecule.py:157:num_missing_heavy:Missing atom OXT in residue GLU B 50
2026-03-25 12:06:04,289 WARNING:biomolecule.py:157:num_missing_heavy:Missing atom OXT in residue PHE A 50
2026-03-25 12:06:04,289 WARNING:biomolecule.py:157:num_missing_heavy:Missing atom OXT in residue GLU B 50
2026-03-25 12:06:04,289 INFO:main.py:618:non_trivial:Attempting to repair 2 missing atoms in biomolecule.
2026-03-25 12:06:04,289 WARNING:biomolecule.py:157:num_missing_heavy:Missing atom OXT in residue PHE A 50
2026-03-25 12:06:04,289 WARNING:biomolecule.py:157:num_missing_heavy:Missing atom OXT in residue GLU B 50
2026-03-25 12:06:04,289 INFO:biomolecule.py:1077:repair_heavy:Added atom OXT to residue PHE A 50 at coordinates 27.096, 22.525, 15.489
2026-03-25 12:06:04,290 INFO:biomolecule.py:1077:repair_heavy:Added atom OXT to residue GLU B 50 at coordinates 29.251, 33.083, 32.960
2026-03-25 12:06:04,290 INFO:main.py:623:non_trivial:Updating disulfide bridges.
2026-03-25 12:06:04,291 INFO:main.py:626:non_trivial:Debumping biomolecule.
2026-03-25 12:06:04,303 INFO:main.py:633:non_trivial:Assigning titration states with PROPKA.
2026-03-25 12:06:04,307 INFO:output.py:74:print_header:
propka3.5.1                                                                                  2026-03-25

-------------------------------------------------------------------------------
--                                                                           --
--  PROPKA: A PROTEIN PKA PREDICTOR                                          --
--                                                                           --
--  VERSION 1.0,  04/25/2004,  IOWA CITY                                     --
--  BY HUI LI                                                                --
--                                                                           --
--  VERSION 2.0,  11/05/2007, IOWA CITY/COPENHAGEN                           --
--  BY DELPHINE C. BAS AND DAVID M. ROGERS                                   --
--                                                                           --
--  VERSION 3.0,  01/06/2011, COPENHAGEN                                     --
--  BY MATS H.M. OLSSON AND CHRESTEN R. SONDERGARD                           --
--                                                                           --
--  VERSION 3.1,  07/01/2011, COPENHAGEN                                     --
--  BY CHRESTEN R. SONDERGARD AND MATS H.M. OLSSON                           --
--                                                                           --
--  VERSION 3.2,  06/17/2020, PLANET EARTH                                   --
--  SEE ABOVE FOR AUTHORS                                                    --
--                                                                           --
-------------------------------------------------------------------------------


-------------------------------------------------------------------------------
References:

Very Fast Empirical Prediction and Rationalization of Protein pKa Values.
Hui Li, Andrew D. Robertson and Jan H. Jensen. PROTEINS: Structure, Function,
and Bioinformatics. 61:704-721 (2005)

Very Fast Prediction and Rationalization of pKa Values for Protein-Ligand
Complexes.  Delphine C. Bas, David M. Rogers and Jan H. Jensen.  PROTEINS:
Structure, Function, and Bioinformatics 73:765-783 (2008)

PROPKA3: Consistent Treatment of Internal and Surface Residues in Empirical
pKa predictions.  Mats H.M. Olsson, Chresten R. Sondergard, Michal Rostkowski,
and Jan H. Jensen.  Journal of Chemical Theory and Computation, 7(2):525-537
(2011)

Improved Treatment of Ligands and Coupling Effects in Empirical Calculation
and Rationalization of pKa Values.  Chresten R. Sondergaard, Mats H.M. Olsson,
Michal Rostkowski, and Jan H. Jensen.  Journal of Chemical Theory and
Computation, (2011)
-------------------------------------------------------------------------------



2026-03-25 12:06:04,327 INFO:conformation_container.py:124:find_covalently_coupled_groups:Coupling map:

2026-03-25 12:06:04,327 INFO:conformation_container.py:213:calculate_pka:Calculating pKas for Conformation container 1A with 602 atoms and 174 groups
2026-03-25 12:06:04,347 INFO:output.py:225:print_pka_section:pKa determinants:

---------  -----   ------   ---------------------    --------------    --------------    --------------
                            DESOLVATION  EFFECTS       SIDECHAIN          BACKBONE        COULOMBIC
 RESIDUE    pKa    BURIED     REGULAR      RE        HYDROGEN BOND     HYDROGEN BOND      INTERACTION
---------  -----   ------   ---------   ---------    --------------    --------------    --------------

ASP  24 A   3.90     0 %    0.11  125   0.00    0    0.00 XXX   0 X   -0.01 GLY  25 A    0.00 XXX   0 X

GLU  21 A   3.75     0 %    0.10   80   0.00    0   -0.85 LYS  23 A    0.00 XXX   0 X    0.00 XXX   0 X

GLU  26 A   3.98     0 %    0.31  135   0.00    0    0.00 XXX   0 X   -0.83 LYS  23 A    0.00 XXX   0 X

GLU  36 A   3.82     0 %    0.17   81   0.00    0    0.00 XXX   0 X   -0.85 GLU  36 A    0.00 XXX   0 X

GLU  37 A   4.60     0 %    0.10   61   0.00    0    0.00 XXX   0 X    0.00 XXX   0 X    0.00 XXX   0 X

GLU  39 A   4.61     0 %    0.11   84   0.00    0    0.00 XXX   0 X    0.00 XXX   0 X    0.00 XXX   0 X

GLU  49 A   4.62     0 %    0.12  101   0.00    0    0.00 XXX   0 X    0.00 XXX   0 X    0.00 XXX   0 X

C-   50 A   3.33     0 %    0.14   97   0.00    0   -0.01 SER  48 A    0.00 XXX   0 X    0.00 XXX   0 X

CYS  22 A  99.99     0 %    0.00    0   0.00    0    0.00 XXX   0 X    0.00 XXX   0 X    0.00 XXX   0 X

CYS  27 A  99.99     0 %    0.00    0   0.00    0    0.00 XXX   0 X    0.00 XXX   0 X    0.00 XXX   0 X

CYS  42 A   9.20     0 %    0.25  111   0.00    0    0.00 XXX   0 X   -0.06 GLY  43 A    0.00 XXX   0 X

LYS  23 A  11.10     0 %   -0.25   85   0.00    0    0.85 GLU  21 A    0.00 XXX   0 X    0.00 XXX   0 X

N+   16 A   7.90     0 %   -0.10  107   0.00    0    0.00 XXX   0 X    0.00 XXX   0 X    0.00 XXX   0 X

ASP  31 B   3.88     0 %    0.08   95   0.00    0    0.00 XXX   0 X    0.00 XXX   0 X    0.00 XXX   0 X

GLU  50 B   4.63     0 %    0.13   92   0.00    0    0.00 XXX   0 X    0.00 XXX   0 X    0.00 XXX   0 X

C-   50 B   2.54     0 %    0.29  131   0.00    0   -0.85 TYR  42 B   -0.10 GLU  50 B    0.00 XXX   0 X

CYS  21 B   9.37     0 %    0.37  133   0.00    0    0.00 XXX   0 X    0.00 XXX   0 X    0.00 XXX   0 X

CYS  23 B  99.99     0 %    0.00    0   0.00    0    0.00 XXX   0 X    0.00 XXX   0 X    0.00 XXX   0 X

CYS  36 B  99.99     0 %    0.00    0   0.00    0    0.00 XXX   0 X    0.00 XXX   0 X    0.00 XXX   0 X

CYS  44 B   9.28     0 %    0.39  232   0.00    0    0.00 XXX   0 X   -0.04 CYS  44 B   -0.06 ARG  25 B
CYS  44 B                                            0.00 XXX   0 X    0.00 XXX   0 X   -0.02 LYS  46 B

TYR  27 B  10.59     0 %    0.58  227   0.00    0    0.00 XXX   0 X    0.00 XXX   0 X    0.26 CYS  44 B
TYR  27 B                                            0.00 XXX   0 X    0.00 XXX   0 X   -0.25 LYS  46 B

TYR  42 B  11.12     0 %    0.27  147   0.00    0    0.85 C-   50 B    0.00 XXX   0 X    0.00 XXX   0 X

LYS  34 B  10.44     0 %   -0.06   88   0.00    0    0.00 XXX   0 X    0.00 XXX   0 X    0.00 XXX   0 X

LYS  46 B  10.63     0 %   -0.14  201   0.00    0    0.00 XXX   0 X    0.00 XXX   0 X    0.02 CYS  44 B
LYS  46 B                                            0.00 XXX   0 X    0.00 XXX   0 X    0.25 TYR  27 B

ARG  25 B  12.47     0 %   -0.08  138   0.00    0    0.00 XXX   0 X    0.00 XXX   0 X    0.06 CYS  44 B

N+   16 B   7.83     0 %   -0.17   40   0.00    0    0.00 XXX   0 X    0.00 XXX   0 X    0.00 XXX   0 X


2026-03-25 12:06:04,348 INFO:output.py:227:print_pka_section:pKa summary:
--------------------------------------------------------------------------------------------------------
SUMMARY OF THIS PREDICTION
       Group      pKa  model-pKa   ligand atom-type
   ASP  24 A     3.90       3.80                      
   ASP  31 B     3.88       3.80                      
   GLU  21 A     3.75       4.50                      
   GLU  26 A     3.98       4.50                      
   GLU  36 A     3.82       4.50                      
   GLU  37 A     4.60       4.50                      
   GLU  39 A     4.61       4.50                      
   GLU  49 A     4.62       4.50                      
   GLU  50 B     4.63       4.50                      
   C-   50 A     3.33       3.20                      
   C-   50 B     2.54       3.20                      
   CYS  22 A    99.99       9.00                      
   CYS  27 A    99.99       9.00                      
   CYS  42 A     9.20       9.00                      
   CYS  21 B     9.37       9.00                      
   CYS  23 B    99.99       9.00                      
   CYS  36 B    99.99       9.00                      
   CYS  44 B     9.28       9.00                      
   TYR  27 B    10.59      10.00                      
   TYR  42 B    11.12      10.00                      
   LYS  23 A    11.10      10.50                      
   LYS  34 B    10.44      10.50                      
   LYS  46 B    10.63      10.50                      
   ARG  25 B    12.47      12.50                      
   N+   16 A     7.90       8.00                      
   N+   16 B     7.83       8.00                      

2026-03-25 12:06:04,353 INFO:main.py:636:non_trivial:PROPKA information:
--------------------------------------------------------------------------------------------------------
Free energy of   folding (kcal/mol) as a function of pH (using neutral reference)
  0.00     -0.06
  1.00     -0.08
  2.00     -0.18
  3.00     -0.65
  4.00     -1.56
  5.00     -2.40
  6.00     -2.58
  7.00     -2.62
  8.00     -2.70
  9.00     -2.35
 10.00     -1.19
 11.00      0.47
 12.00      1.26
 13.00      1.37
 14.00      1.38

The pH of optimum stability is  8.0 for which the free energy is   -2.7 kcal/mol at 298K
The free energy is within 80 % of maximum at pH  4.6 to  9.2
The free energy is negative in the range  0.0 - 10.6


Protein charge of folded and unfolded state as a function of pH
    pH  unfolded  folded
  0.00      6.00    6.00
  0.10      6.00    5.99
  0.20      6.00    5.99
  0.30      6.00    5.99
  0.40      6.00    5.99
  0.50      5.99    5.99
  0.60      5.99    5.98
  0.70      5.99    5.98
  0.80      5.99    5.97
  0.90      5.99    5.97
  1.00      5.98    5.96
  1.10      5.98    5.95
  1.20      5.97    5.94
  1.30      5.96    5.92
  1.40      5.96    5.90
  1.50      5.94    5.88
  1.60      5.93    5.85
  1.70      5.91    5.81
  1.80      5.89    5.77
  1.90      5.86    5.72
  2.00      5.83    5.65
  2.10      5.79    5.58
  2.20      5.73    5.49
  2.30      5.67    5.39
  2.40      5.59    5.28
  2.50      5.50    5.15
  2.60      5.39    5.01
  2.70      5.26    4.85
  2.80      5.11    4.66
  2.90      4.94    4.46
  3.00      4.74    4.24
  3.10      4.51    3.98
  3.20      4.26    3.71
  3.30      3.99    3.40
  3.40      3.69    3.06
  3.50      3.36    2.70
  3.60      3.01    2.31
  3.70      2.64    1.89
  3.80      2.24    1.45
  3.90      1.81    1.00
  4.00      1.37    0.54
  4.10      0.90    0.07
  4.20      0.41   -0.39
  4.30     -0.08   -0.85
  4.40     -0.58   -1.29
  4.50     -1.07   -1.72
  4.60     -1.55   -2.13
  4.70     -2.01   -2.51
  4.80     -2.43   -2.86
  4.90     -2.82   -3.18
  5.00     -3.17   -3.47
  5.10     -3.48   -3.72
  5.20     -3.74   -3.94
  5.30     -3.97   -4.13
  5.40     -4.16   -4.29
  5.50     -4.32   -4.43
  5.60     -4.45   -4.54
  5.70     -4.56   -4.63
  5.80     -4.66   -4.71
  5.90     -4.73   -4.78
  6.00     -4.79   -4.83
  6.10     -4.84   -4.88
  6.20     -4.89   -4.92
  6.30     -4.93   -4.96
  6.40     -4.96   -4.99
  6.50     -5.00   -5.03
  6.60     -5.03   -5.06
  6.70     -5.06   -5.10
  6.80     -5.10   -5.14
  6.90     -5.14   -5.18
  7.00     -5.19   -5.24
  7.10     -5.25   -5.30
  7.20     -5.31   -5.37
  7.30     -5.39   -5.45
  7.40     -5.47   -5.55
  7.50     -5.57   -5.65
  7.60     -5.69   -5.77
  7.70     -5.82   -5.89
  7.80     -5.97   -6.03
  7.90     -6.13   -6.17
  8.00     -6.30   -6.32
  8.10     -6.48   -6.46
  8.20     -6.68   -6.62
  8.30     -6.89   -6.77
  8.40     -7.10   -6.93
  8.50     -7.33   -7.09
  8.60     -7.57   -7.25
  8.70     -7.81   -7.42
  8.80     -8.06   -7.60
  8.90     -8.33   -7.80
  9.00     -8.59   -8.00
  9.10     -8.86   -8.21
  9.20     -9.14   -8.43
  9.30     -9.41   -8.65
  9.40     -9.69   -8.89
  9.50     -9.97   -9.12
  9.60    -10.25   -9.35
  9.70    -10.54   -9.59
  9.80    -10.83   -9.83
  9.90    -11.13  -10.07
 10.00    -11.43  -10.31
 10.10    -11.74  -10.56
 10.20    -12.04  -10.82
 10.30    -12.35  -11.08
 10.40    -12.64  -11.36
 10.50    -12.93  -11.64
 10.60    -13.20  -11.92
 10.70    -13.46  -12.21
 10.80    -13.69  -12.50
 10.90    -13.91  -12.78
 11.00    -14.10  -13.05
 11.10    -14.26  -13.32
 11.20    -14.41  -13.56
 11.30    -14.54  -13.79
 11.40    -14.65  -14.00
 11.50    -14.75  -14.19
 11.60    -14.83  -14.36
 11.70    -14.91  -14.52
 11.80    -14.99  -14.66
 11.90    -15.06  -14.79
 12.00    -15.13  -14.91
 12.10    -15.19  -15.02
 12.20    -15.26  -15.13
 12.30    -15.33  -15.22
 12.40    -15.40  -15.31
 12.50    -15.46  -15.40
 12.60    -15.53  -15.48
 12.70    -15.59  -15.55
 12.80    -15.65  -15.62
 12.90    -15.70  -15.68
 13.00    -15.75  -15.73
 13.10    -15.79  -15.78
 13.20    -15.83  -15.82
 13.30    -15.86  -15.85
 13.40    -15.88  -15.88
 13.50    -15.91  -15.90
 13.60    -15.92  -15.92
 13.70    -15.94  -15.94
 13.80    -15.95  -15.95
 13.90    -15.96  -15.96
 14.00    -15.97  -15.97
The pI is  4.12 (folded) and  4.28 (unfolded)

--------------------------------------------------------------------------------------------------------
2026-03-25 12:06:04,353 INFO:biomolecule.py:794:apply_pka_values:Applying pKa values at a pH of 7.40:
2026-03-25 12:06:04,353 INFO:main.py:649:non_trivial:Adding hydrogens to biomolecule.
2026-03-25 12:06:04,396 INFO:main.py:652:non_trivial:Debumping biomolecule (again).
2026-03-25 12:06:04,442 INFO:main.py:654:non_trivial:Optimizing hydrogen bonds
2026-03-25 12:06:04,540 INFO:main.py:666:non_trivial:Applying force field to biomolecule states.
2026-03-25 12:06:04,541 INFO:main.py:713:non_trivial:Regenerating headers.
2026-03-25 12:06:04,541 INFO:main.py:738:non_trivial:Regenerating PDB lines.
2026-03-25 12:06:04,546 WARNING:main.py:311:print_pqr:Ignoring 466 header lines in output.
