2026-03-25 12:06:50,260 INFO:main.py:240:print_splash_screen:PDB2PQR v3.6.1: biomolecular structure conversion software.
2026-03-25 12:06:50,261 INFO:main.py:242:print_splash_screen:Please cite:  Jurrus E, et al.  Improvements to the APBS biomolecular solvation software suite.  Protein Sci 27 112-128 (2018).
2026-03-25 12:06:50,261 INFO:main.py:242:print_splash_screen:Please cite:  Dolinsky TJ, et al.  PDB2PQR: expanding and upgrading automated preparation of biomolecular structures for molecular simulations. Nucleic Acids Res 35 W522-W525 (2007).
2026-03-25 12:06:50,261 INFO:main.py:759:main_driver:Checking and transforming input arguments.
2026-03-25 12:06:50,261 INFO:main.py:763:main_driver:Loading topology files.
2026-03-25 12:06:50,310 INFO:main.py:765:main_driver:Loading molecule: /home/grheco/repositorios/stack_protein_prep/data/proteins/3FRG/components/3FRG_protein.pdb
2026-03-25 12:06:50,319 INFO:main.py:770:main_driver:Setting up molecule.
2026-03-25 12:06:50,330 INFO:main.py:408:setup_molecule:Created biomolecule object with 335 residues and 2705 atoms.
2026-03-25 12:06:50,330 WARNING:main.py:418:setup_molecule:Multiple occupancies found: CA in CYS A 194.
2026-03-25 12:06:50,330 WARNING:main.py:418:setup_molecule:Multiple occupancies found: CB in CYS A 194.
2026-03-25 12:06:50,330 WARNING:main.py:418:setup_molecule:Multiple occupancies found: SG in CYS A 194.
2026-03-25 12:06:50,330 WARNING:main.py:424:setup_molecule:Multiple occupancies found in CYS A 194. At least one of the instances is being ignored.
2026-03-25 12:06:50,330 INFO:main.py:774:main_driver:Setting termini states for biomolecule chains.
2026-03-25 12:06:50,336 INFO:main.py:604:non_trivial:Loading forcefield.
2026-03-25 12:06:50,342 INFO:main.py:608:non_trivial:Loading hydrogen topology definitions.
2026-03-25 12:06:50,345 WARNING:biomolecule.py:157:num_missing_heavy:Missing atom OXT in residue ALA A 487
2026-03-25 12:06:50,346 WARNING:biomolecule.py:157:num_missing_heavy:Missing atom OXT in residue ALA A 487
2026-03-25 12:06:50,346 INFO:main.py:618:non_trivial:Attempting to repair 1 missing atoms in biomolecule.
2026-03-25 12:06:50,347 WARNING:biomolecule.py:157:num_missing_heavy:Missing atom OXT in residue ALA A 487
2026-03-25 12:06:50,348 INFO:biomolecule.py:1077:repair_heavy:Added atom OXT to residue ALA A 487 at coordinates 37.382, 58.765, 80.025
2026-03-25 12:06:50,348 INFO:main.py:623:non_trivial:Updating disulfide bridges.
2026-03-25 12:06:50,348 INFO:main.py:626:non_trivial:Debumping biomolecule.
2026-03-25 12:06:50,432 INFO:main.py:633:non_trivial:Assigning titration states with PROPKA.
2026-03-25 12:06:50,448 INFO:output.py:74:print_header:
propka3.5.1                                                                                  2026-03-25

-------------------------------------------------------------------------------
--                                                                           --
--  PROPKA: A PROTEIN PKA PREDICTOR                                          --
--                                                                           --
--  VERSION 1.0,  04/25/2004,  IOWA CITY                                     --
--  BY HUI LI                                                                --
--                                                                           --
--  VERSION 2.0,  11/05/2007, IOWA CITY/COPENHAGEN                           --
--  BY DELPHINE C. BAS AND DAVID M. ROGERS                                   --
--                                                                           --
--  VERSION 3.0,  01/06/2011, COPENHAGEN                                     --
--  BY MATS H.M. OLSSON AND CHRESTEN R. SONDERGARD                           --
--                                                                           --
--  VERSION 3.1,  07/01/2011, COPENHAGEN                                     --
--  BY CHRESTEN R. SONDERGARD AND MATS H.M. OLSSON                           --
--                                                                           --
--  VERSION 3.2,  06/17/2020, PLANET EARTH                                   --
--  SEE ABOVE FOR AUTHORS                                                    --
--                                                                           --
-------------------------------------------------------------------------------


-------------------------------------------------------------------------------
References:

Very Fast Empirical Prediction and Rationalization of Protein pKa Values.
Hui Li, Andrew D. Robertson and Jan H. Jensen. PROTEINS: Structure, Function,
and Bioinformatics. 61:704-721 (2005)

Very Fast Prediction and Rationalization of pKa Values for Protein-Ligand
Complexes.  Delphine C. Bas, David M. Rogers and Jan H. Jensen.  PROTEINS:
Structure, Function, and Bioinformatics 73:765-783 (2008)

PROPKA3: Consistent Treatment of Internal and Surface Residues in Empirical
pKa predictions.  Mats H.M. Olsson, Chresten R. Sondergard, Michal Rostkowski,
and Jan H. Jensen.  Journal of Chemical Theory and Computation, 7(2):525-537
(2011)

Improved Treatment of Ligands and Coupling Effects in Empirical Calculation
and Rationalization of pKa Values.  Chresten R. Sondergaard, Mats H.M. Olsson,
Michal Rostkowski, and Jan H. Jensen.  Journal of Chemical Theory and
Computation, (2011)
-------------------------------------------------------------------------------



2026-03-25 12:06:50,545 INFO:conformation_container.py:124:find_covalently_coupled_groups:Coupling map:

2026-03-25 12:06:50,545 INFO:conformation_container.py:213:calculate_pka:Calculating pKas for Conformation container 1A with 3232 atoms and 850 groups
2026-03-25 12:06:51,084 INFO:output.py:225:print_pka_section:pKa determinants:

---------  -----   ------   ---------------------    --------------    --------------    --------------
                            DESOLVATION  EFFECTS       SIDECHAIN          BACKBONE        COULOMBIC
 RESIDUE    pKa    BURIED     REGULAR      RE        HYDROGEN BOND     HYDROGEN BOND      INTERACTION
---------  -----   ------   ---------   ---------    --------------    --------------    --------------

ASP 164 A   3.89     0 %    0.18  162   0.00    0    0.00 XXX   0 X    0.00 XXX   0 X   -0.02 LYS 168 A
ASP 164 A                                            0.00 XXX   0 X    0.00 XXX   0 X   -0.07 HIS 165 A

ASP 172 A   2.95     0 %    0.36  280   0.00    0   -0.77 LYS 175 A    0.00 XXX   0 X   -0.05 LYS 168 A
ASP 172 A                                            0.00 XXX   0 X    0.00 XXX   0 X   -0.38 LYS 175 A

ASP 204 A   3.51     0 %    0.26  208   0.00    0   -0.23 LYS 207 A    0.00 XXX   0 X   -0.32 LYS 207 A

ASP 214 A   3.89     0 %    0.17  210   0.00    0    0.00 XXX   0 X    0.00 XXX   0 X   -0.02 N+  153 A
ASP 214 A                                            0.00 XXX   0 X    0.00 XXX   0 X   -0.06 HIS 319 A

ASP 225 A   3.51    21 %    0.77  341   0.17    0   -0.62 ARG 190 A    0.00 XXX   0 X   -0.11 HIS 226 A
ASP 225 A                                            0.00 XXX   0 X    0.00 XXX   0 X   -0.49 ARG 190 A

ASP 230 A   3.51     0 %    0.24  256   0.00    0    0.00 XXX   0 X   -0.29 ASP 230 A   -0.05 LYS 420 A
ASP 230 A                                            0.00 XXX   0 X    0.00 XXX   0 X   -0.19 HIS 228 A

ASP 241 A   4.12   100 %    3.21  645   0.55    0   -0.10 SER 245 A    0.00 XXX   0 X   -0.03 HIS 274 A
ASP 241 A                                           -0.08 ASN 395 A    0.00 XXX   0 X    0.07 ASP 392 A
ASP 241 A                                           -0.61 LYS 398 A    0.00 XXX   0 X   -0.65 HIS 238 A
ASP 241 A                                            0.00 XXX   0 X    0.00 XXX   0 X   -2.03 LYS 398 A

ASP 256 A   4.01     0 %    0.21  245   0.00    0    0.00 XXX   0 X    0.00 XXX   0 X    0.00 XXX   0 X

ASP 261 A   4.20    13 %    0.43  317   0.00    0    0.00 XXX   0 X    0.00 XXX   0 X   -0.03 ARG 203 A

ASP 275 A  -2.92*  100 %    3.62  646   0.57    0   -1.60 HIS 238 A    0.00 XXX   0 X   -1.67 HIS 234 A
ASP 275 A                                           -1.60 HIS 274 A    0.00 XXX   0 X   -1.41 HIS 238 A
ASP 275 A                                            0.00 XXX   0 X    0.00 XXX   0 X   -2.03 HIS 274 A
ASP 275 A                                            0.00 XXX   0 X    0.00 XXX   0 X   -1.24 HIS 278 A
ASP 275 A                                            0.00 XXX   0 X    0.00 XXX   0 X   -1.35 HIS 307 A

ASP 277 A   2.43    40 %    1.05  394   0.45    0   -0.82 HIS 228 A    0.00 XXX   0 X   -0.20 HIS 226 A
ASP 277 A                                           -0.83 HIS 306 A    0.00 XXX   0 X   -0.13 HIS 307 A
ASP 277 A                                            0.00 XXX   0 X    0.00 XXX   0 X   -0.43 HIS 228 A
ASP 277 A                                            0.00 XXX   0 X    0.00 XXX   0 X   -0.47 HIS 306 A

ASP 299 A   4.20     0 %    0.40  216   0.00    0    0.00 XXX   0 X    0.00 XXX   0 X    0.00 XXX   0 X

ASP 321 A   3.34    35 %    1.51  380   0.24    0   -1.13 ARG 331 A   -0.55 PHE 323 A   -0.53 ARG 331 A

ASP 340 A   3.92    64 %    1.93  461   0.47    0   -1.46 ARG 385 A    0.00 XXX   0 X   -0.09 LYS 336 A
ASP 340 A                                            0.00 XXX   0 X    0.00 XXX   0 X   -0.72 ARG 385 A

ASP 346 A   3.30    47 %    1.58  413   0.08    0   -0.73 SER 301 A   -0.71 SER 348 A   -0.22 LYS 349 A
ASP 346 A                                           -0.50 SER 348 A    0.00 XXX   0 X    0.00 XXX   0 X

ASP 356 A   4.02     0 %    0.28  265   0.00    0    0.00 XXX   0 X    0.00 XXX   0 X   -0.06 ARG 385 A

ASP 375 A   4.02     0 %    0.24  202   0.00    0    0.00 XXX   0 X    0.00 XXX   0 X   -0.05 LYS 365 A
ASP 375 A                                            0.00 XXX   0 X    0.00 XXX   0 X   -0.04 ARG 380 A
ASP 375 A                                            0.00 XXX   0 X    0.00 XXX   0 X    0.07 ASP 379 A

ASP 379 A   3.58     3 %    0.49  289   0.01    0   -0.63 ASN 376 A    0.00 XXX   0 X   -0.04 LYS 365 A
ASP 379 A                                            0.00 XXX   0 X    0.00 XXX   0 X   -0.04 ARG 380 A

ASP 392 A   1.01*  100 %    2.87  680   0.67    0   -1.60 HIS 238 A    0.00 XXX   0 X   -0.08 HIS 278 A
ASP 392 A                                           -1.60 HIS 274 A    0.00 XXX   0 X   -0.12 HIS 307 A
ASP 392 A                                            0.00 XXX   0 X    0.00 XXX   0 X   -0.53 HIS 234 A
ASP 392 A                                            0.00 XXX   0 X    0.00 XXX   0 X   -1.35 HIS 238 A
ASP 392 A                                            0.00 XXX   0 X    0.00 XXX   0 X   -1.82 HIS 274 A
ASP 392 A                                            0.00 XXX   0 X    0.00 XXX   0 X    1.37 ASP 275 A
ASP 392 A                                            0.00 XXX   0 X    0.00 XXX   0 X   -0.59 HIS 389 A

ASP 408 A   4.32    16 %    0.48  325   0.16    0    0.00 XXX   0 X    0.00 XXX   0 X   -0.09 ARG 404 A
ASP 408 A                                            0.00 XXX   0 X    0.00 XXX   0 X   -0.03 ARG 409 A

ASP 419 A   3.20     0 %    0.50  277   0.00    0   -0.46 LYS 434 A    0.00 XXX   0 X   -0.02 LYS 420 A
ASP 419 A                                            0.00 XXX   0 X    0.00 XXX   0 X   -0.16 ARG 422 A
ASP 419 A                                            0.00 XXX   0 X    0.00 XXX   0 X    0.04 ASP 433 A
ASP 419 A                                            0.00 XXX   0 X    0.00 XXX   0 X   -0.11 HIS 435 A
ASP 419 A                                            0.00 XXX   0 X    0.00 XXX   0 X   -0.38 LYS 434 A

ASP 433 A   2.39     0 %    0.57  236   0.00    0   -0.51 THR 436 A   -0.46 HIS 435 A   -0.03 LYS 434 A
ASP 433 A                                           -0.48 ARG 422 A    0.00 XXX   0 X   -0.20 HIS 435 A
ASP 433 A                                            0.00 XXX   0 X    0.00 XXX   0 X   -0.29 ARG 422 A

ASP 448 A   2.96    19 %    0.95  334   0.17    0   -1.43 ARG 477 A    0.00 XXX   0 X   -0.10 HIS 452 A
ASP 448 A                                            0.00 XXX   0 X    0.00 XXX   0 X   -0.43 ARG 477 A

ASP 460 A   3.65    11 %    0.49  312   0.06    0   -0.33 LYS 364 A    0.00 XXX   0 X   -0.37 LYS 364 A

ASP 465 A   3.72    29 %    1.46  363   0.24    0   -0.85 THR 252 A   -0.81 ALA 254 A    0.00 XXX   0 X
ASP 465 A                                            0.00 XXX   0 X   -0.11 ASP 465 A    0.00 XXX   0 X

ASP 468 A   4.21     3 %    0.27  291   0.00    0    0.00 XXX   0 X    0.00 XXX   0 X    0.14 ASP 471 A

ASP 471 A   3.77     0 %    0.39  247   0.00    0   -0.42 GLN 467 A    0.00 XXX   0 X    0.00 XXX   0 X

ASP 475 A   4.33     0 %    0.33  273   0.00    0    0.00 XXX   0 X    0.00 XXX   0 X    0.06 ASP 468 A
ASP 475 A                                            0.00 XXX   0 X    0.00 XXX   0 X    0.14 ASP 471 A

GLU 161 A   4.51     0 %    0.13  135   0.00    0    0.00 XXX   0 X    0.00 XXX   0 X   -0.12 HIS 165 A

GLU 163 A   4.02     0 %    0.39  187   0.00    0   -0.59 SER 154 A    0.00 XXX   0 X   -0.00 N+  153 A
GLU 163 A                                           -0.00 ARG 155 A    0.00 XXX   0 X   -0.38 ARG 155 A
GLU 163 A                                            0.00 XXX   0 X    0.00 XXX   0 X    0.12 ASP 164 A

GLU 169 A   5.07    21 %    0.95  339   0.13    0   -0.58 ASN 182 A    0.00 XXX   0 X   -0.02 LYS 168 A
GLU 169 A                                            0.00 XXX   0 X    0.00 XXX   0 X   -0.06 HIS 165 A
GLU 169 A                                            0.00 XXX   0 X    0.00 XXX   0 X    0.01 GLU 171 A
GLU 169 A                                            0.00 XXX   0 X    0.00 XXX   0 X    0.13 ASP 172 A
GLU 169 A                                            0.00 XXX   0 X    0.00 XXX   0 X    0.02 GLU 401 A

GLU 171 A   4.29     0 %    0.23  179   0.00    0   -0.09 LYS 168 A    0.00 XXX   0 X   -0.38 LYS 168 A
GLU 171 A                                            0.00 XXX   0 X    0.00 XXX   0 X   -0.08 LYS 175 A
GLU 171 A                                            0.00 XXX   0 X    0.00 XXX   0 X    0.11 ASP 172 A

GLU 202 A   4.28     8 %    0.38  303   0.05    0   -0.60 ASN 174 A    0.00 XXX   0 X   -0.10 ARG 203 A
GLU 202 A                                            0.00 XXX   0 X    0.00 XXX   0 X    0.05 ASP 204 A

GLU 224 A   5.23    92 %    3.88  540   0.70    0   -0.78 THR 193 A   -0.78 LEU 192 A    0.17 ASP 225 A
GLU 224 A                                           -0.77 SER 236 A   -0.82 THR 193 A   -0.52 ARG 190 A
GLU 224 A                                           -0.35 ARG 190 A    0.00 XXX   0 X    0.00 XXX   0 X

GLU 263 A   4.21    50 %    1.85  422   0.13    0   -0.17 THR 260 A   -0.77 THR 260 A   -0.01 LYS 336 A
GLU 263 A                                           -0.82 ARG 380 A    0.00 XXX   0 X    0.01 ASP 261 A
GLU 263 A                                            0.00 XXX   0 X    0.00 XXX   0 X   -0.51 ARG 380 A

GLU 292 A   4.61     0 %    0.11  150   0.00    0    0.00 XXX   0 X    0.00 XXX   0 X    0.00 XXX   0 X

GLU 300 A   3.77     0 %    0.27  270   0.00    0   -0.17 SER 301 A    0.00 XXX   0 X    0.18 ASP 346 A
GLU 300 A                                           -0.63 LYS 349 A    0.00 XXX   0 X   -0.38 LYS 349 A

GLU 304 A   7.16    87 %    2.76  524   0.07    0   -0.84 ASN 283 A   -0.61 GLU 304 A   -0.03 LYS 349 A
GLU 304 A                                            0.00 XXX   0 X    0.00 XXX   0 X   -0.11 HIS 234 A
GLU 304 A                                            0.00 XXX   0 X    0.00 XXX   0 X   -0.08 HIS 274 A
GLU 304 A                                            0.00 XXX   0 X    0.00 XXX   0 X    0.47 ASP 275 A
GLU 304 A                                            0.00 XXX   0 X    0.00 XXX   0 X    0.05 GLU 300 A
GLU 304 A                                            0.00 XXX   0 X    0.00 XXX   0 X    0.17 ASP 392 A
GLU 304 A                                            0.00 XXX   0 X    0.00 XXX   0 X    0.81 ASP 346 A

GLU 317 A   4.70     0 %    0.14  167   0.00    0    0.00 XXX   0 X    0.00 XXX   0 X    0.12 GLU 318 A
GLU 317 A                                            0.00 XXX   0 X    0.00 XXX   0 X   -0.05 HIS 319 A

GLU 318 A   4.57     0 %    0.08  122   0.00    0    0.00 XXX   0 X    0.00 XXX   0 X   -0.01 HIS 319 A

GLU 362 A   4.68     0 %    0.19  164   0.00    0    0.00 XXX   0 X    0.00 XXX   0 X   -0.01 LYS 358 A

GLU 401 A   4.69     0 %    0.20  269   0.00    0    0.00 XXX   0 X    0.00 XXX   0 X   -0.01 ARG 404 A

GLU 412 A   4.79     4 %    0.29  292   0.01    0    0.00 XXX   0 X    0.00 XXX   0 X   -0.08 ARG 409 A
GLU 412 A                                            0.00 XXX   0 X    0.00 XXX   0 X    0.03 ASP 408 A
GLU 412 A                                            0.00 XXX   0 X    0.00 XXX   0 X    0.03 GLU 413 A

GLU 413 A   1.80    83 %    3.31  513   0.07    0   -1.60 HIS 234 A   -0.65 TYR 233 A   -0.01 LYS 420 A
GLU 413 A                                            0.00 XXX   0 X   -0.83 HIS 234 A   -0.01 HIS 228 A
GLU 413 A                                            0.00 XXX   0 X    0.00 XXX   0 X   -0.24 HIS 238 A
GLU 413 A                                            0.00 XXX   0 X    0.00 XXX   0 X    0.33 ASP 275 A
GLU 413 A                                            0.00 XXX   0 X    0.00 XXX   0 X   -2.03 HIS 234 A
GLU 413 A                                            0.00 XXX   0 X    0.00 XXX   0 X   -1.03 HIS 278 A

GLU 421 A   3.30    16 %    1.13  327   0.17    0   -0.80 GLN 417 A   -0.84 SER 429 A   -0.04 ARG 422 A
GLU 421 A                                           -0.85 SER 429 A    0.00 XXX   0 X    0.03 ASP 433 A

GLU 423 A   4.59     0 %    0.17  189   0.00    0    0.00 XXX   0 X    0.00 XXX   0 X   -0.10 LYS 420 A
GLU 423 A                                            0.00 XXX   0 X    0.00 XXX   0 X   -0.05 ARG 424 A
GLU 423 A                                            0.00 XXX   0 X    0.00 XXX   0 X   -0.00 LYS 434 A
GLU 423 A                                            0.00 XXX   0 X    0.00 XXX   0 X    0.07 ASP 419 A

GLU 427 A   4.60     0 %    0.08  155   0.00    0    0.00 XXX   0 X    0.00 XXX   0 X    0.01 GLU 421 A

GLU 440 A   4.18    16 %    0.64  325   0.04    0   -0.24 SER 438 A   -0.75 GLU 440 A   -0.00 ARG 404 A
GLU 440 A                                            0.00 XXX   0 X    0.00 XXX   0 X   -0.00 LYS 441 A

GLU 456 A   4.73    24 %    0.52  348   0.15    0   -0.04 HIS 452 A    0.00 XXX   0 X   -0.19 LYS 358 A
GLU 456 A                                            0.00 XXX   0 X    0.00 XXX   0 X   -0.30 HIS 452 A
GLU 456 A                                            0.00 XXX   0 X    0.00 XXX   0 X    0.08 ASP 460 A

GLU 474 A   5.05    10 %    0.49  310   0.06    0    0.00 XXX   0 X    0.00 XXX   0 X   -0.30 HIS 452 A
GLU 474 A                                            0.00 XXX   0 X    0.00 XXX   0 X    0.04 GLU 456 A
GLU 474 A                                            0.00 XXX   0 X    0.00 XXX   0 X    0.19 ASP 471 A
GLU 474 A                                            0.00 XXX   0 X    0.00 XXX   0 X    0.08 ASP 475 A

C-  487 A   3.31     0 %    0.19  140   0.00    0    0.00 XXX   0 X    0.00 XXX   0 X   -0.06 LYS 441 A
C-  487 A                                            0.00 XXX   0 X    0.00 XXX   0 X   -0.02 ARG 477 A

HIS 165 A   6.67     0 %   -0.33  206   0.00    0    0.00 XXX   0 X    0.26 GLU 161 A   -0.01 LYS 168 A
HIS 165 A                                            0.00 XXX   0 X    0.00 XXX   0 X    0.12 GLU 161 A
HIS 165 A                                            0.00 XXX   0 X    0.00 XXX   0 X    0.07 ASP 164 A
HIS 165 A                                            0.00 XXX   0 X    0.00 XXX   0 X    0.06 GLU 169 A

HIS 188 A   6.26     0 %   -0.19  244   0.00    0    0.00 XXX   0 X    0.01 HIS 188 A   -0.05 ARG 190 A

HIS 226 A   6.79    31 %   -0.79  368   0.00    0    0.00 XXX   0 X    0.82 THR 222 A    0.11 ASP 225 A
HIS 226 A                                            0.00 XXX   0 X    0.00 XXX   0 X   -0.05 HIS 228 A
HIS 226 A                                            0.00 XXX   0 X    0.00 XXX   0 X    0.20 ASP 277 A

HIS 228 A   7.01    35 %   -0.95  380   0.00    0    0.82 ASP 277 A    0.00 XXX   0 X    0.19 ASP 230 A
HIS 228 A                                            0.00 XXX   0 X    0.00 XXX   0 X    0.01 GLU 413 A
HIS 228 A                                            0.00 XXX   0 X    0.00 XXX   0 X    0.43 ASP 277 A

HIS 234 A   9.01   100 %   -3.08  610   0.00    0    1.60 GLU 413 A    0.00 XXX   0 X   -0.36 HIS 274 A
HIS 234 A                                            0.00 XXX   0 X    0.00 XXX   0 X    0.11 GLU 304 A
HIS 234 A                                            0.00 XXX   0 X    0.00 XXX   0 X    1.67 ASP 275 A
HIS 234 A                                            0.00 XXX   0 X    0.00 XXX   0 X    0.53 ASP 392 A
HIS 234 A                                            0.00 XXX   0 X    0.00 XXX   0 X    2.03 GLU 413 A

HIS 238 A   7.57   100 %   -3.36  677   0.00    0    1.60 ASP 275 A    0.00 XXX   0 X   -0.02 LYS 398 A
HIS 238 A                                            1.60 ASP 392 A    0.00 XXX   0 X   -1.07 HIS 234 A
HIS 238 A                                            0.00 XXX   0 X    0.00 XXX   0 X   -1.34 HIS 274 A
HIS 238 A                                            0.00 XXX   0 X    0.00 XXX   0 X    0.24 GLU 413 A
HIS 238 A                                            0.00 XXX   0 X    0.00 XXX   0 X    0.65 ASP 241 A
HIS 238 A                                            0.00 XXX   0 X    0.00 XXX   0 X    1.41 ASP 275 A
HIS 238 A                                            0.00 XXX   0 X    0.00 XXX   0 X    1.35 ASP 392 A

HIS 247 A   3.36    78 %   -2.35  500   0.00    0    0.00 XXX   0 X    0.00 XXX   0 X   -0.78 ARG 203 A

HIS 274 A  11.23   100 %   -3.25  700   0.00    0    1.60 ASP 275 A    0.82 ALA 271 A    0.03 ASP 241 A
HIS 274 A                                            1.60 ASP 392 A    0.00 XXX   0 X    0.08 GLU 304 A
HIS 274 A                                            0.00 XXX   0 X    0.00 XXX   0 X    2.03 ASP 275 A
HIS 274 A                                            0.00 XXX   0 X    0.00 XXX   0 X    1.82 ASP 392 A

HIS 278 A   2.01   100 %   -3.20  581   0.00    0    0.00 XXX   0 X    0.00 XXX   0 X   -0.14 HIS 228 A
HIS 278 A                                            0.00 XXX   0 X    0.00 XXX   0 X   -2.01 HIS 234 A
HIS 278 A                                            0.00 XXX   0 X    0.00 XXX   0 X   -0.21 HIS 238 A
HIS 278 A                                            0.00 XXX   0 X    0.00 XXX   0 X   -0.14 HIS 274 A
HIS 278 A                                            0.00 XXX   0 X    0.00 XXX   0 X   -0.05 HIS 306 A
HIS 278 A                                            0.00 XXX   0 X    0.00 XXX   0 X   -1.09 HIS 307 A
HIS 278 A                                            0.00 XXX   0 X    0.00 XXX   0 X    0.08 ASP 392 A
HIS 278 A                                            0.00 XXX   0 X    0.00 XXX   0 X    1.24 ASP 275 A
HIS 278 A                                            0.00 XXX   0 X    0.00 XXX   0 X    1.03 GLU 413 A

HIS 306 A   6.10    56 %   -1.52  438   0.00    0    0.83 ASP 277 A    0.00 XXX   0 X   -0.09 LYS 313 A
HIS 306 A                                            0.00 XXX   0 X    0.00 XXX   0 X   -0.03 HIS 226 A
HIS 306 A                                            0.00 XXX   0 X    0.00 XXX   0 X   -0.06 HIS 228 A
HIS 306 A                                            0.00 XXX   0 X    0.00 XXX   0 X    0.47 ASP 277 A

HIS 307 A   3.90   100 %   -3.62  586   0.00    0    0.00 XXX   0 X    0.78 VAL 276 A   -0.01 HIS 228 A
HIS 307 A                                            0.00 XXX   0 X    0.00 XXX   0 X   -0.35 HIS 234 A
HIS 307 A                                            0.00 XXX   0 X    0.00 XXX   0 X   -0.03 HIS 238 A
HIS 307 A                                            0.00 XXX   0 X    0.00 XXX   0 X   -0.55 HIS 274 A
HIS 307 A                                            0.00 XXX   0 X    0.00 XXX   0 X    0.13 ASP 277 A
HIS 307 A                                            0.00 XXX   0 X    0.00 XXX   0 X   -0.41 HIS 306 A
HIS 307 A                                            0.00 XXX   0 X    0.00 XXX   0 X    0.12 ASP 392 A
HIS 307 A                                            0.00 XXX   0 X    0.00 XXX   0 X    1.35 ASP 275 A

HIS 319 A   6.63     0 %   -0.23  222   0.00    0    0.00 XXX   0 X    0.23 HIS 319 A    0.06 ASP 214 A
HIS 319 A                                            0.00 XXX   0 X    0.00 XXX   0 X    0.05 GLU 317 A
HIS 319 A                                            0.00 XXX   0 X    0.00 XXX   0 X    0.01 GLU 318 A

HIS 350 A   4.82    50 %   -1.63  422   0.00    0    0.00 XXX   0 X    0.00 XXX   0 X   -0.05 LYS 358 A

HIS 389 A   3.59   100 %   -2.85  565   0.00    0    0.00 XXX   0 X    0.00 XXX   0 X   -0.65 HIS 350 A
HIS 389 A                                            0.00 XXX   0 X    0.00 XXX   0 X    0.59 ASP 392 A

HIS 435 A   6.03     0 %   -0.27  186   0.00    0    0.00 XXX   0 X    0.00 XXX   0 X   -0.28 ARG 422 A
HIS 435 A                                            0.00 XXX   0 X    0.00 XXX   0 X   -0.23 LYS 434 A
HIS 435 A                                            0.00 XXX   0 X    0.00 XXX   0 X    0.11 ASP 419 A
HIS 435 A                                            0.00 XXX   0 X    0.00 XXX   0 X    0.20 ASP 433 A

HIS 452 A   6.24    37 %   -0.97  386   0.00    0    0.04 GLU 456 A    0.00 XXX   0 X   -0.00 LYS 358 A
HIS 452 A                                            0.00 XXX   0 X    0.00 XXX   0 X   -0.02 ARG 477 A
HIS 452 A                                            0.00 XXX   0 X    0.00 XXX   0 X    0.10 ASP 448 A
HIS 452 A                                            0.00 XXX   0 X    0.00 XXX   0 X    0.30 GLU 456 A
HIS 452 A                                            0.00 XXX   0 X    0.00 XXX   0 X    0.30 GLU 474 A

CYS 194 A  11.60    88 %    2.51  527   0.00    0    0.00 XXX   0 X    0.00 XXX   0 X   -0.05 N+  153 A
CYS 194 A                                            0.00 XXX   0 X    0.00 XXX   0 X    0.13 GLU 224 A

CYS 320 A   9.94    25 %    1.09  351   0.00    0   -0.27 THR 222 A    0.00 XXX   0 X    0.01 ASP 225 A
CYS 320 A                                            0.00 XXX   0 X    0.00 XXX   0 X    0.09 GLU 317 A
CYS 320 A                                            0.00 XXX   0 X    0.00 XXX   0 X    0.02 ASP 321 A

CYS 390 A  13.16   100 %    4.16  656   0.00    0    0.00 XXX   0 X    0.00 XXX   0 X    0.00 XXX   0 X

CYS 432 A  11.41    54 %    1.98  432   0.00    0    0.00 XXX   0 X   -0.00 GLY 418 A    0.05 GLU 413 A
CYS 432 A                                            0.00 XXX   0 X    0.00 XXX   0 X    0.01 ASP 419 A
CYS 432 A                                            0.00 XXX   0 X    0.00 XXX   0 X    0.34 GLU 421 A
CYS 432 A                                            0.00 XXX   0 X    0.00 XXX   0 X    0.03 ASP 433 A

TYR 186 A  10.54     0 %    0.32  258   0.00    0    0.00 XXX   0 X    0.00 XXX   0 X    0.00 GLU 161 A
TYR 186 A                                            0.00 XXX   0 X    0.00 XXX   0 X    0.22 GLU 169 A

TYR 197 A   9.78    15 %    0.58  323   0.00    0   -0.85 SER 213 A    0.00 XXX   0 X    0.00 CYS 194 A
TYR 197 A                                            0.00 XXX   0 X    0.00 XXX   0 X    0.05 ASP 214 A

TYR 219 A  14.08   100 %    3.90  591   0.00    0    0.00 XXX   0 X    0.00 XXX   0 X    0.15 CYS 320 A
TYR 219 A                                            0.00 XXX   0 X    0.00 XXX   0 X    0.03 ASP 321 A

TYR 227 A  15.04   100 %    4.45  660   0.00    0    0.00 XXX   0 X   -0.64 ASP 275 A    0.07 GLU 224 A
TYR 227 A                                            0.00 XXX   0 X    0.00 XXX   0 X    0.10 ASP 392 A
TYR 227 A                                            0.00 XXX   0 X    0.00 XXX   0 X    0.17 TYR 219 A
TYR 227 A                                            0.00 XXX   0 X    0.00 XXX   0 X    0.89 ASP 275 A

TYR 233 A  15.47   100 %    3.38  640   0.00    0   -0.05 ASN 395 A    0.00 XXX   0 X    0.41 ASP 275 A
TYR 233 A                                            0.00 XXX   0 X    0.00 XXX   0 X   -0.02 ARG 409 A
TYR 233 A                                            0.00 XXX   0 X    0.00 XXX   0 X    0.24 GLU 413 A
TYR 233 A                                            0.00 XXX   0 X    0.00 XXX   0 X    0.02 TYR 403 A
TYR 233 A                                            0.00 XXX   0 X    0.00 XXX   0 X    0.67 ASP 241 A
TYR 233 A                                            0.00 XXX   0 X    0.00 XXX   0 X    0.82 ASP 392 A

TYR 297 A  10.83    22 %    0.83  343   0.00    0    0.00 XXX   0 X    0.00 XXX   0 X    0.00 XXX   0 X

TYR 377 A  10.37    30 %    1.33  364   0.00    0   -0.76 LYS 336 A    0.00 XXX   0 X    0.09 GLU 263 A
TYR 377 A                                            0.00 XXX   0 X    0.00 XXX   0 X    0.33 ASP 340 A
TYR 377 A                                            0.00 XXX   0 X    0.00 XXX   0 X   -0.05 ARG 380 A
TYR 377 A                                            0.00 XXX   0 X    0.00 XXX   0 X   -0.12 ARG 385 A
TYR 377 A                                            0.00 XXX   0 X    0.00 XXX   0 X   -0.44 LYS 336 A

TYR 403 A  14.58    92 %    4.01  538   0.00    0    0.00 XXX   0 X    0.00 XXX   0 X    0.02 ASP 448 A
TYR 403 A                                            0.00 XXX   0 X    0.00 XXX   0 X    0.55 TYR 480 A

TYR 449 A  10.19     0 %    0.10  173   0.00    0    0.00 XXX   0 X    0.00 XXX   0 X    0.11 ASP 448 A
TYR 449 A                                            0.00 XXX   0 X    0.00 XXX   0 X   -0.02 ARG 477 A

TYR 480 A  11.47    53 %    2.21  430   0.00    0   -0.85 THR 407 A    0.00 XXX   0 X   -0.16 ARG 404 A
TYR 480 A                                            0.00 XXX   0 X    0.00 XXX   0 X    0.15 ASP 408 A
TYR 480 A                                            0.00 XXX   0 X    0.00 XXX   0 X    0.12 GLU 440 A

LYS 168 A  10.91     0 %   -0.16  154   0.00    0    0.09 GLU 171 A    0.00 XXX   0 X    0.02 ASP 164 A
LYS 168 A                                            0.00 XXX   0 X    0.00 XXX   0 X    0.02 GLU 169 A
LYS 168 A                                            0.00 XXX   0 X    0.00 XXX   0 X    0.38 GLU 171 A
LYS 168 A                                            0.00 XXX   0 X    0.00 XXX   0 X    0.05 ASP 172 A

LYS 175 A  11.45     0 %   -0.28  219   0.00    0    0.77 ASP 172 A    0.00 XXX   0 X    0.08 GLU 171 A
LYS 175 A                                            0.00 XXX   0 X    0.00 XXX   0 X    0.38 ASP 172 A

LYS 207 A  10.92     0 %   -0.13  156   0.00    0    0.23 ASP 204 A    0.00 XXX   0 X    0.32 ASP 204 A

LYS 313 A  10.30     0 %   -0.20  253   0.00    0    0.00 XXX   0 X    0.00 XXX   0 X    0.00 XXX   0 X

LYS 328 A  10.45     0 %   -0.05  112   0.00    0    0.00 XXX   0 X    0.00 XXX   0 X   -0.00 ARG 331 A

LYS 329 A  10.19     0 %   -0.20  198   0.00    0    0.00 XXX   0 X    0.00 XXX   0 X   -0.11 LYS 336 A

LYS 336 A  11.18     2 %   -0.60  287   0.00    0    0.76 TYR 377 A    0.00 XXX   0 X    0.01 GLU 263 A
LYS 336 A                                            0.00 XXX   0 X    0.00 XXX   0 X    0.09 ASP 340 A
LYS 336 A                                            0.00 XXX   0 X    0.00 XXX   0 X   -0.01 ARG 380 A
LYS 336 A                                            0.00 XXX   0 X    0.00 XXX   0 X   -0.01 ARG 385 A
LYS 336 A                                            0.00 XXX   0 X    0.00 XXX   0 X    0.44 TYR 377 A

LYS 349 A  11.49     0 %   -0.28  272   0.00    0    0.63 GLU 300 A    0.00 XXX   0 X    0.03 GLU 304 A
LYS 349 A                                            0.00 XXX   0 X    0.00 XXX   0 X    0.22 ASP 346 A
LYS 349 A                                            0.00 XXX   0 X    0.00 XXX   0 X    0.38 GLU 300 A

LYS 358 A  10.34     3 %   -0.36  291   0.00    0    0.00 XXX   0 X    0.00 XXX   0 X    0.01 GLU 362 A
LYS 358 A                                            0.00 XXX   0 X    0.00 XXX   0 X    0.19 GLU 456 A

LYS 364 A  10.32    17 %   -0.89  329   0.00    0    0.33 ASP 460 A    0.00 XXX   0 X    0.37 ASP 460 A

LYS 365 A  10.49     0 %   -0.10  159   0.00    0    0.00 XXX   0 X    0.00 XXX   0 X    0.05 ASP 375 A
LYS 365 A                                            0.00 XXX   0 X    0.00 XXX   0 X    0.04 ASP 379 A

LYS 398 A   9.97   100 %   -3.18  624   0.00    0    0.61 ASP 241 A    0.00 XXX   0 X    2.03 ASP 241 A

LYS 420 A  10.08    24 %   -0.54  348   0.00    0    0.00 XXX   0 X    0.00 XXX   0 X    0.05 ASP 230 A
LYS 420 A                                            0.00 XXX   0 X    0.00 XXX   0 X    0.01 GLU 413 A
LYS 420 A                                            0.00 XXX   0 X    0.00 XXX   0 X    0.02 ASP 419 A
LYS 420 A                                            0.00 XXX   0 X    0.00 XXX   0 X    0.10 GLU 423 A
LYS 420 A                                            0.00 XXX   0 X    0.00 XXX   0 X   -0.06 ARG 424 A

LYS 434 A  10.96     0 %   -0.29  212   0.00    0    0.46 ASP 419 A    0.00 XXX   0 X   -0.13 ARG 422 A
LYS 434 A                                            0.00 XXX   0 X    0.00 XXX   0 X    0.00 GLU 423 A
LYS 434 A                                            0.00 XXX   0 X    0.00 XXX   0 X    0.03 ASP 433 A
LYS 434 A                                            0.00 XXX   0 X    0.00 XXX   0 X    0.38 ASP 419 A

LYS 441 A  10.40     0 %   -0.16  198   0.00    0    0.00 XXX   0 X    0.00 XXX   0 X    0.00 GLU 440 A
LYS 441 A                                            0.00 XXX   0 X    0.00 XXX   0 X    0.06 C-  487 A

ARG 155 A  12.54     0 %   -0.34  157   0.00    0    0.00 GLU 163 A    0.00 XXX   0 X    0.38 GLU 163 A

ARG 190 A  13.34    35 %   -1.14  379   0.00    0    0.35 GLU 224 A    0.00 XXX   0 X    0.52 GLU 224 A
ARG 190 A                                            0.62 ASP 225 A    0.00 XXX   0 X    0.49 ASP 225 A

ARG 203 A  10.72    69 %   -1.91  475   0.00    0    0.00 XXX   0 X    0.00 XXX   0 X    0.10 GLU 202 A
ARG 203 A                                            0.00 XXX   0 X    0.00 XXX   0 X    0.03 ASP 261 A

ARG 210 A  12.31     0 %   -0.19  185   0.00    0    0.00 XXX   0 X    0.00 XXX   0 X    0.00 XXX   0 X

ARG 331 A  13.15    32 %   -1.01  370   0.00    0    1.13 ASP 321 A    0.00 XXX   0 X    0.53 ASP 321 A

ARG 335 A  11.90    23 %   -0.59  347   0.00    0    0.00 XXX   0 X    0.00 XXX   0 X   -0.02 ARG 331 A

ARG 380 A  13.34    11 %   -0.62  312   0.00    0    0.82 GLU 263 A    0.00 XXX   0 X    0.04 ASP 375 A
ARG 380 A                                            0.00 XXX   0 X    0.00 XXX   0 X    0.05 TYR 377 A
ARG 380 A                                            0.00 XXX   0 X    0.00 XXX   0 X    0.04 ASP 379 A
ARG 380 A                                            0.00 XXX   0 X    0.00 XXX   0 X    0.51 GLU 263 A

ARG 385 A  13.53    51 %   -1.34  423   0.00    0    1.46 ASP 340 A    0.00 XXX   0 X    0.06 ASP 356 A
ARG 385 A                                            0.00 XXX   0 X    0.00 XXX   0 X    0.12 TYR 377 A
ARG 385 A                                            0.00 XXX   0 X    0.00 XXX   0 X    0.72 ASP 340 A

ARG 404 A  12.40     0 %   -0.36  262   0.00    0    0.00 XXX   0 X    0.00 XXX   0 X    0.01 GLU 401 A
ARG 404 A                                            0.00 XXX   0 X    0.00 XXX   0 X    0.09 ASP 408 A
ARG 404 A                                            0.00 XXX   0 X    0.00 XXX   0 X    0.00 GLU 440 A
ARG 404 A                                            0.00 XXX   0 X    0.00 XXX   0 X    0.16 TYR 480 A

ARG 409 A  11.27    56 %   -1.36  438   0.00    0    0.00 XXX   0 X    0.00 XXX   0 X    0.02 TYR 233 A
ARG 409 A                                            0.00 XXX   0 X    0.00 XXX   0 X    0.03 ASP 408 A
ARG 409 A                                            0.00 XXX   0 X    0.00 XXX   0 X    0.08 GLU 412 A

ARG 422 A  13.05     0 %   -0.43  215   0.00    0    0.48 ASP 433 A    0.00 XXX   0 X    0.16 ASP 419 A
ARG 422 A                                            0.00 XXX   0 X    0.00 XXX   0 X    0.04 GLU 421 A
ARG 422 A                                            0.00 XXX   0 X    0.00 XXX   0 X    0.29 ASP 433 A

ARG 424 A  12.24     0 %   -0.31  249   0.00    0    0.00 XXX   0 X    0.00 XXX   0 X    0.05 GLU 423 A

ARG 477 A  13.86     8 %   -0.53  304   0.00    0    1.43 ASP 448 A    0.00 XXX   0 X    0.02 TYR 449 A
ARG 477 A                                            0.00 XXX   0 X    0.00 XXX   0 X    0.02 C-  487 A
ARG 477 A                                            0.00 XXX   0 X    0.00 XXX   0 X    0.43 ASP 448 A

N+  153 A   7.68    12 %   -0.40  316   0.00    0    0.00 XXX   0 X    0.00 XXX   0 X    0.00 GLU 163 A
N+  153 A                                            0.00 XXX   0 X    0.00 XXX   0 X    0.05 CYS 194 A
N+  153 A                                            0.00 XXX   0 X    0.00 XXX   0 X    0.02 ASP 214 A

Coupled residues (marked *) were detected.Please rerun PropKa with the --display-coupled-residues 
or -d option for detailed information.

2026-03-25 12:06:51,084 INFO:output.py:227:print_pka_section:pKa summary:
--------------------------------------------------------------------------------------------------------
SUMMARY OF THIS PREDICTION
       Group      pKa  model-pKa   ligand atom-type
   ASP 164 A     3.89       3.80                      
   ASP 172 A     2.95       3.80                      
   ASP 204 A     3.51       3.80                      
   ASP 214 A     3.89       3.80                      
   ASP 225 A     3.51       3.80                      
   ASP 230 A     3.51       3.80                      
   ASP 241 A     4.12       3.80                      
   ASP 256 A     4.01       3.80                      
   ASP 261 A     4.20       3.80                      
   ASP 275 A    -2.92       3.80                      
   ASP 277 A     2.43       3.80                      
   ASP 299 A     4.20       3.80                      
   ASP 321 A     3.34       3.80                      
   ASP 340 A     3.92       3.80                      
   ASP 346 A     3.30       3.80                      
   ASP 356 A     4.02       3.80                      
   ASP 375 A     4.02       3.80                      
   ASP 379 A     3.58       3.80                      
   ASP 392 A     1.01       3.80                      
   ASP 408 A     4.32       3.80                      
   ASP 419 A     3.20       3.80                      
   ASP 433 A     2.39       3.80                      
   ASP 448 A     2.96       3.80                      
   ASP 460 A     3.65       3.80                      
   ASP 465 A     3.72       3.80                      
   ASP 468 A     4.21       3.80                      
   ASP 471 A     3.77       3.80                      
   ASP 475 A     4.33       3.80                      
   GLU 161 A     4.51       4.50                      
   GLU 163 A     4.02       4.50                      
   GLU 169 A     5.07       4.50                      
   GLU 171 A     4.29       4.50                      
   GLU 202 A     4.28       4.50                      
   GLU 224 A     5.23       4.50                      
   GLU 263 A     4.21       4.50                      
   GLU 292 A     4.61       4.50                      
   GLU 300 A     3.77       4.50                      
   GLU 304 A     7.16       4.50                      
   GLU 317 A     4.70       4.50                      
   GLU 318 A     4.57       4.50                      
   GLU 362 A     4.68       4.50                      
   GLU 401 A     4.69       4.50                      
   GLU 412 A     4.79       4.50                      
   GLU 413 A     1.80       4.50                      
   GLU 421 A     3.30       4.50                      
   GLU 423 A     4.59       4.50                      
   GLU 427 A     4.60       4.50                      
   GLU 440 A     4.18       4.50                      
   GLU 456 A     4.73       4.50                      
   GLU 474 A     5.05       4.50                      
   C-  487 A     3.31       3.20                      
   HIS 165 A     6.67       6.50                      
   HIS 188 A     6.26       6.50                      
   HIS 226 A     6.79       6.50                      
   HIS 228 A     7.01       6.50                      
   HIS 234 A     9.01       6.50                      
   HIS 238 A     7.57       6.50                      
   HIS 247 A     3.36       6.50                      
   HIS 274 A    11.23       6.50                      
   HIS 278 A     2.01       6.50                      
   HIS 306 A     6.10       6.50                      
   HIS 307 A     3.90       6.50                      
   HIS 319 A     6.63       6.50                      
   HIS 350 A     4.82       6.50                      
   HIS 389 A     3.59       6.50                      
   HIS 435 A     6.03       6.50                      
   HIS 452 A     6.24       6.50                      
   CYS 194 A    11.60       9.00                      
   CYS 320 A     9.94       9.00                      
   CYS 390 A    13.16       9.00                      
   CYS 432 A    11.41       9.00                      
   TYR 186 A    10.54      10.00                      
   TYR 197 A     9.78      10.00                      
   TYR 219 A    14.08      10.00                      
   TYR 227 A    15.04      10.00                      
   TYR 233 A    15.47      10.00                      
   TYR 297 A    10.83      10.00                      
   TYR 377 A    10.37      10.00                      
   TYR 403 A    14.58      10.00                      
   TYR 449 A    10.19      10.00                      
   TYR 480 A    11.47      10.00                      
   LYS 168 A    10.91      10.50                      
   LYS 175 A    11.45      10.50                      
   LYS 207 A    10.92      10.50                      
   LYS 313 A    10.30      10.50                      
   LYS 328 A    10.45      10.50                      
   LYS 329 A    10.19      10.50                      
   LYS 336 A    11.18      10.50                      
   LYS 349 A    11.49      10.50                      
   LYS 358 A    10.34      10.50                      
   LYS 364 A    10.32      10.50                      
   LYS 365 A    10.49      10.50                      
   LYS 398 A     9.97      10.50                      
   LYS 420 A    10.08      10.50                      
   LYS 434 A    10.96      10.50                      
   LYS 441 A    10.40      10.50                      
   ARG 155 A    12.54      12.50                      
   ARG 190 A    13.34      12.50                      
   ARG 203 A    10.72      12.50                      
   ARG 210 A    12.31      12.50                      
   ARG 331 A    13.15      12.50                      
   ARG 335 A    11.90      12.50                      
   ARG 380 A    13.34      12.50                      
   ARG 385 A    13.53      12.50                      
   ARG 404 A    12.40      12.50                      
   ARG 409 A    11.27      12.50                      
   ARG 422 A    13.05      12.50                      
   ARG 424 A    12.24      12.50                      
   ARG 477 A    13.86      12.50                      
   N+  153 A     7.68       8.00                      

2026-03-25 12:06:51,104 INFO:main.py:636:non_trivial:PROPKA information:
--------------------------------------------------------------------------------------------------------
Free energy of   folding (kcal/mol) as a function of pH (using neutral reference)
  0.00     42.41
  1.00     40.52
  2.00     36.82
  3.00     29.41
  4.00     19.90
  5.00     14.35
  6.00     10.59
  7.00     10.15
  8.00     13.01
  9.00     17.01
 10.00     24.43
 11.00     35.84
 12.00     45.29
 13.00     53.53
 14.00     61.23

The pH of optimum stability is  6.6 for which the free energy is    9.7 kcal/mol at 298K
Could not determine pH values where the free energy is within 80 % of minimum
Could not determine the pH-range where the free energy is negative


Protein charge of folded and unfolded state as a function of pH
    pH  unfolded  folded
  0.00     44.99   43.87
  0.10     44.99   43.84
  0.20     44.99   43.80
  0.30     44.99   43.75
  0.40     44.99   43.70
  0.50     44.98   43.63
  0.60     44.98   43.56
  0.70     44.97   43.47
  0.80     44.96   43.36
  0.90     44.95   43.25
  1.00     44.94   43.11
  1.10     44.93   42.96
  1.20     44.91   42.80
  1.30     44.89   42.61
  1.40     44.86   42.40
  1.50     44.82   42.17
  1.60     44.77   41.91
  1.70     44.71   41.62
  1.80     44.64   41.30
  1.90     44.55   40.94
  2.00     44.43   40.55
  2.10     44.29   40.11
  2.20     44.11   39.62
  2.30     43.89   39.08
  2.40     43.62   38.48
  2.50     43.28   37.81
  2.60     42.86   37.07
  2.70     42.35   36.24
  2.80     41.74   35.31
  2.90     40.99   34.29
  3.00     40.10   33.15
  3.10     39.05   31.89
  3.20     37.82   30.51
  3.30     36.40   29.01
  3.40     34.78   27.39
  3.50     32.97   25.66
  3.60     30.97   23.83
  3.70     28.81   21.91
  3.80     26.51   19.92
  3.90     24.10   17.88
  4.00     21.63   15.80
  4.10     19.13   13.71
  4.20     16.64   11.62
  4.30     14.19    9.57
  4.40     11.82    7.57
  4.50      9.55    5.63
  4.60      7.41    3.79
  4.70      5.42    2.04
  4.80      3.60    0.41
  4.90      1.95   -1.11
  5.00      0.47   -2.50
  5.10     -0.85   -3.77
  5.20     -2.02   -4.92
  5.30     -3.08   -5.96
  5.40     -4.03   -6.91
  5.50     -4.91   -7.76
  5.60     -5.74   -8.55
  5.70     -6.54   -9.27
  5.80     -7.34   -9.95
  5.90     -8.16  -10.59
  6.00     -9.01  -11.21
  6.10     -9.90  -11.81
  6.20    -10.82  -12.39
  6.30    -11.79  -12.97
  6.40    -12.78  -13.54
  6.50    -13.77  -14.09
  6.60    -14.76  -14.64
  6.70    -15.71  -15.18
  6.80    -16.61  -15.70
  6.90    -17.45  -16.20
  7.00    -18.21  -16.68
  7.10    -18.90  -17.14
  7.20    -19.51  -17.58
  7.30    -20.04  -17.99
  7.40    -20.51  -18.38
  7.50    -20.93  -18.74
  7.60    -21.30  -19.08
  7.70    -21.63  -19.38
  7.80    -21.94  -19.67
  7.90    -22.23  -19.93
  8.00    -22.51  -20.17
  8.10    -22.79  -20.39
  8.20    -23.07  -20.60
  8.30    -23.37  -20.79
  8.40    -23.68  -20.99
  8.50    -24.02  -21.18
  8.60    -24.38  -21.37
  8.70    -24.78  -21.58
  8.80    -25.22  -21.80
  8.90    -25.70  -22.05
  9.00    -26.23  -22.33
  9.10    -26.81  -22.64
  9.20    -27.45  -22.99
  9.30    -28.15  -23.39
  9.40    -28.92  -23.84
  9.50    -29.77  -24.36
  9.60    -30.70  -24.95
  9.70    -31.72  -25.61
  9.80    -32.82  -26.35
  9.90    -34.00  -27.17
 10.00    -35.27  -28.06
 10.10    -36.59  -29.03
 10.20    -37.96  -30.07
 10.30    -39.35  -31.15
 10.40    -40.74  -32.28
 10.50    -42.10  -33.44
 10.60    -43.41  -34.62
 10.70    -44.66  -35.81
 10.80    -45.81  -36.99
 10.90    -46.88  -38.16
 11.00    -47.84  -39.32
 11.10    -48.72  -40.45
 11.20    -49.51  -41.55
 11.30    -50.22  -42.62
 11.40    -50.88  -43.64
 11.50    -51.50  -44.63
 11.60    -52.09  -45.57
 11.70    -52.68  -46.46
 11.80    -53.28  -47.31
 11.90    -53.91  -48.12
 12.00    -54.56  -48.89
 12.10    -55.25  -49.62
 12.20    -55.98  -50.33
 12.30    -56.74  -51.00
 12.40    -57.53  -51.65
 12.50    -58.32  -52.29
 12.60    -59.10  -52.91
 12.70    -59.86  -53.51
 12.80    -60.57  -54.11
 12.90    -61.23  -54.70
 13.00    -61.82  -55.28
 13.10    -62.34  -55.85
 13.20    -62.80  -56.41
 13.30    -63.19  -56.96
 13.40    -63.52  -57.50
 13.50    -63.80  -58.02
 13.60    -64.03  -58.52
 13.70    -64.22  -58.99
 13.80    -64.37  -59.44
 13.90    -64.49  -59.87
 14.00    -64.60  -60.27
The pI is  4.83 (folded) and  5.03 (unfolded)

--------------------------------------------------------------------------------------------------------
2026-03-25 12:06:51,105 INFO:biomolecule.py:794:apply_pka_values:Applying pKa values at a pH of 7.40:
2026-03-25 12:06:51,106 INFO:main.py:649:non_trivial:Adding hydrogens to biomolecule.
2026-03-25 12:06:51,337 INFO:main.py:652:non_trivial:Debumping biomolecule (again).
2026-03-25 12:06:51,709 INFO:main.py:654:non_trivial:Optimizing hydrogen bonds
2026-03-25 12:06:52,215 INFO:main.py:666:non_trivial:Applying force field to biomolecule states.
2026-03-25 12:06:52,219 INFO:main.py:713:non_trivial:Regenerating headers.
2026-03-25 12:06:52,220 INFO:main.py:738:non_trivial:Regenerating PDB lines.
2026-03-25 12:06:52,244 WARNING:main.py:311:print_pqr:Ignoring 467 header lines in output.
