2026-03-25 12:07:01,403 INFO:main.py:240:print_splash_screen:PDB2PQR v3.6.1: biomolecular structure conversion software.
2026-03-25 12:07:01,403 INFO:main.py:242:print_splash_screen:Please cite:  Jurrus E, et al.  Improvements to the APBS biomolecular solvation software suite.  Protein Sci 27 112-128 (2018).
2026-03-25 12:07:01,403 INFO:main.py:242:print_splash_screen:Please cite:  Dolinsky TJ, et al.  PDB2PQR: expanding and upgrading automated preparation of biomolecular structures for molecular simulations. Nucleic Acids Res 35 W522-W525 (2007).
2026-03-25 12:07:01,403 INFO:main.py:759:main_driver:Checking and transforming input arguments.
2026-03-25 12:07:01,404 INFO:main.py:763:main_driver:Loading topology files.
2026-03-25 12:07:01,454 INFO:main.py:765:main_driver:Loading molecule: /home/grheco/repositorios/stack_protein_prep/data/proteins/3R04/components/3R04_protein.pdb
2026-03-25 12:07:01,461 INFO:main.py:770:main_driver:Setting up molecule.
2026-03-25 12:07:01,471 INFO:main.py:408:setup_molecule:Created biomolecule object with 271 residues and 2209 atoms.
2026-03-25 12:07:01,471 WARNING:main.py:418:setup_molecule:Multiple occupancies found: N in GLU A 124.
2026-03-25 12:07:01,471 WARNING:main.py:418:setup_molecule:Multiple occupancies found: CA in GLU A 124.
2026-03-25 12:07:01,471 WARNING:main.py:418:setup_molecule:Multiple occupancies found: C in GLU A 124.
2026-03-25 12:07:01,471 WARNING:main.py:418:setup_molecule:Multiple occupancies found: O in GLU A 124.
2026-03-25 12:07:01,471 WARNING:main.py:418:setup_molecule:Multiple occupancies found: CB in GLU A 124.
2026-03-25 12:07:01,471 WARNING:main.py:418:setup_molecule:Multiple occupancies found: CG in GLU A 124.
2026-03-25 12:07:01,471 WARNING:main.py:418:setup_molecule:Multiple occupancies found: CD in GLU A 124.
2026-03-25 12:07:01,471 WARNING:main.py:418:setup_molecule:Multiple occupancies found: OE1 in GLU A 124.
2026-03-25 12:07:01,471 WARNING:main.py:418:setup_molecule:Multiple occupancies found: OE2 in GLU A 124.
2026-03-25 12:07:01,471 WARNING:main.py:424:setup_molecule:Multiple occupancies found in GLU A 124. At least one of the instances is being ignored.
2026-03-25 12:07:01,471 WARNING:main.py:418:setup_molecule:Multiple occupancies found: N in VAL A 126.
2026-03-25 12:07:01,471 WARNING:main.py:418:setup_molecule:Multiple occupancies found: CA in VAL A 126.
2026-03-25 12:07:01,471 WARNING:main.py:418:setup_molecule:Multiple occupancies found: C in VAL A 126.
2026-03-25 12:07:01,471 WARNING:main.py:418:setup_molecule:Multiple occupancies found: O in VAL A 126.
2026-03-25 12:07:01,471 WARNING:main.py:418:setup_molecule:Multiple occupancies found: CB in VAL A 126.
2026-03-25 12:07:01,471 WARNING:main.py:418:setup_molecule:Multiple occupancies found: CG1 in VAL A 126.
2026-03-25 12:07:01,471 WARNING:main.py:418:setup_molecule:Multiple occupancies found: CG2 in VAL A 126.
2026-03-25 12:07:01,471 WARNING:main.py:424:setup_molecule:Multiple occupancies found in VAL A 126. At least one of the instances is being ignored.
2026-03-25 12:07:01,471 INFO:main.py:774:main_driver:Setting termini states for biomolecule chains.
2026-03-25 12:07:01,476 INFO:main.py:604:non_trivial:Loading forcefield.
2026-03-25 12:07:01,483 INFO:main.py:608:non_trivial:Loading hydrogen topology definitions.
2026-03-25 12:07:01,485 WARNING:biomolecule.py:157:num_missing_heavy:Missing atom OXT in residue HIS A 305
2026-03-25 12:07:01,486 WARNING:biomolecule.py:157:num_missing_heavy:Missing atom OXT in residue HIS A 305
2026-03-25 12:07:01,486 INFO:main.py:618:non_trivial:Attempting to repair 1 missing atoms in biomolecule.
2026-03-25 12:07:01,487 WARNING:biomolecule.py:157:num_missing_heavy:Missing atom OXT in residue HIS A 305
2026-03-25 12:07:01,488 INFO:biomolecule.py:1077:repair_heavy:Added atom OXT to residue HIS A 305 at coordinates 40.365, -49.349, 8.578
2026-03-25 12:07:01,488 INFO:main.py:623:non_trivial:Updating disulfide bridges.
2026-03-25 12:07:01,488 INFO:main.py:626:non_trivial:Debumping biomolecule.
2026-03-25 12:07:01,545 INFO:main.py:633:non_trivial:Assigning titration states with PROPKA.
2026-03-25 12:07:01,558 INFO:output.py:74:print_header:
propka3.5.1                                                                                  2026-03-25

-------------------------------------------------------------------------------
--                                                                           --
--  PROPKA: A PROTEIN PKA PREDICTOR                                          --
--                                                                           --
--  VERSION 1.0,  04/25/2004,  IOWA CITY                                     --
--  BY HUI LI                                                                --
--                                                                           --
--  VERSION 2.0,  11/05/2007, IOWA CITY/COPENHAGEN                           --
--  BY DELPHINE C. BAS AND DAVID M. ROGERS                                   --
--                                                                           --
--  VERSION 3.0,  01/06/2011, COPENHAGEN                                     --
--  BY MATS H.M. OLSSON AND CHRESTEN R. SONDERGARD                           --
--                                                                           --
--  VERSION 3.1,  07/01/2011, COPENHAGEN                                     --
--  BY CHRESTEN R. SONDERGARD AND MATS H.M. OLSSON                           --
--                                                                           --
--  VERSION 3.2,  06/17/2020, PLANET EARTH                                   --
--  SEE ABOVE FOR AUTHORS                                                    --
--                                                                           --
-------------------------------------------------------------------------------


-------------------------------------------------------------------------------
References:

Very Fast Empirical Prediction and Rationalization of Protein pKa Values.
Hui Li, Andrew D. Robertson and Jan H. Jensen. PROTEINS: Structure, Function,
and Bioinformatics. 61:704-721 (2005)

Very Fast Prediction and Rationalization of pKa Values for Protein-Ligand
Complexes.  Delphine C. Bas, David M. Rogers and Jan H. Jensen.  PROTEINS:
Structure, Function, and Bioinformatics 73:765-783 (2008)

PROPKA3: Consistent Treatment of Internal and Surface Residues in Empirical
pKa predictions.  Mats H.M. Olsson, Chresten R. Sondergard, Michal Rostkowski,
and Jan H. Jensen.  Journal of Chemical Theory and Computation, 7(2):525-537
(2011)

Improved Treatment of Ligands and Coupling Effects in Empirical Calculation
and Rationalization of pKa Values.  Chresten R. Sondergaard, Mats H.M. Olsson,
Michal Rostkowski, and Jan H. Jensen.  Journal of Chemical Theory and
Computation, (2011)
-------------------------------------------------------------------------------



2026-03-25 12:07:01,653 INFO:conformation_container.py:124:find_covalently_coupled_groups:Coupling map:

2026-03-25 12:07:01,653 INFO:conformation_container.py:213:calculate_pka:Calculating pKas for Conformation container 1A with 2656 atoms and 669 groups
2026-03-25 12:07:02,031 INFO:output.py:225:print_pka_section:pKa determinants:

---------  -----   ------   ---------------------    --------------    --------------    --------------
                            DESOLVATION  EFFECTS       SIDECHAIN          BACKBONE        COULOMBIC
 RESIDUE    pKa    BURIED     REGULAR      RE        HYDROGEN BOND     HYDROGEN BOND      INTERACTION
---------  -----   ------   ---------   ---------    --------------    --------------    --------------

ASP  60 A   2.22     0 %    0.58  213   0.00    0   -0.71 ARG  57 A   -0.32 ASP  60 A   -0.38 ARG  57 A
ASP  60 A                                            0.00 XXX   0 X   -0.75 LEU  62 A    0.00 XXX   0 X

ASP  72 A   3.43     0 %    0.28  174   0.00    0   -0.34 ARG  73 A    0.00 XXX   0 X   -0.30 ARG  73 A

ASP  76 A   4.37    25 %    0.55  351   0.03    0    0.00 XXX   0 X    0.00 XXX   0 X   -0.23 ARG 166 A
ASP  76 A                                            0.00 XXX   0 X    0.00 XXX   0 X   -0.00 LYS 194 A
ASP  76 A                                            0.00 XXX   0 X    0.00 XXX   0 X    0.23 ASP 200 A

ASP 108 A   3.99    22 %    0.71  342   0.21    0    0.00 XXX   0 X   -0.61 TRP 109 A   -0.02 N+   35 A
ASP 108 A                                            0.00 XXX   0 X    0.00 XXX   0 X   -0.05 ARG  57 A
ASP 108 A                                            0.00 XXX   0 X    0.00 XXX   0 X   -0.05 LYS  94 A

ASP 114 A   3.93     0 %    0.17  141   0.00    0    0.00 XXX   0 X    0.00 XXX   0 X   -0.10 LYS  71 A
ASP 114 A                                            0.00 XXX   0 X    0.00 XXX   0 X    0.05 ASP  72 A

ASP 128 A   6.03    49 %    1.68  419   0.42    0    0.10 ASP 131 A   -0.00 PHE 130 A   -0.01 LYS 169 A
ASP 128 A                                            0.00 XXX   0 X   -0.82 ASP 131 A    0.02 GLU 135 A
ASP 128 A                                            0.00 XXX   0 X    0.00 XXX   0 X    0.21 ASP 170 A
ASP 128 A                                            0.00 XXX   0 X    0.00 XXX   0 X    0.14 GLU 171 A
ASP 128 A                                            0.00 XXX   0 X    0.00 XXX   0 X    0.49 ASP 131 A

ASP 131 A   4.30     5 %    0.44  294   0.01    0   -0.10 ASP 128 A    0.00 XXX   0 X    0.12 GLU 135 A
ASP 131 A                                            0.00 XXX   0 X    0.00 XXX   0 X    0.04 GLU 171 A

ASP 167 A   4.48*   78 %    2.44  500   0.37    0   -0.40 ASN 172 A   -0.07 THR 204 A   -0.00 LYS  67 A
ASP 167 A                                           -0.80 THR 204 A    0.00 XXX   0 X    0.16 GLU 171 A
ASP 167 A                                            0.00 XXX   0 X    0.00 XXX   0 X    0.45 ASP 186 A
ASP 167 A                                            0.00 XXX   0 X    0.00 XXX   0 X    0.07 ASP 202 A
ASP 167 A                                            0.00 XXX   0 X    0.00 XXX   0 X   -0.76 HIS 165 A
ASP 167 A                                            0.00 XXX   0 X    0.00 XXX   0 X   -0.76 LYS 169 A

ASP 170 A   5.09*   70 %    2.67  478   0.00    0   -0.11 TYR 207 A   -0.05 ASP 170 A   -0.14 LYS 169 A
ASP 170 A                                           -1.26 ASP 234 A   -0.24 GLU 171 A    0.05 ASP 131 A
ASP 170 A                                            0.00 XXX   0 X    0.00 XXX   0 X    0.29 GLU 171 A
ASP 170 A                                            0.00 XXX   0 X    0.00 XXX   0 X    0.09 ASP 239 A

ASP 176 A   3.73    32 %    1.25  371   0.17    0    0.00 XXX   0 X   -0.38 ASN 178 A   -0.17 ARG 179 A
ASP 176 A                                            0.00 XXX   0 X   -0.78 ARG 179 A   -0.14 LYS 183 A
ASP 176 A                                            0.00 XXX   0 X    0.00 XXX   0 X   -0.02 HIS 305 A

ASP 186 A   2.29    87 %    2.20  526   0.00    0   -0.59 LYS  67 A   -0.61 GLY 188 A   -0.16 LYS 169 A
ASP 186 A                                            0.00 XXX   0 X    0.00 XXX   0 X   -1.80 LYS  67 A
ASP 186 A                                            0.00 XXX   0 X    0.00 XXX   0 X   -0.55 HIS 165 A

ASP 195 A   3.16     0 %    0.24  202   0.00    0   -0.49 ARG 221 A    0.00 XXX   0 X   -0.03 HIS 219 A
ASP 195 A                                            0.00 XXX   0 X    0.00 XXX   0 X   -0.36 ARG 221 A

ASP 200 A   3.15    27 %    0.80  357   0.00    0   -0.41 ARG 166 A   -0.26 ASP 200 A   -0.16 LYS 194 A
ASP 200 A                                            0.00 XXX   0 X    0.00 XXX   0 X   -0.61 ARG 166 A

ASP 202 A   4.40    22 %    0.35  342   0.27    0    0.00 XXX   0 X    0.00 XXX   0 X   -0.05 ARG 166 A
ASP 202 A                                            0.00 XXX   0 X    0.00 XXX   0 X    0.02 ASP  76 A
ASP 202 A                                            0.00 XXX   0 X    0.00 XXX   0 X    0.02 ASP 200 A

ASP 234 A   9.65*   86 %    2.84  523   0.43    0    1.26 ASP 170 A    0.00 XXX   0 X   -0.03 ARG 256 A
ASP 234 A                                            0.00 XXX   0 X    0.00 XXX   0 X    0.03 GLU 171 A
ASP 234 A                                            0.00 XXX   0 X    0.00 XXX   0 X    0.25 ASP 239 A
ASP 234 A                                            0.00 XXX   0 X    0.00 XXX   0 X    0.01 GLU 243 A
ASP 234 A                                            0.00 XXX   0 X    0.00 XXX   0 X    1.06 ASP 170 A

ASP 239 A   3.76    24 %    0.64  349   0.21    0    0.00 XXX   0 X   -0.62 ILE 240 A   -0.28 ARG 256 A

ASP 245 A   2.36     0 %    0.53  269   0.00    0   -1.52 ARG 205 A   -0.00 ASP 245 A   -0.01 HIS 216 A
ASP 245 A                                            0.00 XXX   0 X    0.00 XXX   0 X   -0.05 HIS 244 A
ASP 245 A                                            0.00 XXX   0 X    0.00 XXX   0 X   -0.39 ARG 205 A

ASP 277 A   3.34     0 %    0.35  214   0.00    0   -0.42 ARG 274 A    0.00 XXX   0 X   -0.03 ARG 278 A
ASP 277 A                                            0.00 XXX   0 X    0.00 XXX   0 X   -0.36 ARG 274 A

ASP 292 A   3.91     0 %    0.18  187   0.00    0    0.00 XXX   0 X    0.00 XXX   0 X   -0.07 ARG 145 A

GLU  35 A   3.67     0 %    0.16  212   0.00    0   -0.42 ARG 112 A    0.00 XXX   0 X   -0.30 N+   35 A
GLU  35 A                                            0.00 XXX   0 X    0.00 XXX   0 X   -0.02 HIS  68 A
GLU  35 A                                            0.00 XXX   0 X    0.00 XXX   0 X   -0.25 ARG 112 A

GLU  70 A   4.62     0 %    0.25  223   0.00    0    0.00 XXX   0 X    0.00 XXX   0 X   -0.38 ARG  73 A
GLU  70 A                                            0.00 XXX   0 X    0.00 XXX   0 X    0.21 ASP  72 A
GLU  70 A                                            0.00 XXX   0 X    0.00 XXX   0 X    0.04 ASP 114 A

GLU  79 A   4.76     0 %    0.28  153   0.00    0    0.00 XXX   0 X    0.00 XXX   0 X   -0.02 ARG  85 A

GLU  89 A   5.59   100 %    2.82  575   0.14    0   -0.85 LYS  67 A    0.00 XXX   0 X   -2.03 LYS  67 A
GLU  89 A                                            0.00 XXX   0 X    0.00 XXX   0 X    1.01 ASP 186 A

GLU 111 A   3.64     0 %    0.40  273   0.00    0   -0.85 LYS  71 A    0.00 XXX   0 X   -0.02 ARG  85 A
GLU 111 A                                            0.00 XXX   0 X    0.00 XXX   0 X   -0.38 LYS  71 A

GLU 121 A   5.03    57 %    1.70  442   0.43    0   -0.24 LYS 183 A   -0.55 ARG 105 A   -0.16 ARG 105 A
GLU 121 A                                            0.00 XXX   0 X    0.00 XXX   0 X    0.03 ASP 176 A
GLU 121 A                                            0.00 XXX   0 X    0.00 XXX   0 X    0.05 GLU 181 A
GLU 121 A                                            0.00 XXX   0 X    0.00 XXX   0 X   -0.73 LYS 183 A

GLU 124 A   4.57     0 %    0.27  258   0.00    0    0.00 XXX   0 X    0.00 XXX   0 X   -0.23 ARG 122 A
GLU 124 A                                            0.00 XXX   0 X    0.00 XXX   0 X    0.02 ASP 176 A

GLU 135 A   3.92     0 %    0.27  210   0.00    0   -0.80 GLN 127 A    0.00 XXX   0 X   -0.04 ARG 136 A

GLU 141 A   3.36    34 %    1.36  377   0.05    0   -0.81 SER 260 A   -0.82 SER 260 A   -0.16 ARG 145 A
GLU 141 A                                           -0.65 TRP 289 A    0.00 XXX   0 X   -0.10 ARG 258 A

GLU 142 A   3.77     3 %    0.42  291   0.00    0   -0.75 HIS 303 A    0.00 XXX   0 X   -0.10 ARG 145 A
GLU 142 A                                            0.00 XXX   0 X    0.00 XXX   0 X   -0.30 HIS 303 A

GLU 153 A   4.10    28 %    0.79  360   0.05    0   -0.06 ARG 156 A    0.00 XXX   0 X   -0.35 ARG 156 A
GLU 153 A                                           -0.84 GLN 285 A    0.00 XXX   0 X    0.00 XXX   0 X

GLU 171 A   3.98    35 %    0.76  378   0.00    0   -0.70 LYS 169 A    0.00 XXX   0 X    0.01 ASP 186 A
GLU 171 A                                            0.00 XXX   0 X    0.00 XXX   0 X   -0.58 LYS 169 A

GLU 181 A   4.68    30 %    0.78  365   0.09    0   -0.45 SER 101 A    0.00 XXX   0 X   -0.21 ARG 179 A
GLU 181 A                                            0.00 XXX   0 X    0.00 XXX   0 X   -0.27 LYS 183 A
GLU 181 A                                            0.00 XXX   0 X    0.00 XXX   0 X    0.24 ASP 176 A

GLU 211 A   4.39    73 %    3.01  485   0.37    0   -1.67 ARG 278 A   -0.74 GLU 211 A   -0.05 HIS 219 A
GLU 211 A                                            0.00 XXX   0 X    0.00 XXX   0 X   -1.04 ARG 278 A

GLU 243 A   5.11     7 %    0.40  300   0.03    0    0.00 XXX   0 X    0.00 XXX   0 X   -0.05 ARG 256 A
GLU 243 A                                            0.00 XXX   0 X    0.00 XXX   0 X    0.25 ASP 239 A
GLU 243 A                                            0.00 XXX   0 X    0.00 XXX   0 X   -0.10 HIS 244 A
GLU 243 A                                            0.00 XXX   0 X    0.00 XXX   0 X    0.09 GLU 247 A

GLU 246 A   4.10     0 %    0.29  191   0.00    0    0.00 XXX   0 X   -0.80 GLU 246 A   -0.04 ARG 205 A
GLU 246 A                                            0.00 XXX   0 X    0.00 XXX   0 X   -0.14 HIS 244 A
GLU 246 A                                            0.00 XXX   0 X    0.00 XXX   0 X    0.24 ASP 245 A
GLU 246 A                                            0.00 XXX   0 X    0.00 XXX   0 X    0.05 GLU 247 A

GLU 247 A   3.17     0 %    0.46  275   0.00    0   -0.14 HIS 244 A   -0.82 GLU 243 A   -0.01 ARG 250 A
GLU 247 A                                            0.00 XXX   0 X   -0.50 HIS 244 A   -0.04 ARG 256 A
GLU 247 A                                            0.00 XXX   0 X    0.00 XXX   0 X   -0.29 HIS 244 A

GLU 262 A   4.67     0 %    0.35  258   0.00    0    0.00 XXX   0 X    0.00 XXX   0 X   -0.09 ARG 145 A
GLU 262 A                                            0.00 XXX   0 X    0.00 XXX   0 X    0.05 GLU 141 A
GLU 262 A                                            0.00 XXX   0 X    0.00 XXX   0 X   -0.02 HIS 265 A
GLU 262 A                                            0.00 XXX   0 X    0.00 XXX   0 X   -0.13 HIS 287 A
GLU 262 A                                            0.00 XXX   0 X    0.00 XXX   0 X    0.01 ASP 292 A

GLU 282 A   4.66     0 %    0.13  174   0.00    0    0.00 XXX   0 X    0.00 XXX   0 X   -0.04 ARG 156 A
GLU 282 A                                            0.00 XXX   0 X    0.00 XXX   0 X    0.07 GLU 283 A

GLU 283 A   3.94     0 %    0.41  272   0.00    0   -0.16 THR 280 A   -0.82 THR 280 A    0.00 XXX   0 X

GLU 298 A   4.06     0 %    0.36  218   0.00    0    0.00 XXX   0 X   -0.84 LEU 295 A    0.03 GLU 142 A

GLU 301 A   4.71     0 %    0.25  172   0.00    0    0.00 XXX   0 X    0.00 XXX   0 X    0.07 GLU 298 A
GLU 301 A                                            0.00 XXX   0 X    0.00 XXX   0 X   -0.12 HIS 305 A

C-  305 A   3.11     0 %    0.17  189   0.00    0    0.00 XXX   0 X    0.00 XXX   0 X   -0.06 ARG 136 A
C-  305 A                                            0.00 XXX   0 X    0.00 XXX   0 X   -0.20 HIS 305 A

HIS  68 A   5.14    40 %   -1.13  394   0.00    0    0.00 XXX   0 X    0.00 XXX   0 X   -0.01 N+   35 A
HIS  68 A                                            0.00 XXX   0 X    0.00 XXX   0 X   -0.24 ARG 112 A
HIS  68 A                                            0.00 XXX   0 X    0.00 XXX   0 X    0.02 GLU  35 A

HIS 157 A   6.31    28 %   -1.00  361   0.00    0    0.00 XXX   0 X    0.82 VAL  96 A    0.00 XXX   0 X

HIS 159 A   3.92    78 %   -2.34  499   0.00    0    0.00 XXX   0 X    0.00 XXX   0 X   -0.22 ARG 221 A
HIS 159 A                                            0.00 XXX   0 X    0.00 XXX   0 X   -0.03 HIS 165 A

HIS 165 A   5.31*  100 %   -3.20  625   0.00    0    0.00 XXX   0 X    0.81 ILE 185 A   -0.09 LYS  67 A
HIS 165 A                                            0.00 XXX   0 X    0.01 ASP 186 A   -0.03 LYS 169 A
HIS 165 A                                            0.00 XXX   0 X    0.00 XXX   0 X    0.76 ASP 167 A
HIS 165 A                                            0.00 XXX   0 X    0.00 XXX   0 X    0.55 ASP 186 A

HIS 216 A   6.02     0 %   -0.37  238   0.00    0    0.00 XXX   0 X    0.00 XXX   0 X   -0.11 ARG 205 A
HIS 216 A                                            0.00 XXX   0 X    0.00 XXX   0 X    0.01 ASP 245 A

HIS 219 A   5.91    12 %   -0.51  314   0.00    0    0.00 XXX   0 X    0.00 XXX   0 X   -0.03 LYS 194 A
HIS 219 A                                            0.00 XXX   0 X    0.00 XXX   0 X   -0.10 ARG 217 A
HIS 219 A                                            0.00 XXX   0 X    0.00 XXX   0 X   -0.03 ARG 221 A
HIS 219 A                                            0.00 XXX   0 X    0.00 XXX   0 X    0.03 ASP 195 A
HIS 219 A                                            0.00 XXX   0 X    0.00 XXX   0 X    0.05 GLU 211 A

HIS 244 A   6.98     0 %   -0.23  183   0.00    0    0.14 GLU 247 A    0.00 XXX   0 X    0.10 GLU 243 A
HIS 244 A                                            0.00 XXX   0 X    0.00 XXX   0 X    0.05 ASP 245 A
HIS 244 A                                            0.00 XXX   0 X    0.00 XXX   0 X    0.14 GLU 246 A
HIS 244 A                                            0.00 XXX   0 X    0.00 XXX   0 X    0.29 GLU 247 A

HIS 265 A   6.07     8 %   -0.43  304   0.00    0    0.00 XXX   0 X    0.00 XXX   0 X   -0.02 ARG 268 A
HIS 265 A                                            0.00 XXX   0 X    0.00 XXX   0 X    0.02 GLU 262 A

HIS 287 A   5.19    32 %   -1.45  370   0.00    0    0.00 XXX   0 X    0.30 GLU 262 A    0.13 GLU 262 A
HIS 287 A                                            0.00 XXX   0 X    0.00 XXX   0 X   -0.29 HIS 265 A

HIS 303 A   6.43    22 %   -1.00  344   0.00    0    0.75 GLU 142 A    0.00 XXX   0 X   -0.12 ARG 136 A
HIS 303 A                                            0.00 XXX   0 X    0.00 XXX   0 X    0.30 GLU 142 A

HIS 305 A   6.87     0 %   -0.40  230   0.00    0    0.00 XXX   0 X    0.00 LEU 177 A    0.02 ASP 176 A
HIS 305 A                                            0.00 XXX   0 X    0.42 ASN 178 A    0.12 GLU 301 A
HIS 305 A                                            0.00 XXX   0 X    0.00 XXX   0 X    0.20 C-  305 A

CYS 158 A  12.54    93 %    3.41  542   0.00    0    0.00 XXX   0 X   -0.06 CYS 158 A    0.19 CYS 161 A

CYS 161 A   9.83    17 %    0.94  330   0.00    0    0.00 XXX   0 X    0.00 XXX   0 X   -0.11 LYS  95 A

CYS 237 A  10.37    50 %    2.54  420   0.00    0   -0.49 TYR 233 A   -0.36 ARG 256 A   -0.20 ARG 256 A
CYS 237 A                                            0.00 XXX   0 X   -0.22 GLN 257 A   -0.01 ARG 268 A
CYS 237 A                                            0.00 XXX   0 X    0.00 XXX   0 X    0.03 GLU 141 A
CYS 237 A                                            0.00 XXX   0 X    0.00 XXX   0 X    0.06 ASP 234 A
CYS 237 A                                            0.00 XXX   0 X    0.00 XXX   0 X    0.02 ASP 239 A

CYS 263 A  13.20    84 %    3.51  517   0.00    0    0.00 XXX   0 X    0.00 XXX   0 X   -0.12 ARG 145 A
CYS 263 A                                            0.00 XXX   0 X    0.00 XXX   0 X    0.16 CYS 237 A
CYS 263 A                                            0.00 XXX   0 X    0.00 XXX   0 X    0.03 GLU 262 A
CYS 263 A                                            0.00 XXX   0 X    0.00 XXX   0 X    0.06 CYS 270 A
CYS 263 A                                            0.00 XXX   0 X    0.00 XXX   0 X    0.56 GLU 141 A

CYS 270 A  12.47   100 %    3.61  603   0.00    0    0.00 XXX   0 X   -0.04 CYS 270 A   -0.09 ARG 278 A

TYR  38 A  10.75    20 %    1.02  336   0.00    0   -0.36 ARG  57 A    0.00 XXX   0 X   -0.25 ARG  57 A
TYR  38 A                                            0.00 XXX   0 X    0.00 XXX   0 X    0.06 ASP  60 A
TYR  38 A                                            0.00 XXX   0 X    0.00 XXX   0 X    0.29 ASP 108 A

TYR  53 A  10.24     0 %    0.26  241   0.00    0    0.00 XXX   0 X    0.00 XXX   0 X   -0.02 ARG 112 A

TYR 198 A  11.23    43 %    2.06  403   0.00    0    0.00 XXX   0 X   -0.61 LYS 194 A   -0.26 ARG 166 A
TYR 198 A                                            0.00 XXX   0 X    0.00 XXX   0 X    0.05 ASP 195 A
TYR 198 A                                            0.00 XXX   0 X    0.00 XXX   0 X    0.09 ASP 200 A
TYR 198 A                                            0.00 XXX   0 X    0.00 XXX   0 X   -0.10 ARG 221 A

TYR 207 A  15.44    90 %    3.18  533   0.00    0    0.11 ASP 170 A   -0.63 ASP 170 A    0.12 ASP 167 A
TYR 207 A                                            0.00 XXX   0 X    0.00 XXX   0 X    0.20 GLU 171 A
TYR 207 A                                            0.00 XXX   0 X    0.00 XXX   0 X    0.09 ASP 239 A
TYR 207 A                                            0.00 XXX   0 X    0.00 XXX   0 X    0.04 GLU 243 A
TYR 207 A                                            0.00 XXX   0 X    0.00 XXX   0 X    1.10 ASP 170 A
TYR 207 A                                            0.00 XXX   0 X    0.00 XXX   0 X    1.23 ASP 234 A

TYR 215 A   9.15     0 %    0.30  227   0.00    0   -0.77 ARG 214 A    0.00 XXX   0 X    0.01 GLU 211 A
TYR 215 A                                            0.00 XXX   0 X    0.00 XXX   0 X   -0.38 ARG 214 A

TYR 218 A  12.03    62 %    2.86  456   0.00    0   -0.64 ARG 166 A    0.00 XXX   0 X    0.01 ASP  76 A
TYR 218 A                                            0.00 XXX   0 X    0.00 XXX   0 X   -0.83 ARG 166 A
TYR 218 A                                            0.00 XXX   0 X    0.00 XXX   0 X    0.43 ASP 200 A
TYR 218 A                                            0.00 XXX   0 X    0.00 XXX   0 X    0.00 ASP 202 A
TYR 218 A                                            0.00 XXX   0 X    0.00 XXX   0 X    0.20 TYR 198 A

TYR 233 A  11.46    42 %    1.88  399   0.00    0    0.49 CYS 237 A   -0.21 ARG 256 A    0.61 CYS 237 A
TYR 233 A                                           -0.85 ARG 256 A    0.00 XXX   0 X    0.07 ASP 239 A
TYR 233 A                                            0.00 XXX   0 X    0.00 XXX   0 X    0.01 GLU 247 A
TYR 233 A                                            0.00 XXX   0 X    0.00 XXX   0 X   -0.49 ARG 256 A
TYR 233 A                                            0.00 XXX   0 X    0.00 XXX   0 X   -0.04 ARG 268 A

LYS  67 A  12.67   100 %   -3.10  577   0.00    0    0.85 GLU  89 A    0.00 XXX   0 X    0.00 ASP 167 A
LYS  67 A                                            0.59 ASP 186 A    0.00 XXX   0 X    2.03 GLU  89 A
LYS  67 A                                            0.00 XXX   0 X    0.00 XXX   0 X    1.80 ASP 186 A

LYS  71 A  11.23     0 %   -0.59  245   0.00    0    0.85 GLU 111 A    0.00 XXX   0 X   -0.01 ARG  85 A
LYS  71 A                                            0.00 XXX   0 X    0.00 XXX   0 X    0.10 ASP 114 A
LYS  71 A                                            0.00 XXX   0 X    0.00 XXX   0 X    0.38 GLU 111 A

LYS  94 A  10.14    13 %   -0.41  318   0.00    0    0.00 XXX   0 X    0.00 XXX   0 X    0.05 ASP 108 A

LYS  95 A  10.26     5 %   -0.35  294   0.00    0    0.00 XXX   0 X    0.00 XXX   0 X    0.11 CYS 161 A

LYS 169 A  11.41    50 %   -1.45  420   0.00    0    0.70 GLU 171 A    0.00 XXX   0 X    0.01 ASP 128 A
LYS 169 A                                            0.00 XXX   0 X    0.00 XXX   0 X    0.14 ASP 170 A
LYS 169 A                                            0.00 XXX   0 X    0.00 XXX   0 X    0.16 ASP 186 A
LYS 169 A                                            0.00 XXX   0 X    0.00 XXX   0 X    0.76 ASP 167 A
LYS 169 A                                            0.00 XXX   0 X    0.00 XXX   0 X    0.58 GLU 171 A

LYS 183 A   9.84    60 %   -2.00  449   0.00    0    0.24 GLU 121 A    0.00 XXX   0 X   -0.03 ARG 105 A
LYS 183 A                                            0.00 XXX   0 X    0.00 XXX   0 X    0.14 ASP 176 A
LYS 183 A                                            0.00 XXX   0 X    0.00 XXX   0 X   -0.02 ARG 179 A
LYS 183 A                                            0.00 XXX   0 X    0.00 XXX   0 X    0.27 GLU 181 A
LYS 183 A                                            0.00 XXX   0 X    0.00 XXX   0 X    0.73 GLU 121 A

LYS 194 A  10.16     0 %   -0.42  271   0.00    0    0.00 XXX   0 X    0.00 XXX   0 X    0.00 ASP  76 A
LYS 194 A                                            0.00 XXX   0 X    0.00 XXX   0 X   -0.08 ARG 166 A
LYS 194 A                                            0.00 XXX   0 X    0.00 XXX   0 X    0.16 ASP 200 A

ARG  57 A  13.88     0 %   -0.37  268   0.00    0    0.36 TYR  38 A    0.00 XXX   0 X    0.25 TYR  38 A
ARG  57 A                                            0.71 ASP  60 A    0.00 XXX   0 X    0.05 ASP 108 A
ARG  57 A                                            0.00 XXX   0 X    0.00 XXX   0 X    0.38 ASP  60 A

ARG  73 A  13.33     0 %   -0.19  165   0.00    0    0.34 ASP  72 A    0.00 XXX   0 X    0.38 GLU  70 A
ARG  73 A                                            0.00 XXX   0 X    0.00 XXX   0 X    0.30 ASP  72 A

ARG  85 A  12.22     0 %   -0.32  212   0.00    0    0.00 XXX   0 X    0.00 XXX   0 X    0.02 GLU  79 A
ARG  85 A                                            0.00 XXX   0 X    0.00 XXX   0 X    0.02 GLU 111 A

ARG 105 A  12.31     2 %   -0.35  286   0.00    0    0.00 XXX   0 X    0.00 XXX   0 X    0.16 GLU 121 A

ARG 112 A  12.92     0 %   -0.27  273   0.00    0    0.42 GLU  35 A    0.00 XXX   0 X    0.02 TYR  53 A
ARG 112 A                                            0.00 XXX   0 X    0.00 XXX   0 X    0.25 GLU  35 A

ARG 122 A  11.85    21 %   -0.88  341   0.00    0    0.00 XXX   0 X    0.00 XXX   0 X    0.23 GLU 124 A

ARG 136 A  11.92    19 %   -0.67  335   0.00    0    0.00 XXX   0 X    0.00 XXX   0 X    0.04 GLU 135 A
ARG 136 A                                            0.00 XXX   0 X    0.00 XXX   0 X    0.06 C-  305 A

ARG 145 A  11.89    38 %   -1.14  387   0.00    0    0.00 XXX   0 X    0.00 XXX   0 X    0.16 GLU 141 A
ARG 145 A                                            0.00 XXX   0 X    0.00 XXX   0 X    0.10 GLU 142 A
ARG 145 A                                            0.00 XXX   0 X    0.00 XXX   0 X    0.09 GLU 262 A
ARG 145 A                                            0.00 XXX   0 X    0.00 XXX   0 X    0.12 CYS 263 A
ARG 145 A                                            0.00 XXX   0 X    0.00 XXX   0 X    0.07 ASP 292 A

ARG 156 A  12.57     8 %   -0.37  303   0.00    0    0.06 GLU 153 A    0.00 XXX   0 X    0.35 GLU 153 A
ARG 156 A                                            0.00 XXX   0 X    0.00 XXX   0 X    0.04 GLU 282 A

ARG 166 A  13.53    70 %   -2.01  477   0.00    0    0.64 TYR 218 A    0.00 XXX   0 X    0.23 ASP  76 A
ARG 166 A                                            0.41 ASP 200 A    0.00 XXX   0 X    0.26 TYR 198 A
ARG 166 A                                            0.00 XXX   0 X    0.00 XXX   0 X    0.05 ASP 202 A
ARG 166 A                                            0.00 XXX   0 X    0.00 XXX   0 X    0.83 TYR 218 A
ARG 166 A                                            0.00 XXX   0 X    0.00 XXX   0 X    0.61 ASP 200 A

ARG 179 A  12.75     0 %   -0.13  236   0.00    0    0.00 XXX   0 X    0.00 XXX   0 X    0.17 ASP 176 A
ARG 179 A                                            0.00 XXX   0 X    0.00 XXX   0 X    0.21 GLU 181 A

ARG 205 A  13.93     7 %   -0.52  302   0.00    0    1.52 ASP 245 A    0.00 XXX   0 X    0.04 GLU 246 A
ARG 205 A                                            0.00 XXX   0 X    0.00 XXX   0 X    0.39 ASP 245 A

ARG 214 A  13.40     0 %   -0.25  217   0.00    0    0.77 TYR 215 A    0.00 XXX   0 X    0.38 TYR 215 A

ARG 217 A  12.25     0 %   -0.25  209   0.00    0    0.00 XXX   0 X    0.00 XXX   0 X    0.00 XXX   0 X

ARG 221 A  12.93    11 %   -0.51  312   0.00    0    0.49 ASP 195 A    0.00 XXX   0 X    0.10 TYR 198 A
ARG 221 A                                            0.00 XXX   0 X    0.00 XXX   0 X    0.36 ASP 195 A

ARG 250 A  12.33     0 %   -0.17  175   0.00    0    0.00 XXX   0 X    0.00 XXX   0 X    0.01 GLU 247 A

ARG 256 A  13.82    16 %   -0.62  327   0.00    0    0.85 TYR 233 A    0.00 XXX   0 X    0.49 TYR 233 A
ARG 256 A                                            0.00 XXX   0 X    0.00 XXX   0 X    0.03 ASP 234 A
ARG 256 A                                            0.00 XXX   0 X    0.00 XXX   0 X    0.20 CYS 237 A
ARG 256 A                                            0.00 XXX   0 X    0.00 XXX   0 X    0.28 ASP 239 A
ARG 256 A                                            0.00 XXX   0 X    0.00 XXX   0 X    0.05 GLU 243 A
ARG 256 A                                            0.00 XXX   0 X    0.00 XXX   0 X    0.04 GLU 247 A

ARG 258 A  12.45     0 %   -0.15  191   0.00    0    0.00 XXX   0 X    0.00 XXX   0 X    0.10 GLU 141 A

ARG 268 A  11.81    19 %   -0.74  334   0.00    0    0.00 XXX   0 X    0.00 XXX   0 X    0.04 TYR 233 A
ARG 268 A                                            0.00 XXX   0 X    0.00 XXX   0 X    0.01 CYS 237 A

ARG 274 A  13.10     0 %   -0.19  174   0.00    0    0.42 ASP 277 A    0.00 XXX   0 X    0.36 ASP 277 A

ARG 278 A  12.15    82 %   -3.17  511   0.00    0    1.67 GLU 211 A    0.00 XXX   0 X    0.09 CYS 270 A
ARG 278 A                                            0.00 XXX   0 X    0.00 XXX   0 X    0.03 ASP 277 A
ARG 278 A                                            0.00 XXX   0 X    0.00 XXX   0 X    1.04 GLU 211 A

N+   35 A   7.72     1 %   -0.50  284   0.00    0    0.00 XXX   0 X    0.00 XXX   0 X    0.30 GLU  35 A
N+   35 A                                            0.00 XXX   0 X    0.00 XXX   0 X    0.02 ASP 108 A
N+   35 A                                            0.00 XXX   0 X    0.00 XXX   0 X   -0.09 ARG 112 A

Coupled residues (marked *) were detected.Please rerun PropKa with the --display-coupled-residues 
or -d option for detailed information.

2026-03-25 12:07:02,032 INFO:output.py:227:print_pka_section:pKa summary:
--------------------------------------------------------------------------------------------------------
SUMMARY OF THIS PREDICTION
       Group      pKa  model-pKa   ligand atom-type
   ASP  60 A     2.22       3.80                      
   ASP  72 A     3.43       3.80                      
   ASP  76 A     4.37       3.80                      
   ASP 108 A     3.99       3.80                      
   ASP 114 A     3.93       3.80                      
   ASP 128 A     6.03       3.80                      
   ASP 131 A     4.30       3.80                      
   ASP 167 A     4.48       3.80                      
   ASP 170 A     5.09       3.80                      
   ASP 176 A     3.73       3.80                      
   ASP 186 A     2.29       3.80                      
   ASP 195 A     3.16       3.80                      
   ASP 200 A     3.15       3.80                      
   ASP 202 A     4.40       3.80                      
   ASP 234 A     9.65       3.80                      
   ASP 239 A     3.76       3.80                      
   ASP 245 A     2.36       3.80                      
   ASP 277 A     3.34       3.80                      
   ASP 292 A     3.91       3.80                      
   GLU  35 A     3.67       4.50                      
   GLU  70 A     4.62       4.50                      
   GLU  79 A     4.76       4.50                      
   GLU  89 A     5.59       4.50                      
   GLU 111 A     3.64       4.50                      
   GLU 121 A     5.03       4.50                      
   GLU 124 A     4.57       4.50                      
   GLU 135 A     3.92       4.50                      
   GLU 141 A     3.36       4.50                      
   GLU 142 A     3.77       4.50                      
   GLU 153 A     4.10       4.50                      
   GLU 171 A     3.98       4.50                      
   GLU 181 A     4.68       4.50                      
   GLU 211 A     4.39       4.50                      
   GLU 243 A     5.11       4.50                      
   GLU 246 A     4.10       4.50                      
   GLU 247 A     3.17       4.50                      
   GLU 262 A     4.67       4.50                      
   GLU 282 A     4.66       4.50                      
   GLU 283 A     3.94       4.50                      
   GLU 298 A     4.06       4.50                      
   GLU 301 A     4.71       4.50                      
   C-  305 A     3.11       3.20                      
   HIS  68 A     5.14       6.50                      
   HIS 157 A     6.31       6.50                      
   HIS 159 A     3.92       6.50                      
   HIS 165 A     5.31       6.50                      
   HIS 216 A     6.02       6.50                      
   HIS 219 A     5.91       6.50                      
   HIS 244 A     6.98       6.50                      
   HIS 265 A     6.07       6.50                      
   HIS 287 A     5.19       6.50                      
   HIS 303 A     6.43       6.50                      
   HIS 305 A     6.87       6.50                      
   CYS 158 A    12.54       9.00                      
   CYS 161 A     9.83       9.00                      
   CYS 237 A    10.37       9.00                      
   CYS 263 A    13.20       9.00                      
   CYS 270 A    12.47       9.00                      
   TYR  38 A    10.75      10.00                      
   TYR  53 A    10.24      10.00                      
   TYR 198 A    11.23      10.00                      
   TYR 207 A    15.44      10.00                      
   TYR 215 A     9.15      10.00                      
   TYR 218 A    12.03      10.00                      
   TYR 233 A    11.46      10.00                      
   LYS  67 A    12.67      10.50                      
   LYS  71 A    11.23      10.50                      
   LYS  94 A    10.14      10.50                      
   LYS  95 A    10.26      10.50                      
   LYS 169 A    11.41      10.50                      
   LYS 183 A     9.84      10.50                      
   LYS 194 A    10.16      10.50                      
   ARG  57 A    13.88      12.50                      
   ARG  73 A    13.33      12.50                      
   ARG  85 A    12.22      12.50                      
   ARG 105 A    12.31      12.50                      
   ARG 112 A    12.92      12.50                      
   ARG 122 A    11.85      12.50                      
   ARG 136 A    11.92      12.50                      
   ARG 145 A    11.89      12.50                      
   ARG 156 A    12.57      12.50                      
   ARG 166 A    13.53      12.50                      
   ARG 179 A    12.75      12.50                      
   ARG 205 A    13.93      12.50                      
   ARG 214 A    13.40      12.50                      
   ARG 217 A    12.25      12.50                      
   ARG 221 A    12.93      12.50                      
   ARG 250 A    12.33      12.50                      
   ARG 256 A    13.82      12.50                      
   ARG 258 A    12.45      12.50                      
   ARG 268 A    11.81      12.50                      
   ARG 274 A    13.10      12.50                      
   ARG 278 A    12.15      12.50                      
   N+   35 A     7.72       8.00                      

2026-03-25 12:07:02,050 INFO:main.py:636:non_trivial:PROPKA information:
--------------------------------------------------------------------------------------------------------
Free energy of   folding (kcal/mol) as a function of pH (using neutral reference)
  0.00     27.99
  1.00     27.90
  2.00     27.14
  3.00     23.89
  4.00     19.02
  5.00     17.89
  6.00     17.14
  7.00     16.01
  8.00     16.94
  9.00     19.66
 10.00     25.70
 11.00     34.92
 12.00     43.46
 13.00     50.88
 14.00     57.08

The pH of optimum stability is  6.9 for which the free energy is   16.0 kcal/mol at 298K
Could not determine pH values where the free energy is within 80 % of minimum
Could not determine the pH-range where the free energy is negative


Protein charge of folded and unfolded state as a function of pH
    pH  unfolded  folded
  0.00     40.00   39.98
  0.10     39.99   39.97
  0.20     39.99   39.97
  0.30     39.99   39.96
  0.40     39.99   39.95
  0.50     39.99   39.93
  0.60     39.98   39.91
  0.70     39.98   39.89
  0.80     39.97   39.86
  0.90     39.97   39.83
  1.00     39.96   39.79
  1.10     39.95   39.73
  1.20     39.93   39.67
  1.30     39.91   39.59
  1.40     39.89   39.49
  1.50     39.86   39.37
  1.60     39.83   39.23
  1.70     39.78   39.06
  1.80     39.73   38.86
  1.90     39.66   38.63
  2.00     39.57   38.35
  2.10     39.47   38.04
  2.20     39.33   37.68
  2.30     39.17   37.28
  2.40     38.96   36.83
  2.50     38.71   36.32
  2.60     38.40   35.75
  2.70     38.02   35.12
  2.80     37.56   34.42
  2.90     37.00   33.65
  3.00     36.34   32.79
  3.10     35.55   31.84
  3.20     34.63   30.80
  3.30     33.57   29.67
  3.40     32.35   28.45
  3.50     30.98   27.14
  3.60     29.46   25.75
  3.70     27.80   24.28
  3.80     26.02   22.76
  3.90     24.13   21.18
  4.00     22.17   19.57
  4.10     20.15   17.93
  4.20     18.10   16.29
  4.30     16.06   14.66
  4.40     14.05   13.04
  4.50     12.10   11.45
  4.60     10.24    9.91
  4.70      8.49    8.42
  4.80      6.88    6.98
  4.90      5.41    5.61
  5.00      4.09    4.30
  5.10      2.91    3.07
  5.20      1.87    1.91
  5.30      0.94    0.81
  5.40      0.12   -0.21
  5.50     -0.63   -1.18
  5.60     -1.32   -2.08
  5.70     -1.97   -2.94
  5.80     -2.60   -3.74
  5.90     -3.23   -4.50
  6.00     -3.86   -5.22
  6.10     -4.52   -5.89
  6.20     -5.19   -6.53
  6.30     -5.88   -7.14
  6.40     -6.59   -7.70
  6.50     -7.29   -8.23
  6.60     -7.99   -8.72
  6.70     -8.66   -9.17
  6.80     -9.30   -9.59
  6.90     -9.89   -9.97
  7.00    -10.43  -10.33
  7.10    -10.91  -10.65
  7.20    -11.35  -10.95
  7.30    -11.74  -11.21
  7.40    -12.08  -11.46
  7.50    -12.40  -11.68
  7.60    -12.68  -11.88
  7.70    -12.95  -12.07
  7.80    -13.20  -12.24
  7.90    -13.45  -12.40
  8.00    -13.70  -12.55
  8.10    -13.96  -12.68
  8.20    -14.22  -12.82
  8.30    -14.50  -12.95
  8.40    -14.81  -13.08
  8.50    -15.14  -13.22
  8.60    -15.49  -13.36
  8.70    -15.88  -13.52
  8.80    -16.30  -13.69
  8.90    -16.75  -13.88
  9.00    -17.23  -14.10
  9.10    -17.74  -14.35
  9.20    -18.29  -14.62
  9.30    -18.86  -14.93
  9.40    -19.46  -15.27
  9.50    -20.10  -15.65
  9.60    -20.77  -16.06
  9.70    -21.47  -16.51
  9.80    -22.21  -16.99
  9.90    -22.98  -17.50
 10.00    -23.78  -18.04
 10.10    -24.60  -18.60
 10.20    -25.43  -19.17
 10.30    -26.26  -19.76
 10.40    -27.07  -20.35
 10.50    -27.87  -20.95
 10.60    -28.63  -21.55
 10.70    -29.35  -22.15
 10.80    -30.04  -22.77
 10.90    -30.67  -23.40
 11.00    -31.27  -24.04
 11.10    -31.84  -24.71
 11.20    -32.39  -25.41
 11.30    -32.93  -26.15
 11.40    -33.47  -26.92
 11.50    -34.04  -27.74
 11.60    -34.65  -28.60
 11.70    -35.31  -29.50
 11.80    -36.04  -30.46
 11.90    -36.85  -31.45
 12.00    -37.76  -32.48
 12.10    -38.75  -33.55
 12.20    -39.83  -34.64
 12.30    -40.98  -35.75
 12.40    -42.18  -36.86
 12.50    -43.41  -37.98
 12.60    -44.63  -39.08
 12.70    -45.82  -40.16
 12.80    -46.94  -41.21
 12.90    -47.98  -42.23
 13.00    -48.93  -43.21
 13.10    -49.76  -44.15
 13.20    -50.49  -45.04
 13.30    -51.11  -45.88
 13.40    -51.64  -46.68
 13.50    -52.08  -47.42
 13.60    -52.45  -48.11
 13.70    -52.75  -48.75
 13.80    -52.99  -49.34
 13.90    -53.19  -49.87
 14.00    -53.35  -50.35
The pI is  5.38 (folded) and  5.42 (unfolded)

--------------------------------------------------------------------------------------------------------
2026-03-25 12:07:02,050 INFO:biomolecule.py:794:apply_pka_values:Applying pKa values at a pH of 7.40:
2026-03-25 12:07:02,051 INFO:main.py:649:non_trivial:Adding hydrogens to biomolecule.
2026-03-25 12:07:02,243 INFO:main.py:652:non_trivial:Debumping biomolecule (again).
2026-03-25 12:07:02,490 INFO:main.py:654:non_trivial:Optimizing hydrogen bonds
2026-03-25 12:07:02,923 INFO:main.py:666:non_trivial:Applying force field to biomolecule states.
2026-03-25 12:07:02,926 INFO:main.py:713:non_trivial:Regenerating headers.
2026-03-25 12:07:02,927 INFO:main.py:738:non_trivial:Regenerating PDB lines.
2026-03-25 12:07:02,947 WARNING:main.py:311:print_pqr:Ignoring 467 header lines in output.
