=== COMMAND ===
/home/grheco/.local/bin/chimera --nogui chimera_contacts.py

=== STDOUT ===
Compiling chimera_contacts.py...
Compiling chimera_contacts.py succeeded
Executing chimera_contacts.py...
Opening tmp_param.pdb...
The following problems occurred while reading PDB file for tmp_param.pdb
warning:  duplicate atom serial number found: 2754
warning:  duplicate atom serial number found: 2755
warning:  duplicate atom serial number found: 2756
warning:  duplicate atom serial number found: 2757
warning:  duplicate atom serial number found: 2758
warning:  duplicate atom serial number found: 2759
warning:  duplicate atom serial number found: 2760
warning:  duplicate atom serial number found: 2761
warning:  duplicate atom serial number found: 2762
warning:  duplicate atom serial number found: 2763
Suppressed 345 warnings about duplicate atom serial numbers

Model 0 (tmp_param.pdb) appears to be a protein without secondary structure assignments.
Automatically computing assignments using 'ksdssp' and parameter values:
  energy cutoff -0.5
  minimum helix length 3
  minimum strand length 3
Use command 'help ksdssp' for more information.

Computing secondary structure assignments...
Computed secondary structure assignments (see reply log)
tmp_param.pdb opened
Opening metal_only.pdb...
metal_only.pdb opened
14 contacts
14 contacts



=== STDERR ===


=== RETURN CODE ===
0
