2026-03-25 12:05:58,737 INFO:main.py:240:print_splash_screen:PDB2PQR v3.6.1: biomolecular structure conversion software.
2026-03-25 12:05:58,738 INFO:main.py:242:print_splash_screen:Please cite:  Jurrus E, et al.  Improvements to the APBS biomolecular solvation software suite.  Protein Sci 27 112-128 (2018).
2026-03-25 12:05:58,738 INFO:main.py:242:print_splash_screen:Please cite:  Dolinsky TJ, et al.  PDB2PQR: expanding and upgrading automated preparation of biomolecular structures for molecular simulations. Nucleic Acids Res 35 W522-W525 (2007).
2026-03-25 12:05:58,738 INFO:main.py:759:main_driver:Checking and transforming input arguments.
2026-03-25 12:05:58,738 INFO:main.py:763:main_driver:Loading topology files.
2026-03-25 12:05:58,790 INFO:main.py:765:main_driver:Loading molecule: /home/grheco/repositorios/stack_protein_prep/data/proteins/1A5H/components/1A5H_protein.pdb
2026-03-25 12:05:58,805 INFO:main.py:770:main_driver:Setting up molecule.
2026-03-25 12:05:58,839 INFO:main.py:408:setup_molecule:Created biomolecule object with 504 residues and 4844 atoms.
2026-03-25 12:05:58,840 INFO:main.py:774:main_driver:Setting termini states for biomolecule chains.
2026-03-25 12:05:58,850 INFO:main.py:604:non_trivial:Loading forcefield.
2026-03-25 12:05:58,858 INFO:main.py:608:non_trivial:Loading hydrogen topology definitions.
2026-03-25 12:05:58,862 INFO:main.py:459:is_repairable:This biomolecule is clean.  No repair needed.
2026-03-25 12:05:58,862 INFO:main.py:623:non_trivial:Updating disulfide bridges.
2026-03-25 12:05:58,867 INFO:main.py:626:non_trivial:Debumping biomolecule.
2026-03-25 12:05:58,981 INFO:main.py:633:non_trivial:Assigning titration states with PROPKA.
2026-03-25 12:05:59,008 INFO:output.py:74:print_header:
propka3.5.1                                                                                  2026-03-25

-------------------------------------------------------------------------------
--                                                                           --
--  PROPKA: A PROTEIN PKA PREDICTOR                                          --
--                                                                           --
--  VERSION 1.0,  04/25/2004,  IOWA CITY                                     --
--  BY HUI LI                                                                --
--                                                                           --
--  VERSION 2.0,  11/05/2007, IOWA CITY/COPENHAGEN                           --
--  BY DELPHINE C. BAS AND DAVID M. ROGERS                                   --
--                                                                           --
--  VERSION 3.0,  01/06/2011, COPENHAGEN                                     --
--  BY MATS H.M. OLSSON AND CHRESTEN R. SONDERGARD                           --
--                                                                           --
--  VERSION 3.1,  07/01/2011, COPENHAGEN                                     --
--  BY CHRESTEN R. SONDERGARD AND MATS H.M. OLSSON                           --
--                                                                           --
--  VERSION 3.2,  06/17/2020, PLANET EARTH                                   --
--  SEE ABOVE FOR AUTHORS                                                    --
--                                                                           --
-------------------------------------------------------------------------------


-------------------------------------------------------------------------------
References:

Very Fast Empirical Prediction and Rationalization of Protein pKa Values.
Hui Li, Andrew D. Robertson and Jan H. Jensen. PROTEINS: Structure, Function,
and Bioinformatics. 61:704-721 (2005)

Very Fast Prediction and Rationalization of pKa Values for Protein-Ligand
Complexes.  Delphine C. Bas, David M. Rogers and Jan H. Jensen.  PROTEINS:
Structure, Function, and Bioinformatics 73:765-783 (2008)

PROPKA3: Consistent Treatment of Internal and Surface Residues in Empirical
pKa predictions.  Mats H.M. Olsson, Chresten R. Sondergard, Michal Rostkowski,
and Jan H. Jensen.  Journal of Chemical Theory and Computation, 7(2):525-537
(2011)

Improved Treatment of Ligands and Coupling Effects in Empirical Calculation
and Rationalization of pKa Values.  Chresten R. Sondergaard, Mats H.M. Olsson,
Michal Rostkowski, and Jan H. Jensen.  Journal of Chemical Theory and
Computation, (2011)
-------------------------------------------------------------------------------



2026-03-25 12:05:59,161 INFO:conformation_container.py:124:find_covalently_coupled_groups:Coupling map:

2026-03-25 12:05:59,161 INFO:conformation_container.py:213:calculate_pka:Calculating pKas for Conformation container 1A with 4742 atoms and 1258 groups
2026-03-25 12:06:00,242 INFO:output.py:225:print_pka_section:pKa determinants:

---------  -----   ------   ---------------------    --------------    --------------    --------------
                            DESOLVATION  EFFECTS       SIDECHAIN          BACKBONE        COULOMBIC
 RESIDUE    pKa    BURIED     REGULAR      RE        HYDROGEN BOND     HYDROGEN BOND      INTERACTION
---------  -----   ------   ---------   ---------    --------------    --------------    --------------

ASP  23 A   3.55     4 %    0.39  293   0.00    0   -0.23 THR  80 A    0.00 XXX   0 X   -0.31 ARG 167 A
ASP  23 A                                           -0.10 ARG 167 A    0.00 XXX   0 X    0.00 XXX   0 X

ASP 104 A   2.31     0 %    0.44  271   0.00    0   -0.57 THR 107 A   -0.48 ASP 106 A   -0.03 ARG  38 B
ASP 104 A                                            0.00 XXX   0 X   -0.84 THR 107 A    0.00 XXX   0 X

ASP 105 A   4.48    13 %    0.60  318   0.04    0    0.00 XXX   0 X   -0.05 ASP 105 A   -0.03 ARG  67 A
ASP 105 A                                            0.00 XXX   0 X    0.00 XXX   0 X   -0.16 ARG  38 B
ASP 105 A                                            0.00 XXX   0 X    0.00 XXX   0 X   -0.02 HIS  62 A
ASP 105 A                                            0.00 XXX   0 X    0.00 XXX   0 X    0.15 ASP 104 A
ASP 105 A                                            0.00 XXX   0 X    0.00 XXX   0 X    0.10 ASP 106 A
ASP 105 A                                            0.00 XXX   0 X    0.00 XXX   0 X    0.03 ASP 111 A

ASP 106 A   4.27     0 %    0.19  216   0.00    0    0.00 XXX   0 X    0.00 XXX   0 X    0.28 ASP 104 A

ASP 109 A   3.94    28 %    1.06  361   0.07    0   -0.02 ASN 110 A    0.00 XXX   0 X   -0.10 HIS 100 A
ASP 109 A                                           -0.77 THR 192 A    0.00 XXX   0 X    0.09 ASP 104 A
ASP 109 A                                           -0.21 ASN 194 A    0.00 XXX   0 X    0.02 ASP 193 A

ASP 111 A   3.80   100 %    4.32  562   0.81    0   -0.73 SER 237 A   -0.01 ALA  61 A   -1.97 HIS  62 A
ASP 111 A                                           -1.60 HIS  62 A   -0.82 HIS  62 A    0.00 XXX   0 X

ASP 120 A   3.62     0 %    0.19  151   0.00    0   -0.03 SER 119 A   -0.34 ASP 120 A    0.00 XXX   0 X

ASP 140 A   3.83     0 %    0.21  171   0.00    0    0.00 XXX   0 X   -0.18 ASP 140 A    0.00 XXX   0 X

ASP 145 A   4.12     0 %    0.33  228   0.00    0    0.00 XXX   0 X   -0.01 ASP 145 A   -0.00 ARG 180 A

ASP 193 A   3.74     0 %    0.15  232   0.00    0    0.00 XXX   0 X    0.00 XXX   0 X   -0.22 LYS 254 A

ASP 200 A   2.77    28 %    1.54  360   0.20    0   -0.33 ARG 202 A   -0.16 THR 201 A   -0.04 ARG 174 A
ASP 200 A                                            0.00 XXX   0 X   -0.57 ARG 202 A   -0.02 HIS 172 A
ASP 200 A                                            0.00 XXX   0 X   -0.82 HIS 211 A   -0.38 HIS 211 A
ASP 200 A                                            0.00 XXX   0 X    0.00 XXX   0 X   -0.46 ARG 202 A

ASP 212 A   6.58    96 %    2.39  551   1.64    0    0.00 XXX   0 X   -0.49 ALA 213 A   -0.16 N+   16 A
ASP 212 A                                            0.00 XXX   0 X   -0.82 GLY 244 A   -0.03 LYS  17 A
ASP 212 A                                            0.00 XXX   0 X    0.00 XXX   0 X    0.05 ASP 200 A
ASP 212 A                                            0.00 XXX   0 X    0.00 XXX   0 X    0.20 ASP 217 A

ASP 217 A   4.70   100 %    3.81  627   1.37    0   -0.75 N+   16 A   -0.57 GLY 155 A   -0.18 LYS 169 A
ASP 217 A                                            0.00 XXX   0 X   -0.63 CYS 214 A   -0.11 HIS 157 A
ASP 217 A                                            0.00 XXX   0 X    0.00 XXX   0 X   -2.03 N+   16 A

ASP 227 A   3.96     0 %    0.14  151   0.00    0    0.00 XXX   0 X    0.00 XXX   0 X    0.02 ASP 140 A

ASP 247 A   3.02     0 %    0.33  247   0.00    0   -0.73 LYS 246 A    0.00 XXX   0 X   -0.01 ARG 180 A
ASP 247 A                                            0.00 XXX   0 X    0.00 XXX   0 X   -0.38 LYS 246 A

ASP 260 A   3.46     6 %    0.52  299   0.07    0    0.00 XXX   0 X   -0.55 ASP 260 A   -0.02 ARG 263 A
ASP 260 A                                            0.00 XXX   0 X   -0.32 TRP 261 A   -0.05 HIS 100 A

ASP 264 A   4.03     0 %    0.28  210   0.00    0    0.00 XXX   0 X    0.00 XXX   0 X   -0.01 ARG 263 A
ASP 264 A                                            0.00 XXX   0 X    0.00 XXX   0 X   -0.15 ARG 267 A
ASP 264 A                                            0.00 XXX   0 X    0.00 XXX   0 X    0.11 ASP 260 A

GLU  43 A   4.66    19 %    0.57  335   0.00    0   -0.07 THR  74 A    0.00 XXX   0 X   -0.13 LYS  36 A
GLU  43 A                                            0.00 XXX   0 X    0.00 XXX   0 X   -0.01 ARG  79 A
GLU  43 A                                            0.00 XXX   0 X    0.00 XXX   0 X   -0.20 LYS  91 A
GLU  43 A                                            0.00 XXX   0 X    0.00 XXX   0 X   -0.04 HIS  72 A
GLU  43 A                                            0.00 XXX   0 X    0.00 XXX   0 X    0.05 GLU  93 A

GLU  66 A   4.59    14 %    0.50  321   0.05    0    0.00 XXX   0 X    0.00 XXX   0 X   -0.06 ARG  38 A
GLU  66 A                                            0.00 XXX   0 X    0.00 XXX   0 X   -0.29 ARG  44 A
GLU  66 A                                            0.00 XXX   0 X    0.00 XXX   0 X   -0.01 ARG  67 B
GLU  66 A                                            0.00 XXX   0 X    0.00 XXX   0 X   -0.08 HIS  37 A

GLU  87 A   4.75     0 %    0.09  156   0.00    0    0.00 XXX   0 X    0.00 XXX   0 X    0.04 ASP  23 A
GLU  87 A                                            0.00 XXX   0 X    0.00 XXX   0 X    0.12 GLU  88 A

GLU  88 A   4.52     0 %    0.20  199   0.00    0   -0.18 SER 129 A    0.00 XXX   0 X    0.00 XXX   0 X

GLU  89 A   3.57    32 %    1.41  372   0.28    0   -1.16 ARG  79 A   -0.82 GLY  86 A   -0.12 LYS  91 A
GLU  89 A                                            0.00 XXX   0 X    0.00 XXX   0 X   -0.53 ARG  79 A

GLU  93 A   4.21     2 %    0.42  288   0.03    0   -0.15 LYS 118 A    0.00 XXX   0 X   -0.04 LYS  36 A
GLU  93 A                                            0.00 XXX   0 X    0.00 XXX   0 X   -0.01 LYS  91 A
GLU  93 A                                            0.00 XXX   0 X    0.00 XXX   0 X   -0.31 LYS 118 A
GLU  93 A                                            0.00 XXX   0 X    0.00 XXX   0 X   -0.18 HIS  71 A
GLU  93 A                                            0.00 XXX   0 X    0.00 XXX   0 X   -0.06 HIS  72 A

GLU  95 A   4.84     0 %    0.32  266   0.00    0    0.00 XXX   0 X    0.00 XXX   0 X   -0.06 LYS  96 A
GLU  95 A                                            0.00 XXX   0 X    0.00 XXX   0 X   -0.10 LYS 118 A
GLU  95 A                                            0.00 XXX   0 X    0.00 XXX   0 X    0.18 C-  268 A

GLU 102 A   4.54     0 %    0.17  228   0.00    0    0.00 XXX   0 X    0.00 XXX   0 X   -0.01 LYS 101 A
GLU 102 A                                            0.00 XXX   0 X    0.00 XXX   0 X   -0.00 ARG  38 B
GLU 102 A                                            0.00 XXX   0 X    0.00 XXX   0 X   -0.08 ARG  39 B
GLU 102 A                                            0.00 XXX   0 X    0.00 XXX   0 X   -0.11 HIS 100 A
GLU 102 A                                            0.00 XXX   0 X    0.00 XXX   0 X    0.02 ASP 104 A
GLU 102 A                                            0.00 XXX   0 X    0.00 XXX   0 X    0.05 ASP 109 A

GLU 127 A   3.77     0 %    0.24  227   0.00    0   -0.59 ARG 132 A    0.00 XXX   0 X   -0.01 ARG 229 A
GLU 127 A                                            0.00 XXX   0 X    0.00 XXX   0 X   -0.37 ARG 132 A

GLU 148 A   4.32    19 %    0.60  334   0.05    0    0.00 XXX   0 X    0.00 XXX   0 X   -0.31 ARG 174 A
GLU 148 A                                            0.00 XXX   0 X    0.00 XXX   0 X   -0.19 ARG 202 A
GLU 148 A                                            0.00 XXX   0 X    0.00 XXX   0 X    0.05 GLU 150 A
GLU 148 A                                            0.00 XXX   0 X    0.00 XXX   0 X   -0.36 HIS 172 A
GLU 148 A                                            0.00 XXX   0 X    0.00 XXX   0 X    0.07 ASP 200 A
GLU 148 A                                            0.00 XXX   0 X    0.00 XXX   0 X   -0.10 HIS 211 A

GLU 150 A   3.72    65 %    1.62  462   0.35    0   -1.60 HIS  27 A    0.00 XXX   0 X   -0.40 HIS 172 A
GLU 150 A                                            0.00 XXX   0 X    0.00 XXX   0 X   -0.76 HIS  27 A

GLU 158 A   3.50     2 %    0.50  288   0.02    0   -0.85 LYS  17 A    0.00 XXX   0 X   -0.04 N+   16 A
GLU 158 A                                            0.00 XXX   0 X    0.00 XXX   0 X   -0.12 LYS 169 A
GLU 158 A                                            0.00 XXX   0 X    0.00 XXX   0 X   -0.10 HIS 157 A
GLU 158 A                                            0.00 XXX   0 X    0.00 XXX   0 X   -0.41 LYS  17 A

GLU 166 A   4.17     0 %    0.29  266   0.00    0   -0.21 ARG  82 A    0.00 XXX   0 X   -0.01 HIS 157 A
GLU 166 A                                            0.00 XXX   0 X    0.00 XXX   0 X   -0.40 ARG  82 A

GLU 170 A   4.88    35 %    1.07  379   0.07    0   -0.29 HIS  27 A    0.00 XXX   0 X   -0.01 ARG 167 A
GLU 170 A                                            0.00 XXX   0 X    0.00 XXX   0 X    0.01 GLU 148 A
GLU 170 A                                            0.00 XXX   0 X    0.00 XXX   0 X    0.45 GLU 150 A
GLU 170 A                                            0.00 XXX   0 X    0.00 XXX   0 X   -0.37 HIS 172 A
GLU 170 A                                            0.00 XXX   0 X    0.00 XXX   0 X   -0.03 HIS 211 A
GLU 170 A                                            0.00 XXX   0 X    0.00 XXX   0 X   -0.54 HIS  27 A

C-  268 A   2.77     0 %    0.29  228   0.00    0   -0.48 GLN 116 A    0.00 XXX   0 X   -0.22 LYS  96 A
C-  268 A                                            0.00 XXX   0 X    0.00 XXX   0 X   -0.01 ARG 267 A

HIS  27 A   7.33    79 %   -2.35  502   0.00    0    1.60 GLU 150 A    0.00 XXX   0 X    0.76 GLU 150 A
HIS  27 A                                            0.29 GLU 170 A    0.00 XXX   0 X    0.54 GLU 170 A

HIS  37 A   6.57     0 %   -0.41  253   0.00    0    0.00 XXX   0 X    0.78 GLY  42 A   -0.00 LYS  36 A
HIS  37 A                                            0.00 XXX   0 X    0.00 XXX   0 X   -0.01 ARG  38 A
HIS  37 A                                            0.00 XXX   0 X    0.00 XXX   0 X   -0.35 ARG  44 A
HIS  37 A                                            0.00 XXX   0 X    0.00 XXX   0 X    0.08 GLU  66 A

HIS  62 A   7.25    97 %   -2.85  554   0.00    0    1.60 ASP 111 A    0.00 XXX   0 X    0.02 ASP 105 A
HIS  62 A                                            0.00 XXX   0 X    0.00 XXX   0 X    1.97 ASP 111 A

HIS  71 A   6.19     0 %   -0.32  243   0.00    0    0.00 XXX   0 X    0.00 XXX   0 X   -0.10 LYS  36 A
HIS  71 A                                            0.00 XXX   0 X    0.00 XXX   0 X   -0.06 LYS 118 A
HIS  71 A                                            0.00 XXX   0 X    0.00 XXX   0 X    0.18 GLU  93 A

HIS  72 A   5.49     0 %   -0.49  269   0.00    0    0.00 XXX   0 X    0.00 XXX   0 X   -0.30 LYS  36 A
HIS  72 A                                            0.00 XXX   0 X    0.00 XXX   0 X    0.04 GLU  43 A
HIS  72 A                                            0.00 XXX   0 X    0.00 XXX   0 X   -0.33 HIS  71 A
HIS  72 A                                            0.00 XXX   0 X    0.00 XXX   0 X    0.06 GLU  93 A

HIS 100 A   5.07    47 %   -1.68  412   0.00    0    0.00 XXX   0 X    0.01 HIS 100 A   -0.01 LYS 101 A
HIS 100 A                                            0.00 XXX   0 X    0.00 XXX   0 X    0.11 GLU 102 A
HIS 100 A                                            0.00 XXX   0 X    0.00 XXX   0 X    0.10 ASP 109 A
HIS 100 A                                            0.00 XXX   0 X    0.00 XXX   0 X    0.05 ASP 260 A

HIS 157 A   4.84    31 %   -0.90  367   0.00    0    0.00 XXX   0 X    0.00 XXX   0 X   -0.38 N+   16 A
HIS 157 A                                            0.00 XXX   0 X    0.00 XXX   0 X   -0.01 LYS  17 A
HIS 157 A                                            0.00 XXX   0 X    0.00 XXX   0 X   -0.03 ARG  82 A
HIS 157 A                                            0.00 XXX   0 X    0.00 XXX   0 X   -0.55 LYS 169 A
HIS 157 A                                            0.00 XXX   0 X    0.00 XXX   0 X    0.10 GLU 158 A
HIS 157 A                                            0.00 XXX   0 X    0.00 XXX   0 X    0.01 GLU 166 A
HIS 157 A                                            0.00 XXX   0 X    0.00 XXX   0 X    0.11 ASP 217 A

HIS 172 A   6.33    40 %   -1.06  394   0.00    0    0.00 XXX   0 X    0.00 XXX   0 X   -0.02 ARG 174 A
HIS 172 A                                            0.00 XXX   0 X    0.00 XXX   0 X   -0.12 ARG 202 A
HIS 172 A                                            0.00 XXX   0 X    0.00 XXX   0 X   -0.12 HIS  27 A
HIS 172 A                                            0.00 XXX   0 X    0.00 XXX   0 X    0.36 GLU 148 A
HIS 172 A                                            0.00 XXX   0 X    0.00 XXX   0 X    0.40 GLU 150 A
HIS 172 A                                            0.00 XXX   0 X    0.00 XXX   0 X    0.37 GLU 170 A
HIS 172 A                                            0.00 XXX   0 X    0.00 XXX   0 X    0.02 ASP 200 A

HIS 185 A   6.03     0 %   -0.33  260   0.00    0    0.00 XXX   0 X    0.00 XXX   0 X   -0.14 ARG 180 A

HIS 211 A   4.90    41 %   -1.37  397   0.00    0    0.00 XXX   0 X    0.00 XXX   0 X   -0.04 LYS 169 A
HIS 211 A                                            0.00 XXX   0 X    0.00 XXX   0 X   -0.49 ARG 202 A
HIS 211 A                                            0.00 XXX   0 X    0.00 XXX   0 X    0.10 GLU 148 A
HIS 211 A                                            0.00 XXX   0 X    0.00 XXX   0 X    0.03 GLU 170 A
HIS 211 A                                            0.00 XXX   0 X    0.00 XXX   0 X   -0.21 HIS 172 A
HIS 211 A                                            0.00 XXX   0 X    0.00 XXX   0 X    0.38 ASP 200 A

CYS  47 A  99.99     0 %    0.00    0   0.00    0    0.00 XXX   0 X    0.00 XXX   0 X    0.00 XXX   0 X

CYS  55 A  99.99     0 %    0.00    0   0.00    0    0.00 XXX   0 X    0.00 XXX   0 X    0.00 XXX   0 X

CYS  63 A  99.99     0 %    0.00    0   0.00    0    0.00 XXX   0 X    0.00 XXX   0 X    0.00 XXX   0 X

CYS 124 A  99.99     0 %    0.00    0   0.00    0    0.00 XXX   0 X    0.00 XXX   0 X    0.00 XXX   0 X

CYS 135 A   9.22    20 %    0.68  336   0.00    0   -0.23 ARG 229 A    0.00 XXX   0 X   -0.01 ARG 132 A
CYS 135 A                                            0.00 XXX   0 X    0.00 XXX   0 X   -0.22 ARG 229 A

CYS 149 A  99.99     0 %    0.00    0   0.00    0    0.00 XXX   0 X    0.00 XXX   0 X    0.00 XXX   0 X

CYS 181 A  99.99     0 %    0.00    0   0.00    0    0.00 XXX   0 X    0.00 XXX   0 X    0.00 XXX   0 X

CYS 197 A  99.99     0 %    0.00    0   0.00    0    0.00 XXX   0 X    0.00 XXX   0 X    0.00 XXX   0 X

CYS 214 A  99.99     0 %    0.00    0   0.00    0    0.00 XXX   0 X    0.00 XXX   0 X    0.00 XXX   0 X

CYS 224 A  99.99     0 %    0.00    0   0.00    0    0.00 XXX   0 X    0.00 XXX   0 X    0.00 XXX   0 X

CYS 243 A  99.99     0 %    0.00    0   0.00    0    0.00 XXX   0 X    0.00 XXX   0 X    0.00 XXX   0 X

TYR  81 A  10.07     0 %    0.21  214   0.00    0    0.00 XXX   0 X    0.00 XXX   0 X    0.10 ASP  23 A
TYR  81 A                                            0.00 XXX   0 X    0.00 XXX   0 X    0.01 GLU 166 A
TYR  81 A                                            0.00 XXX   0 X    0.00 XXX   0 X   -0.24 ARG 167 A

TYR  97 A  11.54    47 %    1.79  414   0.00    0    0.00 XXX   0 X   -0.22 PHE  68 A    0.02 GLU  66 A
TYR  97 A                                            0.00 XXX   0 X    0.00 XXX   0 X   -0.05 ARG  67 A

TYR 108 A  11.52    45 %    1.08  407   0.00    0    0.00 XXX   0 X    0.00 XXX   0 X    0.09 ASP 105 A
TYR 108 A                                            0.00 XXX   0 X    0.00 XXX   0 X    0.34 ASP 111 A

TYR 154 A  13.12   100 %    3.23  585   0.00    0    0.00 XXX   0 X    0.00 XXX   0 X   -0.18 ARG  79 A
TYR 154 A                                            0.00 XXX   0 X    0.00 XXX   0 X    0.08 GLU  89 A

TYR 164 A  10.89    51 %    0.92  423   0.00    0    0.00 XXX   0 X    0.00 XXX   0 X   -0.04 ARG  44 A
TYR 164 A                                            0.00 XXX   0 X    0.00 XXX   0 X   -0.05 ARG  82 A
TYR 164 A                                            0.00 XXX   0 X    0.00 XXX   0 X    0.07 ASP 217 A

TYR 176 A  11.56    45 %    1.34  408   0.00    0    0.00 XXX   0 X    0.00 XXX   0 X   -0.06 ARG 180 A
TYR 176 A                                            0.00 XXX   0 X    0.00 XXX   0 X    0.07 ASP 200 A
TYR 176 A                                            0.00 XXX   0 X    0.00 XXX   0 X    0.09 ASP 212 A
TYR 176 A                                            0.00 XXX   0 X    0.00 XXX   0 X    0.12 ASP 247 A

TYR 252 A  14.42   100 %    2.97  638   0.00    0    0.00 XXX   0 X    0.00 XXX   0 X    0.27 ASP 217 A
TYR 252 A                                            0.00 XXX   0 X    0.00 XXX   0 X    1.17 ASP 212 A

TYR 258 A  13.14    55 %    2.63  434   0.00    0   -0.02 ASN 194 A    0.00 XXX   0 X    0.00 GLU 102 A
TYR 258 A                                            0.00 XXX   0 X    0.00 XXX   0 X    0.40 ASP 109 A
TYR 258 A                                            0.00 XXX   0 X    0.00 XXX   0 X    0.07 ASP 111 A
TYR 258 A                                            0.00 XXX   0 X    0.00 XXX   0 X    0.06 ASP 260 A

LYS  17 A  11.06    13 %   -0.74  318   0.00    0    0.85 GLU 158 A    0.00 XXX   0 X    0.03 ASP 212 A
LYS  17 A                                            0.00 XXX   0 X    0.00 XXX   0 X    0.41 GLU 158 A

LYS  36 A  10.28     0 %   -0.39  216   0.00    0    0.00 XXX   0 X    0.00 XXX   0 X    0.13 GLU  43 A
LYS  36 A                                            0.00 XXX   0 X    0.00 XXX   0 X    0.04 GLU  93 A

LYS  91 A  10.52     3 %   -0.20  290   0.00    0    0.00 XXX   0 X    0.00 XXX   0 X    0.20 GLU  43 A
LYS  91 A                                            0.00 XXX   0 X    0.00 XXX   0 X   -0.10 ARG  79 A
LYS  91 A                                            0.00 XXX   0 X    0.00 XXX   0 X    0.12 GLU  89 A
LYS  91 A                                            0.00 XXX   0 X    0.00 XXX   0 X    0.01 GLU  93 A

LYS  96 A  10.14     5 %   -0.60  294   0.00    0    0.00 XXX   0 X    0.00 XXX   0 X    0.06 GLU  95 A
LYS  96 A                                            0.00 XXX   0 X    0.00 XXX   0 X   -0.04 ARG 267 A
LYS  96 A                                            0.00 XXX   0 X    0.00 XXX   0 X    0.22 C-  268 A

LYS 101 A  10.42     0 %   -0.09  199   0.00    0    0.00 XXX   0 X    0.00 XXX   0 X    0.01 GLU 102 A

LYS 118 A  10.87     0 %   -0.19  216   0.00    0    0.15 GLU  93 A    0.00 XXX   0 X    0.31 GLU  93 A
LYS 118 A                                            0.00 XXX   0 X    0.00 XXX   0 X    0.10 GLU  95 A

LYS 156 A  10.01     0 %   -0.49  262   0.00    0    0.00 XXX   0 X    0.00 XXX   0 X    0.00 XXX   0 X

LYS 169 A   8.95    45 %   -1.79  407   0.00    0    0.00 XXX   0 X    0.00 XXX   0 X    0.12 GLU 158 A
LYS 169 A                                            0.00 XXX   0 X    0.00 XXX   0 X    0.18 ASP 217 A
LYS 169 A                                            0.00 XXX   0 X    0.00 XXX   0 X   -0.06 LYS  17 A

LYS 246 A  11.39     0 %   -0.22  172   0.00    0    0.73 ASP 247 A    0.00 XXX   0 X    0.38 ASP 247 A

LYS 254 A   9.95    36 %   -0.76  383   0.00    0    0.00 XXX   0 X    0.00 XXX   0 X    0.22 ASP 193 A

ARG  38 A  12.61     0 %   -0.15  280   0.00    0    0.00 XXX   0 X    0.00 XXX   0 X    0.06 GLU  66 A
ARG  38 A                                            0.00 XXX   0 X    0.00 XXX   0 X    0.03 ASP 104 B
ARG  38 A                                            0.00 XXX   0 X    0.00 XXX   0 X    0.16 ASP 105 B
ARG  38 A                                            0.00 XXX   0 X    0.00 XXX   0 X    0.00 ASP 106 B

ARG  39 A  12.45     0 %   -0.05   94   0.00    0    0.00 XXX   0 X    0.00 XXX   0 X    0.00 XXX   0 X

ARG  44 A  12.07    21 %   -0.77  341   0.00    0    0.00 XXX   0 X    0.00 XXX   0 X    0.29 GLU  66 A
ARG  44 A                                            0.00 XXX   0 X    0.00 XXX   0 X    0.04 TYR 164 A

ARG  67 A  12.30     0 %   -0.14  272   0.00    0    0.00 XXX   0 X    0.00 XXX   0 X    0.05 TYR  97 A
ARG  67 A                                            0.00 XXX   0 X    0.00 XXX   0 X    0.03 ASP 105 A
ARG  67 A                                            0.00 XXX   0 X    0.00 XXX   0 X   -0.14 ARG  38 B

ARG  79 A  12.94    35 %   -1.45  379   0.00    0    1.16 GLU  89 A    0.00 XXX   0 X    0.01 GLU  43 A
ARG  79 A                                            0.00 XXX   0 X    0.00 XXX   0 X    0.18 TYR 154 A
ARG  79 A                                            0.00 XXX   0 X    0.00 XXX   0 X    0.53 GLU  89 A

ARG  82 A  11.98    35 %   -1.17  379   0.00    0    0.21 GLU 166 A    0.00 XXX   0 X    0.05 TYR 164 A
ARG  82 A                                            0.00 XXX   0 X    0.00 XXX   0 X   -0.01 ARG  79 A
ARG  82 A                                            0.00 XXX   0 X    0.00 XXX   0 X    0.40 GLU 166 A

ARG 123 A  12.42     0 %   -0.08  137   0.00    0    0.00 XXX   0 X    0.00 XXX   0 X    0.00 XXX   0 X

ARG 132 A  13.22     0 %   -0.26  246   0.00    0    0.59 GLU 127 A    0.00 XXX   0 X    0.01 CYS 135 A
ARG 132 A                                            0.00 XXX   0 X    0.00 XXX   0 X    0.37 GLU 127 A

ARG 167 A  12.53     6 %   -0.63  298   0.00    0    0.10 ASP  23 A    0.00 XXX   0 X    0.31 ASP  23 A
ARG 167 A                                            0.00 XXX   0 X    0.00 XXX   0 X    0.24 TYR  81 A
ARG 167 A                                            0.00 XXX   0 X    0.00 XXX   0 X    0.01 GLU 170 A

ARG 174 A  12.43     0 %   -0.35  277   0.00    0    0.00 XXX   0 X    0.00 XXX   0 X    0.31 GLU 148 A
ARG 174 A                                            0.00 XXX   0 X    0.00 XXX   0 X    0.04 ASP 200 A
ARG 174 A                                            0.00 XXX   0 X    0.00 XXX   0 X   -0.07 ARG 202 A

ARG 180 A  12.38     0 %   -0.18  211   0.00    0    0.00 XXX   0 X    0.00 XXX   0 X    0.00 ASP 145 A
ARG 180 A                                            0.00 XXX   0 X    0.00 XXX   0 X    0.06 TYR 176 A
ARG 180 A                                            0.00 XXX   0 X    0.00 XXX   0 X    0.01 ASP 247 A

ARG 189 A  12.21     0 %   -0.29  204   0.00    0    0.00 XXX   0 X    0.00 XXX   0 X    0.00 XXX   0 X

ARG 202 A  12.79    12 %   -0.69  316   0.00    0    0.33 ASP 200 A    0.00 XXX   0 X    0.19 GLU 148 A
ARG 202 A                                            0.00 XXX   0 X    0.00 XXX   0 X    0.46 ASP 200 A

ARG 229 A  12.83     0 %   -0.09  170   0.00    0    0.23 CYS 135 A    0.00 XXX   0 X    0.01 GLU 127 A
ARG 229 A                                            0.00 XXX   0 X    0.00 XXX   0 X    0.22 CYS 135 A
ARG 229 A                                            0.00 XXX   0 X    0.00 XXX   0 X   -0.04 ARG 132 A

ARG 263 A  11.98    15 %   -0.55  324   0.00    0    0.00 XXX   0 X    0.00 XXX   0 X    0.02 ASP 260 A
ARG 263 A                                            0.00 XXX   0 X    0.00 XXX   0 X    0.01 ASP 264 A

ARG 267 A  12.44     0 %   -0.23  170   0.00    0    0.00 XXX   0 X    0.00 XXX   0 X    0.15 ASP 264 A
ARG 267 A                                            0.00 XXX   0 X    0.00 XXX   0 X    0.01 C-  268 A

N+   16 A   6.80    95 %   -3.62  547   0.00    0    0.75 ASP 217 A    0.00 XXX   0 X   -0.01 LYS  17 A
N+   16 A                                            0.00 XXX   0 X    0.00 XXX   0 X    0.04 GLU 158 A
N+   16 A                                            0.00 XXX   0 X    0.00 XXX   0 X   -0.56 LYS 169 A
N+   16 A                                            0.00 XXX   0 X    0.00 XXX   0 X    0.16 ASP 212 A
N+   16 A                                            0.00 XXX   0 X    0.00 XXX   0 X    2.03 ASP 217 A

ASP  23 B   3.68     0 %    0.29  273   0.00    0   -0.08 ARG 167 B    0.00 XXX   0 X   -0.32 ARG 167 B
ASP  23 B                                            0.00 XXX   0 X    0.00 XXX   0 X   -0.01 HIS  27 B

ASP 104 B   2.36     0 %    0.43  270   0.00    0   -0.43 THR 107 B   -0.57 ASP 106 B   -0.03 ARG  38 A
ASP 104 B                                            0.00 XXX   0 X   -0.84 THR 107 B    0.00 XXX   0 X

ASP 105 B   4.45    12 %    0.65  316   0.04    0   -0.08 GLN  65 B   -0.05 ASP 105 B   -0.16 ARG  38 A
ASP 105 B                                            0.00 XXX   0 X    0.00 XXX   0 X   -0.03 ARG  67 B
ASP 105 B                                            0.00 XXX   0 X    0.00 XXX   0 X   -0.02 HIS  62 B
ASP 105 B                                            0.00 XXX   0 X    0.00 XXX   0 X    0.15 ASP 104 B
ASP 105 B                                            0.00 XXX   0 X    0.00 XXX   0 X    0.11 ASP 106 B
ASP 105 B                                            0.00 XXX   0 X    0.00 XXX   0 X    0.03 ASP 111 B

ASP 106 B   4.28     0 %    0.19  212   0.00    0    0.00 XXX   0 X    0.00 XXX   0 X   -0.00 ARG  38 A
ASP 106 B                                            0.00 XXX   0 X    0.00 XXX   0 X    0.29 ASP 104 B

ASP 109 B   3.85    26 %    1.03  354   0.06    0   -0.01 ASN 110 B   -0.02 ASN 110 B   -0.10 HIS 100 B
ASP 109 B                                           -0.70 THR 192 B    0.00 XXX   0 X    0.09 ASP 104 B
ASP 109 B                                           -0.32 ASN 194 B    0.00 XXX   0 X    0.02 ASP 193 B

ASP 111 B   3.85   100 %    4.35  561   0.78    0   -0.67 SER 237 B   -0.01 ALA  61 B   -2.02 HIS  62 B
ASP 111 B                                           -1.60 HIS  62 B   -0.77 HIS  62 B    0.00 XXX   0 X

ASP 120 B   3.87     0 %    0.08  113   0.00    0    0.00 XXX   0 X    0.00 XXX   0 X   -0.01 LYS 118 B

ASP 140 B   3.90     0 %    0.19  169   0.00    0    0.00 XXX   0 X   -0.10 ASP 140 B    0.00 XXX   0 X

ASP 145 B   4.12     0 %    0.33  227   0.00    0    0.00 XXX   0 X   -0.00 ASP 145 B   -0.00 ARG 180 B

ASP 193 B   3.74     0 %    0.16  233   0.00    0    0.00 XXX   0 X    0.00 XXX   0 X   -0.22 LYS 254 B

ASP 200 B   4.13    31 %    1.64  368   0.28    0   -0.22 ARG 202 B   -0.14 ARG 202 B   -0.05 ARG 174 B
ASP 200 B                                            0.00 XXX   0 X   -0.22 HIS 211 B   -0.04 HIS 172 B
ASP 200 B                                            0.00 XXX   0 X    0.00 XXX   0 X   -0.46 HIS 211 B
ASP 200 B                                            0.00 XXX   0 X    0.00 XXX   0 X   -0.46 ARG 202 B

ASP 212 B   6.51    96 %    2.37  550   1.62    0    0.00 XXX   0 X   -0.51 ALA 213 B   -0.17 N+   16 B
ASP 212 B                                            0.00 XXX   0 X   -0.82 GLY 244 B   -0.03 LYS  17 B
ASP 212 B                                            0.00 XXX   0 X    0.00 XXX   0 X    0.05 ASP 200 B
ASP 212 B                                            0.00 XXX   0 X    0.00 XXX   0 X    0.20 ASP 217 B

ASP 217 B   4.61   100 %    3.84  626   1.33    0   -0.82 N+   16 B   -0.57 GLY 155 B   -0.17 LYS 169 B
ASP 217 B                                            0.00 XXX   0 X   -0.64 CYS 214 B   -0.14 HIS 157 B
ASP 217 B                                            0.00 XXX   0 X    0.00 XXX   0 X   -2.03 N+   16 B

ASP 227 B   3.95     0 %    0.14  151   0.00    0    0.00 XXX   0 X    0.00 XXX   0 X    0.02 ASP 140 B

ASP 247 B   2.94     0 %    0.32  237   0.00    0   -0.79 LYS 246 B    0.00 XXX   0 X   -0.01 ARG 180 B
ASP 247 B                                            0.00 XXX   0 X    0.00 XXX   0 X   -0.01 HIS 185 B
ASP 247 B                                            0.00 XXX   0 X    0.00 XXX   0 X   -0.38 LYS 246 B

ASP 260 B   4.09     0 %    0.17  186   0.00    0    0.00 XXX   0 X    0.00 XXX   0 X   -0.07 ARG 263 B
ASP 260 B                                            0.00 XXX   0 X    0.00 XXX   0 X    0.19 ASP 264 B

ASP 264 B   3.89     0 %    0.28  201   0.00    0    0.00 XXX   0 X    0.00 XXX   0 X   -0.02 ARG 263 B
ASP 264 B                                            0.00 XXX   0 X    0.00 XXX   0 X   -0.17 ARG 267 B

GLU  43 B   4.63    23 %    0.65  345   0.00    0   -0.16 THR  74 B    0.00 XXX   0 X   -0.15 LYS  36 B
GLU  43 B                                            0.00 XXX   0 X    0.00 XXX   0 X   -0.01 ARG  79 B
GLU  43 B                                            0.00 XXX   0 X    0.00 XXX   0 X   -0.20 LYS  91 B
GLU  43 B                                            0.00 XXX   0 X    0.00 XXX   0 X   -0.05 HIS  72 B
GLU  43 B                                            0.00 XXX   0 X    0.00 XXX   0 X    0.05 GLU  93 B

GLU  66 B   4.68    21 %    0.67  339   0.06    0   -0.06 ARG  44 B    0.00 XXX   0 X   -0.03 ARG  38 B
GLU  66 B                                            0.00 XXX   0 X    0.00 XXX   0 X   -0.37 ARG  44 B
GLU  66 B                                            0.00 XXX   0 X    0.00 XXX   0 X   -0.08 HIS  37 B

GLU  87 B   4.72     0 %    0.10  162   0.00    0    0.00 XXX   0 X    0.00 XXX   0 X    0.12 GLU  88 B

GLU  88 B   4.55     0 %    0.20  199   0.00    0   -0.15 SER 129 B    0.00 XXX   0 X    0.00 XXX   0 X

GLU  89 B   3.62    33 %    1.42  373   0.29    0   -1.13 ARG  79 B   -0.82 GLY  86 B   -0.11 LYS  91 B
GLU  89 B                                            0.00 XXX   0 X    0.00 XXX   0 X   -0.52 ARG  79 B

GLU  93 B   4.48     2 %    0.46  287   0.03    0    0.00 XXX   0 X    0.00 XXX   0 X   -0.05 LYS  36 B
GLU  93 B                                            0.00 XXX   0 X    0.00 XXX   0 X   -0.01 LYS  91 B
GLU  93 B                                            0.00 XXX   0 X    0.00 XXX   0 X   -0.21 LYS 118 B
GLU  93 B                                            0.00 XXX   0 X    0.00 XXX   0 X   -0.18 HIS  71 B
GLU  93 B                                            0.00 XXX   0 X    0.00 XXX   0 X   -0.06 HIS  72 B

GLU  95 B   4.76     0 %    0.31  263   0.00    0    0.00 XXX   0 X    0.00 XXX   0 X   -0.06 LYS  96 B
GLU  95 B                                            0.00 XXX   0 X    0.00 XXX   0 X   -0.18 LYS 118 B
GLU  95 B                                            0.00 XXX   0 X    0.00 XXX   0 X    0.19 C-  268 B

GLU 102 B   4.56     0 %    0.20  258   0.00    0    0.00 XXX   0 X    0.00 XXX   0 X   -0.24 HIS 100 B
GLU 102 B                                            0.00 XXX   0 X    0.00 XXX   0 X    0.10 ASP 109 B

GLU 127 B   3.84     0 %    0.23  224   0.00    0   -0.51 ARG 132 B    0.00 XXX   0 X   -0.01 ARG 229 B
GLU 127 B                                            0.00 XXX   0 X    0.00 XXX   0 X   -0.36 ARG 132 B

GLU 148 B   4.38    20 %    0.65  338   0.06    0    0.00 XXX   0 X    0.00 XXX   0 X   -0.30 ARG 174 B
GLU 148 B                                            0.00 XXX   0 X    0.00 XXX   0 X   -0.20 ARG 202 B
GLU 148 B                                            0.00 XXX   0 X    0.00 XXX   0 X    0.06 GLU 150 B
GLU 148 B                                            0.00 XXX   0 X    0.00 XXX   0 X   -0.37 HIS 172 B
GLU 148 B                                            0.00 XXX   0 X    0.00 XXX   0 X    0.10 ASP 200 B
GLU 148 B                                            0.00 XXX   0 X    0.00 XXX   0 X   -0.11 HIS 211 B

GLU 150 B   3.71    64 %    1.60  461   0.35    0   -1.60 HIS  27 B    0.00 XXX   0 X   -0.40 HIS 172 B
GLU 150 B                                            0.00 XXX   0 X    0.00 XXX   0 X   -0.74 HIS  27 B

GLU 158 B   3.48     2 %    0.47  286   0.02    0   -0.85 LYS  17 B    0.00 XXX   0 X   -0.03 N+   16 B
GLU 158 B                                            0.00 XXX   0 X    0.00 XXX   0 X   -0.12 LYS 169 B
GLU 158 B                                            0.00 XXX   0 X    0.00 XXX   0 X   -0.09 HIS 157 B
GLU 158 B                                            0.00 XXX   0 X    0.00 XXX   0 X   -0.41 LYS  17 B

GLU 166 B   4.17     0 %    0.29  265   0.00    0   -0.21 ARG  82 B    0.00 XXX   0 X   -0.01 HIS 157 B
GLU 166 B                                            0.00 XXX   0 X    0.00 XXX   0 X   -0.40 ARG  82 B

GLU 170 B   4.89    35 %    1.07  379   0.06    0   -0.27 HIS  27 B    0.00 XXX   0 X   -0.01 ARG 167 B
GLU 170 B                                            0.00 XXX   0 X    0.00 XXX   0 X    0.01 ASP  23 B
GLU 170 B                                            0.00 XXX   0 X    0.00 XXX   0 X    0.01 GLU 148 B
GLU 170 B                                            0.00 XXX   0 X    0.00 XXX   0 X    0.45 GLU 150 B
GLU 170 B                                            0.00 XXX   0 X    0.00 XXX   0 X   -0.38 HIS 172 B
GLU 170 B                                            0.00 XXX   0 X    0.00 XXX   0 X   -0.03 HIS 211 B
GLU 170 B                                            0.00 XXX   0 X    0.00 XXX   0 X   -0.53 HIS  27 B

C-  268 B   2.63     0 %    0.29  225   0.00    0   -0.61 GLN 116 B    0.00 XXX   0 X   -0.23 LYS  96 B
C-  268 B                                            0.00 XXX   0 X    0.00 XXX   0 X   -0.01 ARG 267 B

HIS  27 B   7.31    79 %   -2.34  503   0.00    0    1.60 GLU 150 B    0.00 XXX   0 X    0.01 ASP  23 B
HIS  27 B                                            0.27 GLU 170 B    0.00 XXX   0 X    0.74 GLU 150 B
HIS  27 B                                            0.00 XXX   0 X    0.00 XXX   0 X    0.53 GLU 170 B

HIS  37 B   6.43     0 %   -0.40  251   0.00    0    0.00 XXX   0 X    0.61 GLY  42 B   -0.00 LYS  36 B
HIS  37 B                                            0.00 XXX   0 X    0.00 XXX   0 X   -0.01 ARG  38 B
HIS  37 B                                            0.00 XXX   0 X    0.00 XXX   0 X   -0.35 ARG  44 B
HIS  37 B                                            0.00 XXX   0 X    0.00 XXX   0 X    0.08 GLU  66 B

HIS  62 B   7.25    99 %   -2.88  558   0.00    0    1.60 ASP 111 B    0.00 XXX   0 X    0.02 ASP 105 B
HIS  62 B                                            0.00 XXX   0 X    0.00 XXX   0 X    2.02 ASP 111 B

HIS  71 B   6.23     0 %   -0.32  244   0.00    0    0.00 XXX   0 X    0.00 XXX   0 X   -0.10 LYS  36 B
HIS  71 B                                            0.00 XXX   0 X    0.00 XXX   0 X   -0.03 LYS 118 B
HIS  71 B                                            0.00 XXX   0 X    0.00 XXX   0 X    0.18 GLU  93 B

HIS  72 B   5.55     0 %   -0.47  268   0.00    0    0.00 XXX   0 X    0.00 XXX   0 X   -0.27 LYS  36 B
HIS  72 B                                            0.00 XXX   0 X    0.00 XXX   0 X    0.05 GLU  43 B
HIS  72 B                                            0.00 XXX   0 X    0.00 XXX   0 X   -0.32 HIS  71 B
HIS  72 B                                            0.00 XXX   0 X    0.00 XXX   0 X    0.06 GLU  93 B

HIS 100 B   5.23    46 %   -1.69  409   0.00    0    0.00 XXX   0 X    0.08 HIS 100 B   -0.00 LYS 101 B
HIS 100 B                                            0.00 XXX   0 X    0.00 XXX   0 X    0.24 GLU 102 B
HIS 100 B                                            0.00 XXX   0 X    0.00 XXX   0 X    0.10 ASP 109 B

HIS 157 B   4.63    35 %   -1.08  379   0.00    0    0.00 XXX   0 X    0.00 XXX   0 X   -0.43 N+   16 B
HIS 157 B                                            0.00 XXX   0 X    0.00 XXX   0 X   -0.01 LYS  17 B
HIS 157 B                                            0.00 XXX   0 X    0.00 XXX   0 X   -0.02 ARG  82 B
HIS 157 B                                            0.00 XXX   0 X    0.00 XXX   0 X   -0.57 LYS 169 B
HIS 157 B                                            0.00 XXX   0 X    0.00 XXX   0 X    0.09 GLU 158 B
HIS 157 B                                            0.00 XXX   0 X    0.00 XXX   0 X    0.01 GLU 166 B
HIS 157 B                                            0.00 XXX   0 X    0.00 XXX   0 X    0.14 ASP 217 B

HIS 172 B   6.36    42 %   -1.09  399   0.00    0    0.00 XXX   0 X    0.00 XXX   0 X   -0.02 ARG 174 B
HIS 172 B                                            0.00 XXX   0 X    0.00 XXX   0 X   -0.12 ARG 202 B
HIS 172 B                                            0.00 XXX   0 X    0.00 XXX   0 X   -0.12 HIS  27 B
HIS 172 B                                            0.00 XXX   0 X    0.00 XXX   0 X    0.37 GLU 148 B
HIS 172 B                                            0.00 XXX   0 X    0.00 XXX   0 X    0.40 GLU 150 B
HIS 172 B                                            0.00 XXX   0 X    0.00 XXX   0 X    0.38 GLU 170 B
HIS 172 B                                            0.00 XXX   0 X    0.00 XXX   0 X    0.04 ASP 200 B

HIS 185 B   6.03     0 %   -0.33  261   0.00    0    0.00 XXX   0 X    0.00 XXX   0 X   -0.14 ARG 180 B
HIS 185 B                                            0.00 XXX   0 X    0.00 XXX   0 X    0.01 ASP 247 B

HIS 211 B   5.00    41 %   -1.37  396   0.00    0    0.00 XXX   0 X    0.00 XXX   0 X   -0.04 LYS 169 B
HIS 211 B                                            0.00 XXX   0 X    0.00 XXX   0 X   -0.49 ARG 202 B
HIS 211 B                                            0.00 XXX   0 X    0.00 XXX   0 X    0.11 GLU 148 B
HIS 211 B                                            0.00 XXX   0 X    0.00 XXX   0 X    0.03 GLU 170 B
HIS 211 B                                            0.00 XXX   0 X    0.00 XXX   0 X   -0.21 HIS 172 B
HIS 211 B                                            0.00 XXX   0 X    0.00 XXX   0 X    0.46 ASP 200 B

CYS  47 B  99.99     0 %    0.00    0   0.00    0    0.00 XXX   0 X    0.00 XXX   0 X    0.00 XXX   0 X

CYS  55 B  99.99     0 %    0.00    0   0.00    0    0.00 XXX   0 X    0.00 XXX   0 X    0.00 XXX   0 X

CYS  63 B  99.99     0 %    0.00    0   0.00    0    0.00 XXX   0 X    0.00 XXX   0 X    0.00 XXX   0 X

CYS 124 B  99.99     0 %    0.00    0   0.00    0    0.00 XXX   0 X    0.00 XXX   0 X    0.00 XXX   0 X

CYS 135 B   9.19    19 %    0.66  335   0.00    0   -0.24 ARG 229 B    0.00 XXX   0 X   -0.01 ARG 132 B
CYS 135 B                                            0.00 XXX   0 X    0.00 XXX   0 X   -0.22 ARG 229 B

CYS 149 B  99.99     0 %    0.00    0   0.00    0    0.00 XXX   0 X    0.00 XXX   0 X    0.00 XXX   0 X

CYS 181 B  99.99     0 %    0.00    0   0.00    0    0.00 XXX   0 X    0.00 XXX   0 X    0.00 XXX   0 X

CYS 197 B  99.99     0 %    0.00    0   0.00    0    0.00 XXX   0 X    0.00 XXX   0 X    0.00 XXX   0 X

CYS 214 B  99.99     0 %    0.00    0   0.00    0    0.00 XXX   0 X    0.00 XXX   0 X    0.00 XXX   0 X

CYS 224 B  99.99     0 %    0.00    0   0.00    0    0.00 XXX   0 X    0.00 XXX   0 X    0.00 XXX   0 X

CYS 243 B  99.99     0 %    0.00    0   0.00    0    0.00 XXX   0 X    0.00 XXX   0 X    0.00 XXX   0 X

TYR  81 B  10.05     0 %    0.21  214   0.00    0    0.00 XXX   0 X    0.00 XXX   0 X    0.07 ASP  23 B
TYR  81 B                                            0.00 XXX   0 X    0.00 XXX   0 X    0.01 GLU 166 B
TYR  81 B                                            0.00 XXX   0 X    0.00 XXX   0 X   -0.24 ARG 167 B

TYR  97 B  11.53    49 %    1.86  418   0.00    0    0.00 XXX   0 X   -0.30 PHE  68 B    0.03 GLU  66 B
TYR  97 B                                            0.00 XXX   0 X    0.00 XXX   0 X   -0.06 ARG  67 B

TYR 108 B  11.48    45 %    1.06  406   0.00    0    0.00 XXX   0 X    0.00 XXX   0 X    0.09 ASP 105 B
TYR 108 B                                            0.00 XXX   0 X    0.00 XXX   0 X    0.34 ASP 111 B

TYR 154 B  13.17   100 %    3.27  586   0.00    0    0.00 XXX   0 X    0.00 XXX   0 X   -0.18 ARG  79 B
TYR 154 B                                            0.00 XXX   0 X    0.00 XXX   0 X    0.08 GLU  89 B

TYR 164 B  10.84    49 %    0.88  419   0.00    0    0.00 XXX   0 X    0.00 XXX   0 X   -0.04 ARG  44 B
TYR 164 B                                            0.00 XXX   0 X    0.00 XXX   0 X   -0.05 ARG  82 B
TYR 164 B                                            0.00 XXX   0 X    0.00 XXX   0 X    0.06 ASP 217 B

TYR 176 B  11.57    46 %    1.38  411   0.00    0    0.00 XXX   0 X    0.00 XXX   0 X   -0.06 ARG 180 B
TYR 176 B                                            0.00 XXX   0 X    0.00 XXX   0 X    0.07 ASP 200 B
TYR 176 B                                            0.00 XXX   0 X    0.00 XXX   0 X    0.09 ASP 212 B
TYR 176 B                                            0.00 XXX   0 X    0.00 XXX   0 X    0.10 ASP 247 B

TYR 252 B  14.40   100 %    2.96  632   0.00    0    0.00 XXX   0 X    0.00 XXX   0 X    0.25 ASP 217 B
TYR 252 B                                            0.00 XXX   0 X    0.00 XXX   0 X    0.01 TYR 176 B
TYR 252 B                                            0.00 XXX   0 X    0.00 XXX   0 X    1.18 ASP 212 B

TYR 258 B  13.29    57 %    2.72  440   0.00    0   -0.00 ASN 194 B    0.00 XXX   0 X    0.11 GLU 102 B
TYR 258 B                                            0.00 XXX   0 X    0.00 XXX   0 X    0.40 ASP 109 B
TYR 258 B                                            0.00 XXX   0 X    0.00 XXX   0 X    0.07 ASP 111 B

LYS  17 B  10.99    14 %   -0.81  321   0.00    0    0.85 GLU 158 B    0.00 XXX   0 X    0.03 ASP 212 B
LYS  17 B                                            0.00 XXX   0 X    0.00 XXX   0 X    0.41 GLU 158 B

LYS  36 B  10.34     0 %   -0.37  219   0.00    0    0.00 XXX   0 X    0.00 XXX   0 X    0.15 GLU  43 B
LYS  36 B                                            0.00 XXX   0 X    0.00 XXX   0 X    0.05 GLU  93 B

LYS  91 B  10.53     2 %   -0.20  287   0.00    0    0.00 XXX   0 X    0.00 XXX   0 X    0.20 GLU  43 B
LYS  91 B                                            0.00 XXX   0 X    0.00 XXX   0 X   -0.09 ARG  79 B
LYS  91 B                                            0.00 XXX   0 X    0.00 XXX   0 X    0.11 GLU  89 B
LYS  91 B                                            0.00 XXX   0 X    0.00 XXX   0 X    0.01 GLU  93 B

LYS  96 B  10.13     4 %   -0.61  292   0.00    0    0.00 XXX   0 X    0.00 XXX   0 X    0.06 GLU  95 B
LYS  96 B                                            0.00 XXX   0 X    0.00 XXX   0 X   -0.05 ARG 267 B
LYS  96 B                                            0.00 XXX   0 X    0.00 XXX   0 X    0.23 C-  268 B

LYS 101 B  10.43     0 %   -0.07  172   0.00    0    0.00 XXX   0 X    0.00 XXX   0 X    0.00 XXX   0 X

LYS 118 B  10.70     0 %   -0.20  230   0.00    0    0.00 XXX   0 X    0.00 XXX   0 X    0.21 GLU  93 B
LYS 118 B                                            0.00 XXX   0 X    0.00 XXX   0 X    0.18 GLU  95 B
LYS 118 B                                            0.00 XXX   0 X    0.00 XXX   0 X    0.01 ASP 120 B

LYS 156 B  10.00     0 %   -0.50  267   0.00    0    0.00 XXX   0 X    0.00 XXX   0 X    0.00 XXX   0 X

LYS 169 B   8.82    45 %   -1.91  406   0.00    0    0.00 XXX   0 X    0.00 XXX   0 X    0.12 GLU 158 B
LYS 169 B                                            0.00 XXX   0 X    0.00 XXX   0 X    0.17 ASP 217 B
LYS 169 B                                            0.00 XXX   0 X    0.00 XXX   0 X   -0.06 LYS  17 B

LYS 246 B  11.42     0 %   -0.25  190   0.00    0    0.79 ASP 247 B    0.00 XXX   0 X    0.38 ASP 247 B

LYS 254 B   9.97    37 %   -0.75  384   0.00    0    0.00 XXX   0 X    0.00 XXX   0 X    0.22 ASP 193 B

ARG  38 B  12.57     0 %   -0.15  280   0.00    0    0.00 XXX   0 X    0.00 XXX   0 X    0.00 GLU 102 A
ARG  38 B                                            0.00 XXX   0 X    0.00 XXX   0 X    0.03 ASP 104 A
ARG  38 B                                            0.00 XXX   0 X    0.00 XXX   0 X    0.16 ASP 105 A
ARG  38 B                                            0.00 XXX   0 X    0.00 XXX   0 X    0.03 GLU  66 B

ARG  39 B  12.53     0 %   -0.05   97   0.00    0    0.00 XXX   0 X    0.00 XXX   0 X    0.08 GLU 102 A

ARG  44 B  12.20    21 %   -0.77  339   0.00    0    0.06 GLU  66 B    0.00 XXX   0 X    0.37 GLU  66 B
ARG  44 B                                            0.00 XXX   0 X    0.00 XXX   0 X    0.04 TYR 164 B

ARG  67 B  12.32     0 %   -0.14  269   0.00    0    0.00 XXX   0 X    0.00 XXX   0 X    0.01 GLU  66 A
ARG  67 B                                            0.00 XXX   0 X    0.00 XXX   0 X    0.06 TYR  97 B
ARG  67 B                                            0.00 XXX   0 X    0.00 XXX   0 X    0.03 ASP 105 B
ARG  67 B                                            0.00 XXX   0 X    0.00 XXX   0 X   -0.14 ARG  38 A

ARG  79 B  12.93    33 %   -1.42  375   0.00    0    1.13 GLU  89 B    0.00 XXX   0 X    0.01 GLU  43 B
ARG  79 B                                            0.00 XXX   0 X    0.00 XXX   0 X    0.18 TYR 154 B
ARG  79 B                                            0.00 XXX   0 X    0.00 XXX   0 X    0.52 GLU  89 B

ARG  82 B  11.99    35 %   -1.16  380   0.00    0    0.21 GLU 166 B    0.00 XXX   0 X    0.05 TYR 164 B
ARG  82 B                                            0.00 XXX   0 X    0.00 XXX   0 X   -0.01 ARG  79 B
ARG  82 B                                            0.00 XXX   0 X    0.00 XXX   0 X    0.40 GLU 166 B

ARG 123 B  12.43     0 %   -0.07  128   0.00    0    0.00 XXX   0 X    0.00 XXX   0 X    0.00 XXX   0 X

ARG 132 B  13.12     0 %   -0.26  245   0.00    0    0.51 GLU 127 B    0.00 XXX   0 X    0.01 CYS 135 B
ARG 132 B                                            0.00 XXX   0 X    0.00 XXX   0 X    0.36 GLU 127 B

ARG 167 B  12.51     6 %   -0.63  297   0.00    0    0.08 ASP  23 B    0.00 XXX   0 X    0.32 ASP  23 B
ARG 167 B                                            0.00 XXX   0 X    0.00 XXX   0 X    0.24 TYR  81 B
ARG 167 B                                            0.00 XXX   0 X    0.00 XXX   0 X    0.01 GLU 170 B

ARG 174 B  12.44     0 %   -0.34  273   0.00    0    0.00 XXX   0 X    0.00 XXX   0 X    0.30 GLU 148 B
ARG 174 B                                            0.00 XXX   0 X    0.00 XXX   0 X    0.05 ASP 200 B
ARG 174 B                                            0.00 XXX   0 X    0.00 XXX   0 X   -0.07 ARG 202 B

ARG 180 B  12.38     0 %   -0.19  211   0.00    0    0.00 XXX   0 X    0.00 XXX   0 X    0.00 ASP 145 B
ARG 180 B                                            0.00 XXX   0 X    0.00 XXX   0 X    0.06 TYR 176 B
ARG 180 B                                            0.00 XXX   0 X    0.00 XXX   0 X    0.01 ASP 247 B

ARG 189 B  12.21     0 %   -0.29  206   0.00    0    0.00 XXX   0 X    0.00 XXX   0 X    0.00 XXX   0 X

ARG 202 B  12.71    11 %   -0.67  312   0.00    0    0.22 ASP 200 B    0.00 XXX   0 X    0.20 GLU 148 B
ARG 202 B                                            0.00 XXX   0 X    0.00 XXX   0 X    0.46 ASP 200 B

ARG 229 B  12.84     0 %   -0.09  170   0.00    0    0.24 CYS 135 B    0.00 XXX   0 X    0.01 GLU 127 B
ARG 229 B                                            0.00 XXX   0 X    0.00 XXX   0 X    0.22 CYS 135 B
ARG 229 B                                            0.00 XXX   0 X    0.00 XXX   0 X   -0.04 ARG 132 B

ARG 263 B  12.15    10 %   -0.44  308   0.00    0    0.00 XXX   0 X    0.00 XXX   0 X    0.07 ASP 260 B
ARG 263 B                                            0.00 XXX   0 X    0.00 XXX   0 X    0.02 ASP 264 B

ARG 267 B  12.44     0 %   -0.24  173   0.00    0    0.00 XXX   0 X    0.00 XXX   0 X    0.17 ASP 264 B
ARG 267 B                                            0.00 XXX   0 X    0.00 XXX   0 X    0.01 C-  268 B

N+   16 B   6.84    95 %   -3.68  547   0.00    0    0.82 ASP 217 B    0.00 XXX   0 X   -0.01 LYS  17 B
N+   16 B                                            0.00 XXX   0 X    0.00 XXX   0 X    0.03 GLU 158 B
N+   16 B                                            0.00 XXX   0 X    0.00 XXX   0 X   -0.53 LYS 169 B
N+   16 B                                            0.00 XXX   0 X    0.00 XXX   0 X    0.17 ASP 212 B
N+   16 B                                            0.00 XXX   0 X    0.00 XXX   0 X    2.03 ASP 217 B


2026-03-25 12:06:00,243 INFO:output.py:227:print_pka_section:pKa summary:
--------------------------------------------------------------------------------------------------------
SUMMARY OF THIS PREDICTION
       Group      pKa  model-pKa   ligand atom-type
   ASP  23 A     3.55       3.80                      
   ASP 104 A     2.31       3.80                      
   ASP 105 A     4.48       3.80                      
   ASP 106 A     4.27       3.80                      
   ASP 109 A     3.94       3.80                      
   ASP 111 A     3.80       3.80                      
   ASP 120 A     3.62       3.80                      
   ASP 140 A     3.83       3.80                      
   ASP 145 A     4.12       3.80                      
   ASP 193 A     3.74       3.80                      
   ASP 200 A     2.77       3.80                      
   ASP 212 A     6.58       3.80                      
   ASP 217 A     4.70       3.80                      
   ASP 227 A     3.96       3.80                      
   ASP 247 A     3.02       3.80                      
   ASP 260 A     3.46       3.80                      
   ASP 264 A     4.03       3.80                      
   ASP  23 B     3.68       3.80                      
   ASP 104 B     2.36       3.80                      
   ASP 105 B     4.45       3.80                      
   ASP 106 B     4.28       3.80                      
   ASP 109 B     3.85       3.80                      
   ASP 111 B     3.85       3.80                      
   ASP 120 B     3.87       3.80                      
   ASP 140 B     3.90       3.80                      
   ASP 145 B     4.12       3.80                      
   ASP 193 B     3.74       3.80                      
   ASP 200 B     4.13       3.80                      
   ASP 212 B     6.51       3.80                      
   ASP 217 B     4.61       3.80                      
   ASP 227 B     3.95       3.80                      
   ASP 247 B     2.94       3.80                      
   ASP 260 B     4.09       3.80                      
   ASP 264 B     3.89       3.80                      
   GLU  43 A     4.66       4.50                      
   GLU  66 A     4.59       4.50                      
   GLU  87 A     4.75       4.50                      
   GLU  88 A     4.52       4.50                      
   GLU  89 A     3.57       4.50                      
   GLU  93 A     4.21       4.50                      
   GLU  95 A     4.84       4.50                      
   GLU 102 A     4.54       4.50                      
   GLU 127 A     3.77       4.50                      
   GLU 148 A     4.32       4.50                      
   GLU 150 A     3.72       4.50                      
   GLU 158 A     3.50       4.50                      
   GLU 166 A     4.17       4.50                      
   GLU 170 A     4.88       4.50                      
   GLU  43 B     4.63       4.50                      
   GLU  66 B     4.68       4.50                      
   GLU  87 B     4.72       4.50                      
   GLU  88 B     4.55       4.50                      
   GLU  89 B     3.62       4.50                      
   GLU  93 B     4.48       4.50                      
   GLU  95 B     4.76       4.50                      
   GLU 102 B     4.56       4.50                      
   GLU 127 B     3.84       4.50                      
   GLU 148 B     4.38       4.50                      
   GLU 150 B     3.71       4.50                      
   GLU 158 B     3.48       4.50                      
   GLU 166 B     4.17       4.50                      
   GLU 170 B     4.89       4.50                      
   C-  268 A     2.77       3.20                      
   C-  268 B     2.63       3.20                      
   HIS  27 A     7.33       6.50                      
   HIS  37 A     6.57       6.50                      
   HIS  62 A     7.25       6.50                      
   HIS  71 A     6.19       6.50                      
   HIS  72 A     5.49       6.50                      
   HIS 100 A     5.07       6.50                      
   HIS 157 A     4.84       6.50                      
   HIS 172 A     6.33       6.50                      
   HIS 185 A     6.03       6.50                      
   HIS 211 A     4.90       6.50                      
   HIS  27 B     7.31       6.50                      
   HIS  37 B     6.43       6.50                      
   HIS  62 B     7.25       6.50                      
   HIS  71 B     6.23       6.50                      
   HIS  72 B     5.55       6.50                      
   HIS 100 B     5.23       6.50                      
   HIS 157 B     4.63       6.50                      
   HIS 172 B     6.36       6.50                      
   HIS 185 B     6.03       6.50                      
   HIS 211 B     5.00       6.50                      
   CYS  47 A    99.99       9.00                      
   CYS  55 A    99.99       9.00                      
   CYS  63 A    99.99       9.00                      
   CYS 124 A    99.99       9.00                      
   CYS 135 A     9.22       9.00                      
   CYS 149 A    99.99       9.00                      
   CYS 181 A    99.99       9.00                      
   CYS 197 A    99.99       9.00                      
   CYS 214 A    99.99       9.00                      
   CYS 224 A    99.99       9.00                      
   CYS 243 A    99.99       9.00                      
   CYS  47 B    99.99       9.00                      
   CYS  55 B    99.99       9.00                      
   CYS  63 B    99.99       9.00                      
   CYS 124 B    99.99       9.00                      
   CYS 135 B     9.19       9.00                      
   CYS 149 B    99.99       9.00                      
   CYS 181 B    99.99       9.00                      
   CYS 197 B    99.99       9.00                      
   CYS 214 B    99.99       9.00                      
   CYS 224 B    99.99       9.00                      
   CYS 243 B    99.99       9.00                      
   TYR  81 A    10.07      10.00                      
   TYR  97 A    11.54      10.00                      
   TYR 108 A    11.52      10.00                      
   TYR 154 A    13.12      10.00                      
   TYR 164 A    10.89      10.00                      
   TYR 176 A    11.56      10.00                      
   TYR 252 A    14.42      10.00                      
   TYR 258 A    13.14      10.00                      
   TYR  81 B    10.05      10.00                      
   TYR  97 B    11.53      10.00                      
   TYR 108 B    11.48      10.00                      
   TYR 154 B    13.17      10.00                      
   TYR 164 B    10.84      10.00                      
   TYR 176 B    11.57      10.00                      
   TYR 252 B    14.40      10.00                      
   TYR 258 B    13.29      10.00                      
   LYS  17 A    11.06      10.50                      
   LYS  36 A    10.28      10.50                      
   LYS  91 A    10.52      10.50                      
   LYS  96 A    10.14      10.50                      
   LYS 101 A    10.42      10.50                      
   LYS 118 A    10.87      10.50                      
   LYS 156 A    10.01      10.50                      
   LYS 169 A     8.95      10.50                      
   LYS 246 A    11.39      10.50                      
   LYS 254 A     9.95      10.50                      
   LYS  17 B    10.99      10.50                      
   LYS  36 B    10.34      10.50                      
   LYS  91 B    10.53      10.50                      
   LYS  96 B    10.13      10.50                      
   LYS 101 B    10.43      10.50                      
   LYS 118 B    10.70      10.50                      
   LYS 156 B    10.00      10.50                      
   LYS 169 B     8.82      10.50                      
   LYS 246 B    11.42      10.50                      
   LYS 254 B     9.97      10.50                      
   ARG  38 A    12.61      12.50                      
   ARG  39 A    12.45      12.50                      
   ARG  44 A    12.07      12.50                      
   ARG  67 A    12.30      12.50                      
   ARG  79 A    12.94      12.50                      
   ARG  82 A    11.98      12.50                      
   ARG 123 A    12.42      12.50                      
   ARG 132 A    13.22      12.50                      
   ARG 167 A    12.53      12.50                      
   ARG 174 A    12.43      12.50                      
   ARG 180 A    12.38      12.50                      
   ARG 189 A    12.21      12.50                      
   ARG 202 A    12.79      12.50                      
   ARG 229 A    12.83      12.50                      
   ARG 263 A    11.98      12.50                      
   ARG 267 A    12.44      12.50                      
   ARG  38 B    12.57      12.50                      
   ARG  39 B    12.53      12.50                      
   ARG  44 B    12.20      12.50                      
   ARG  67 B    12.32      12.50                      
   ARG  79 B    12.93      12.50                      
   ARG  82 B    11.99      12.50                      
   ARG 123 B    12.43      12.50                      
   ARG 132 B    13.12      12.50                      
   ARG 167 B    12.51      12.50                      
   ARG 174 B    12.44      12.50                      
   ARG 180 B    12.38      12.50                      
   ARG 189 B    12.21      12.50                      
   ARG 202 B    12.71      12.50                      
   ARG 229 B    12.84      12.50                      
   ARG 263 B    12.15      12.50                      
   ARG 267 B    12.44      12.50                      
   N+   16 A     6.80       8.00                      
   N+   16 B     6.84       8.00                      

2026-03-25 12:06:00,272 INFO:main.py:636:non_trivial:PROPKA information:
--------------------------------------------------------------------------------------------------------
Free energy of   folding (kcal/mol) as a function of pH (using neutral reference)
  0.00     62.91
  1.00     62.83
  2.00     62.14
  3.00     58.97
  4.00     54.96
  5.00     53.61
  6.00     49.60
  7.00     46.02
  8.00     44.90
  9.00     44.38
 10.00     46.72
 11.00     57.71
 12.00     69.59
 13.00     77.26
 14.00     82.17

The pH of optimum stability is  9.0 for which the free energy is   44.4 kcal/mol at 298K
Could not determine pH values where the free energy is within 80 % of minimum
Could not determine the pH-range where the free energy is negative


Protein charge of folded and unfolded state as a function of pH
    pH  unfolded  folded
  0.00     73.99   73.98
  0.10     73.99   73.97
  0.20     73.99   73.96
  0.30     73.98   73.95
  0.40     73.98   73.94
  0.50     73.98   73.93
  0.60     73.97   73.91
  0.70     73.96   73.89
  0.80     73.95   73.86
  0.90     73.94   73.82
  1.00     73.92   73.78
  1.10     73.91   73.72
  1.20     73.88   73.65
  1.30     73.85   73.56
  1.40     73.81   73.46
  1.50     73.76   73.32
  1.60     73.70   73.16
  1.70     73.63   72.97
  1.80     73.53   72.73
  1.90     73.41   72.45
  2.00     73.26   72.12
  2.10     73.08   71.72
  2.20     72.84   71.26
  2.30     72.56   70.73
  2.40     72.20   70.11
  2.50     71.77   69.41
  2.60     71.23   68.62
  2.70     70.58   67.72
  2.80     69.79   66.71
  2.90     68.84   65.58
  3.00     67.71   64.31
  3.10     66.38   62.89
  3.20     64.83   61.32
  3.30     63.04   59.58
  3.40     61.02   57.67
  3.50     58.75   55.58
  3.60     56.26   53.33
  3.70     53.57   50.92
  3.80     50.70   48.37
  3.90     47.71   45.71
  4.00     44.64   42.95
  4.10     41.52   40.14
  4.20     38.42   37.29
  4.30     35.36   34.44
  4.40     32.39   31.63
  4.50     29.55   28.86
  4.60     26.87   26.18
  4.70     24.38   23.61
  4.80     22.10   21.17
  4.90     20.02   18.87
  5.00     18.16   16.72
  5.10     16.50   14.73
  5.20     15.02   12.91
  5.30     13.70   11.23
  5.40     12.50    9.69
  5.50     11.39    8.28
  5.60     10.35    6.97
  5.70      9.34    5.75
  5.80      8.34    4.60
  5.90      7.31    3.50
  6.00      6.25    2.45
  6.10      5.13    1.42
  6.20      3.97    0.43
  6.30      2.76   -0.55
  6.40      1.52   -1.50
  6.50      0.27   -2.42
  6.60     -0.96   -3.32
  6.70     -2.16   -4.18
  6.80     -3.29   -5.01
  6.90     -4.35   -5.80
  7.00     -5.31   -6.54
  7.10     -6.17   -7.24
  7.20     -6.94   -7.88
  7.30     -7.63   -8.48
  7.40     -8.23   -9.03
  7.50     -8.76   -9.54
  7.60     -9.24   -9.99
  7.70     -9.67  -10.40
  7.80    -10.06  -10.78
  7.90    -10.43  -11.12
  8.00    -10.78  -11.44
  8.10    -11.12  -11.73
  8.20    -11.45  -12.02
  8.30    -11.79  -12.31
  8.40    -12.13  -12.60
  8.50    -12.49  -12.90
  8.60    -12.87  -13.22
  8.70    -13.29  -13.57
  8.80    -13.75  -13.95
  8.90    -14.26  -14.36
  9.00    -14.83  -14.80
  9.10    -15.48  -15.29
  9.20    -16.23  -15.82
  9.30    -17.07  -16.40
  9.40    -18.04  -17.03
  9.50    -19.13  -17.72
  9.60    -20.37  -18.47
  9.70    -21.74  -19.28
  9.80    -23.27  -20.17
  9.90    -24.92  -21.12
 10.00    -26.70  -22.13
 10.10    -28.57  -23.21
 10.20    -30.51  -24.34
 10.30    -32.49  -25.51
 10.40    -34.46  -26.72
 10.50    -36.40  -27.96
 10.60    -38.28  -29.23
 10.70    -40.06  -30.51
 10.80    -41.72  -31.81
 10.90    -43.27  -33.13
 11.00    -44.70  -34.47
 11.10    -46.01  -35.84
 11.20    -47.24  -37.24
 11.30    -48.39  -38.68
 11.40    -49.50  -40.16
 11.50    -50.59  -41.70
 11.60    -51.71  -43.29
 11.70    -52.87  -44.94
 11.80    -54.12  -46.66
 11.90    -55.46  -48.45
 12.00    -56.91  -50.31
 12.10    -58.49  -52.22
 12.20    -60.19  -54.18
 12.30    -61.99  -56.18
 12.40    -63.85  -58.18
 12.50    -65.75  -60.18
 12.60    -67.64  -62.15
 12.70    -69.46  -64.06
 12.80    -71.19  -65.90
 12.90    -72.79  -67.63
 13.00    -74.23  -69.26
 13.10    -75.51  -70.76
 13.20    -76.63  -72.13
 13.30    -77.58  -73.37
 13.40    -78.39  -74.48
 13.50    -79.07  -75.46
 13.60    -79.63  -76.32
 13.70    -80.08  -77.08
 13.80    -80.46  -77.73
 13.90    -80.76  -78.30
 14.00    -81.01  -78.80
The pI is  6.24 (folded) and  6.52 (unfolded)

--------------------------------------------------------------------------------------------------------
2026-03-25 12:06:00,272 INFO:biomolecule.py:794:apply_pka_values:Applying pKa values at a pH of 7.40:
2026-03-25 12:06:00,274 INFO:main.py:649:non_trivial:Adding hydrogens to biomolecule.
2026-03-25 12:06:00,609 INFO:main.py:652:non_trivial:Debumping biomolecule (again).
2026-03-25 12:06:01,051 INFO:main.py:654:non_trivial:Optimizing hydrogen bonds
2026-03-25 12:06:01,889 INFO:main.py:666:non_trivial:Applying force field to biomolecule states.
2026-03-25 12:06:01,894 INFO:main.py:713:non_trivial:Regenerating headers.
2026-03-25 12:06:01,896 INFO:main.py:738:non_trivial:Regenerating PDB lines.
2026-03-25 12:06:01,932 WARNING:main.py:311:print_pqr:Ignoring 467 header lines in output.
