=== COMMAND ===
/home/grheco/.local/bin/chimera --nogui chimera_contacts.py

=== STDOUT ===
Compiling chimera_contacts.py...
Compiling chimera_contacts.py succeeded
Executing chimera_contacts.py...
Opening tmp_param.pdb...
The following problems occurred while reading PDB file for tmp_param.pdb
warning:  duplicate atom serial number found: 2226
warning:  duplicate atom serial number found: 2227
warning:  duplicate atom serial number found: 2228
warning:  duplicate atom serial number found: 2229
warning:  duplicate atom serial number found: 2230
warning:  duplicate atom serial number found: 2231
warning:  duplicate atom serial number found: 2232
warning:  duplicate atom serial number found: 2233
warning:  duplicate atom serial number found: 2234
warning:  duplicate atom serial number found: 2235
Suppressed 206 warnings about duplicate atom serial numbers

Model 0 (tmp_param.pdb) appears to be a protein without secondary structure assignments.
Automatically computing assignments using 'ksdssp' and parameter values:
  energy cutoff -0.5
  minimum helix length 3
  minimum strand length 3
Use command 'help ksdssp' for more information.

Computing secondary structure assignments...
Computed secondary structure assignments (see reply log)
tmp_param.pdb opened
Opening metal_only.pdb...
metal_only.pdb opened
6 contacts
6 contacts



=== STDERR ===


=== RETURN CODE ===
0
