2026-03-25 12:06:55,028 INFO:main.py:240:print_splash_screen:PDB2PQR v3.6.1: biomolecular structure conversion software.
2026-03-25 12:06:55,028 INFO:main.py:242:print_splash_screen:Please cite:  Jurrus E, et al.  Improvements to the APBS biomolecular solvation software suite.  Protein Sci 27 112-128 (2018).
2026-03-25 12:06:55,028 INFO:main.py:242:print_splash_screen:Please cite:  Dolinsky TJ, et al.  PDB2PQR: expanding and upgrading automated preparation of biomolecular structures for molecular simulations. Nucleic Acids Res 35 W522-W525 (2007).
2026-03-25 12:06:55,028 INFO:main.py:759:main_driver:Checking and transforming input arguments.
2026-03-25 12:06:55,029 INFO:main.py:763:main_driver:Loading topology files.
2026-03-25 12:06:55,077 INFO:main.py:765:main_driver:Loading molecule: /home/grheco/repositorios/stack_protein_prep/data/proteins/3L3M/components/3L3M_protein.pdb
2026-03-25 12:06:55,086 INFO:main.py:770:main_driver:Setting up molecule.
2026-03-25 12:06:55,098 INFO:main.py:408:setup_molecule:Created biomolecule object with 348 residues and 2735 atoms.
2026-03-25 12:06:55,098 INFO:main.py:774:main_driver:Setting termini states for biomolecule chains.
2026-03-25 12:06:55,104 INFO:main.py:604:non_trivial:Loading forcefield.
2026-03-25 12:06:55,110 INFO:main.py:608:non_trivial:Loading hydrogen topology definitions.
2026-03-25 12:06:55,113 WARNING:biomolecule.py:157:num_missing_heavy:Missing atom OXT in residue LYS A 349
2026-03-25 12:06:55,114 WARNING:biomolecule.py:157:num_missing_heavy:Missing atom OXT in residue LYS A 349
2026-03-25 12:06:55,114 INFO:main.py:618:non_trivial:Attempting to repair 1 missing atoms in biomolecule.
2026-03-25 12:06:55,115 WARNING:biomolecule.py:157:num_missing_heavy:Missing atom OXT in residue LYS A 349
2026-03-25 12:06:55,116 INFO:biomolecule.py:1077:repair_heavy:Added atom OXT to residue LYS A 349 at coordinates 2.628, 14.556, 33.604
2026-03-25 12:06:55,116 INFO:main.py:623:non_trivial:Updating disulfide bridges.
2026-03-25 12:06:55,116 INFO:main.py:626:non_trivial:Debumping biomolecule.
2026-03-25 12:06:55,200 INFO:main.py:633:non_trivial:Assigning titration states with PROPKA.
2026-03-25 12:06:55,216 INFO:output.py:74:print_header:
propka3.5.1                                                                                  2026-03-25

-------------------------------------------------------------------------------
--                                                                           --
--  PROPKA: A PROTEIN PKA PREDICTOR                                          --
--                                                                           --
--  VERSION 1.0,  04/25/2004,  IOWA CITY                                     --
--  BY HUI LI                                                                --
--                                                                           --
--  VERSION 2.0,  11/05/2007, IOWA CITY/COPENHAGEN                           --
--  BY DELPHINE C. BAS AND DAVID M. ROGERS                                   --
--                                                                           --
--  VERSION 3.0,  01/06/2011, COPENHAGEN                                     --
--  BY MATS H.M. OLSSON AND CHRESTEN R. SONDERGARD                           --
--                                                                           --
--  VERSION 3.1,  07/01/2011, COPENHAGEN                                     --
--  BY CHRESTEN R. SONDERGARD AND MATS H.M. OLSSON                           --
--                                                                           --
--  VERSION 3.2,  06/17/2020, PLANET EARTH                                   --
--  SEE ABOVE FOR AUTHORS                                                    --
--                                                                           --
-------------------------------------------------------------------------------


-------------------------------------------------------------------------------
References:

Very Fast Empirical Prediction and Rationalization of Protein pKa Values.
Hui Li, Andrew D. Robertson and Jan H. Jensen. PROTEINS: Structure, Function,
and Bioinformatics. 61:704-721 (2005)

Very Fast Prediction and Rationalization of pKa Values for Protein-Ligand
Complexes.  Delphine C. Bas, David M. Rogers and Jan H. Jensen.  PROTEINS:
Structure, Function, and Bioinformatics 73:765-783 (2008)

PROPKA3: Consistent Treatment of Internal and Surface Residues in Empirical
pKa predictions.  Mats H.M. Olsson, Chresten R. Sondergard, Michal Rostkowski,
and Jan H. Jensen.  Journal of Chemical Theory and Computation, 7(2):525-537
(2011)

Improved Treatment of Ligands and Coupling Effects in Empirical Calculation
and Rationalization of pKa Values.  Chresten R. Sondergaard, Mats H.M. Olsson,
Michal Rostkowski, and Jan H. Jensen.  Journal of Chemical Theory and
Computation, (2011)
-------------------------------------------------------------------------------



2026-03-25 12:06:55,312 INFO:conformation_container.py:124:find_covalently_coupled_groups:Coupling map:

2026-03-25 12:06:55,312 INFO:conformation_container.py:213:calculate_pka:Calculating pKas for Conformation container 1A with 3219 atoms and 866 groups
2026-03-25 12:06:55,836 INFO:output.py:225:print_pka_section:pKa determinants:

---------  -----   ------   ---------------------    --------------    --------------    --------------
                            DESOLVATION  EFFECTS       SIDECHAIN          BACKBONE        COULOMBIC
 RESIDUE    pKa    BURIED     REGULAR      RE        HYDROGEN BOND     HYDROGEN BOND      INTERACTION
---------  -----   ------   ---------   ---------    --------------    --------------    --------------

ASP  10 A   3.15     1 %    0.40  284   0.01    0   -0.40 LYS  13 A    0.00 XXX   0 X   -0.11 LYS   6 A
ASP  10 A                                            0.00 XXX   0 X    0.00 XXX   0 X   -0.23 LYS 343 A
ASP  10 A                                            0.00 XXX   0 X    0.00 XXX   0 X   -0.32 LYS  13 A

ASP  17 A   3.64    20 %    0.66  336   0.10    0   -0.03 SER  20 A   -0.31 GLU  19 A   -0.01 LYS  22 A
ASP  17 A                                            0.00 XXX   0 X   -0.48 SER  20 A   -0.10 LYS  23 A

ASP  31 A   3.21     0 %    0.51  241   0.00    0    0.00 XXX   0 X   -0.62 GLN  33 A   -0.21 LYS  34 A
ASP  31 A                                            0.00 XXX   0 X   -0.27 LYS  34 A    0.00 XXX   0 X

ASP  65 A   4.00     0 %    0.20  176   0.00    0    0.00 XXX   0 X    0.00 XXX   0 X    0.00 XXX   0 X

ASP  70 A   3.90     0 %    0.30  220   0.00    0    0.00 XXX   0 X    0.00 XXX   0 X   -0.21 ARG  74 A

ASP  82 A   4.20     0 %    0.25  215   0.00    0    0.00 XXX   0 X    0.00 XXX   0 X   -0.13 LYS  34 A
ASP  82 A                                            0.00 XXX   0 X    0.00 XXX   0 X    0.28 ASP  31 A

ASP  95 A   3.99     0 %    0.21  216   0.00    0    0.00 XXX   0 X    0.00 XXX   0 X   -0.02 LYS 100 A

ASP 105 A   6.22    93 %    2.22  542   1.05    0   -0.85 TYR  49 A    0.00 XXX   0 X   -0.07 ARG 217 A
ASP 105 A                                            0.00 XXX   0 X    0.00 XXX   0 X   -0.03 LYS 232 A
ASP 105 A                                            0.00 XXX   0 X    0.00 XXX   0 X    0.10 GLU 102 A

ASP 109 A   6.88    95 %    2.36  547   1.11    0    0.00 XXX   0 X    0.00 XXX   0 X   -0.02 LYS  42 A
ASP 109 A                                            0.00 XXX   0 X    0.00 XXX   0 X    0.25 ASP 105 A
ASP 109 A                                            0.00 XXX   0 X    0.00 XXX   0 X    0.04 GLU 111 A
ASP 109 A                                            0.00 XXX   0 X    0.00 XXX   0 X   -0.66 ARG 217 A

ASP 122 A   3.75     0 %    0.29  222   0.00    0    0.00 XXX   0 X    0.00 XXX   0 X   -0.13 ARG 118 A
ASP 122 A                                            0.00 XXX   0 X    0.00 XXX   0 X   -0.23 LYS 135 A
ASP 122 A                                            0.00 XXX   0 X    0.00 XXX   0 X    0.02 ASP 123 A

ASP 123 A   3.54     0 %    0.47  124   0.00    0   -0.21 SER 125 A   -0.49 SER 125 A   -0.03 LYS 126 A

ASP 127 A   2.80     0 %    0.75  257   0.00    0   -0.24 ASP 130 A   -0.26 ILE 129 A   -0.38 N+    2 A
ASP 127 A                                            0.00 XXX   0 X   -0.82 ASP 130 A   -0.03 LYS  13 A
ASP 127 A                                            0.00 XXX   0 X    0.00 XXX   0 X   -0.03 LYS 126 A

ASP 130 A   3.75     0 %    0.80  271   0.00    0   -0.85 SER   2 A   -0.17 LYS   3 A   -0.34 N+    2 A
ASP 130 A                                            0.24 ASP 127 A    0.00 XXX   0 X   -0.07 LYS   3 A
ASP 130 A                                            0.00 XXX   0 X    0.00 XXX   0 X   -0.11 LYS 126 A
ASP 130 A                                            0.00 XXX   0 X    0.00 XXX   0 X    0.08 GLU 134 A
ASP 130 A                                            0.00 XXX   0 X    0.00 XXX   0 X    0.36 ASP 127 A

ASP 139 A   3.39    16 %    0.68  326   0.01    0   -0.18 TYR 133 A   -0.00 ILE 140 A   -0.38 LYS 141 A
ASP 139 A                                           -0.37 LYS 141 A    0.00 XXX   0 X    0.00 XXX   0 X
ASP 139 A                                           -0.17 GLU 179 A    0.00 XXX   0 X    0.00 XXX   0 X

ASP 144 A   3.96     0 %    0.20  223   0.00    0    0.00 XXX   0 X   -0.08 ASP 144 A    0.05 ASP 146 A

ASP 146 A   3.47     0 %    0.19  136   0.00    0    0.00 XXX   0 X   -0.24 ASP 146 A   -0.19 ARG 145 A
ASP 146 A                                            0.00 XXX   0 X    0.00 XXX   0 X   -0.09 ARG 154 A

ASP 169 A   3.81     0 %    0.32  260   0.00    0   -0.01 HIS 161 A    0.00 XXX   0 X   -0.02 LYS 158 A
ASP 169 A                                            0.00 XXX   0 X    0.00 XXX   0 X   -0.02 LYS 349 A
ASP 169 A                                            0.00 XXX   0 X    0.00 XXX   0 X   -0.25 HIS 161 A

ASP 174 A   4.97    37 %    1.19  384   0.30    0    0.00 XXX   0 X    0.00 XXX   0 X   -0.01 LYS   6 A
ASP 174 A                                            0.00 XXX   0 X    0.00 XXX   0 X   -0.40 LYS 343 A
ASP 174 A                                            0.00 XXX   0 X    0.00 XXX   0 X    0.09 ASP  10 A

ASP 238 A   4.70   100 %    3.41  590   0.36    0   -0.55 ASN 326 A   -0.19 ASP 238 A   -0.35 ARG 197 A
ASP 238 A                                           -0.82 TYR 328 A    0.00 XXX   0 X   -0.95 LYS 288 A

ASP 253 A   4.47    38 %    0.79  388   0.20    0    0.00 XXX   0 X   -0.24 ILE 255 A   -0.13 LYS  23 A
ASP 253 A                                            0.00 XXX   0 X    0.00 XXX   0 X    0.05 ASP  17 A

ASP 296 A   3.65     0 %    0.38  209   0.00    0   -0.37 SER 298 A   -0.16 SER 298 A    0.00 XXX   0 X

ASP 304 A   3.64     0 %    0.15  211   0.00    0    0.00 XXX   0 X    0.00 XXX   0 X   -0.18 LYS 191 A
ASP 304 A                                            0.00 XXX   0 X    0.00 XXX   0 X   -0.13 ARG 196 A
ASP 304 A                                            0.00 XXX   0 X    0.00 XXX   0 X   -0.01 LYS 339 A

ASP 307 A   5.15    50 %    1.48  421   0.27    0    0.00 XXX   0 X    0.00 XXX   0 X   -0.46 ARG 197 A
ASP 307 A                                            0.00 XXX   0 X    0.00 XXX   0 X   -0.03 LYS 288 A
ASP 307 A                                            0.00 XXX   0 X    0.00 XXX   0 X    0.10 ASP 238 A

ASP 320 A   2.14     0 %    0.53  169   0.00    0   -0.85 LYS 272 A   -0.32 ASN 319 A   -0.05 LYS 292 A
ASP 320 A                                            0.00 XXX   0 X   -0.53 ASP 320 A   -0.07 HIS 273 A
ASP 320 A                                            0.00 XXX   0 X    0.00 XXX   0 X   -0.38 LYS 272 A

ASP 332 A   3.83    25 %    0.87  350   0.00    0    0.00 XXX   0 X   -0.75 ALA 334 A   -0.09 ARG 186 A

GLU  19 A   4.11     0 %    0.27  217   0.00    0   -0.20 LYS  22 A    0.00 XXX   0 X   -0.25 LYS  23 A
GLU  19 A                                            0.00 XXX   0 X    0.00 XXX   0 X    0.12 ASP  17 A
GLU  19 A                                            0.00 XXX   0 X    0.00 XXX   0 X   -0.32 LYS  22 A

GLU  27 A   4.70    25 %    0.52  352   0.15    0    0.00 XXX   0 X    0.00 XXX   0 X   -0.04 LYS  23 A
GLU  27 A                                            0.00 XXX   0 X    0.00 XXX   0 X   -0.32 ARG 204 A
GLU  27 A                                            0.00 XXX   0 X    0.00 XXX   0 X   -0.10 HIS 248 A

GLU  29 A   4.75     0 %    0.25  264   0.00    0    0.00 XXX   0 X    0.00 XXX   0 X   -0.05 LYS 100 A
GLU  29 A                                            0.00 XXX   0 X    0.00 XXX   0 X    0.01 GLU  27 A
GLU  29 A                                            0.00 XXX   0 X    0.00 XXX   0 X    0.04 ASP  82 A

GLU  54 A   4.96    17 %    0.54  328   0.10    0    0.00 XXX   0 X    0.00 XXX   0 X   -0.20 ARG  74 A
GLU  54 A                                            0.00 XXX   0 X    0.00 XXX   0 X    0.01 ASP  70 A

GLU 102 A   5.14    45 %    0.94  408   0.31    0    0.00 XXX   0 X    0.00 XXX   0 X   -0.08 LYS 100 A
GLU 102 A                                            0.00 XXX   0 X    0.00 XXX   0 X   -0.34 ARG 204 A
GLU 102 A                                            0.00 XXX   0 X    0.00 XXX   0 X    0.05 GLU  27 A
GLU 102 A                                            0.00 XXX   0 X    0.00 XXX   0 X    0.01 ASP  95 A
GLU 102 A                                            0.00 XXX   0 X    0.00 XXX   0 X   -0.26 HIS 248 A

GLU 111 A   4.87    40 %    1.64  393   0.25    0   -0.85 LYS  42 A    0.00 XXX   0 X   -0.10 ARG  43 A
GLU 111 A                                            0.00 XXX   0 X    0.00 XXX   0 X   -0.05 ARG 217 A
GLU 111 A                                            0.00 XXX   0 X    0.00 XXX   0 X   -0.52 LYS  42 A

GLU 134 A   3.58     0 %    0.43  269   0.00    0   -0.85 LYS 126 A    0.00 XXX   0 X   -0.05 LYS 135 A
GLU 134 A                                            0.00 XXX   0 X    0.00 XXX   0 X   -0.09 LYS 137 A
GLU 134 A                                            0.00 XXX   0 X    0.00 XXX   0 X    0.02 ASP 127 A
GLU 134 A                                            0.00 XXX   0 X    0.00 XXX   0 X   -0.38 LYS 126 A

GLU 148 A   4.61     0 %    0.09  156   0.00    0    0.00 XXX   0 X    0.00 XXX   0 X    0.02 GLU 149 A

GLU 149 A   4.24    16 %    0.52  327   0.00    0   -0.58 TYR 340 A    0.00 XXX   0 X   -0.23 LYS 177 A
GLU 149 A                                            0.00 XXX   0 X    0.00 XXX   0 X   -0.02 LYS 339 A
GLU 149 A                                            0.00 XXX   0 X    0.00 XXX   0 X    0.04 ASP 144 A

GLU 151 A   4.73     0 %    0.22  175   0.00    0    0.00 XXX   0 X    0.00 XXX   0 X   -0.15 ARG 154 A
GLU 151 A                                            0.00 XXX   0 X    0.00 XXX   0 X    0.07 ASP 146 A
GLU 151 A                                            0.00 XXX   0 X    0.00 XXX   0 X    0.10 GLU 148 A

GLU 171 A   3.85     0 %    0.25  247   0.00    0   -0.55 LYS 345 A    0.00 XXX   0 X    0.02 ASP 169 A
GLU 171 A                                            0.00 XXX   0 X    0.00 XXX   0 X   -0.36 LYS 345 A

GLU 179 A   5.10    18 %    0.65  331   0.06    0    0.17 ASP 139 A    0.00 XXX   0 X   -0.26 LYS 141 A
GLU 179 A                                            0.00 XXX   0 X    0.00 XXX   0 X   -0.23 LYS 177 A
GLU 179 A                                            0.00 XXX   0 X    0.00 XXX   0 X   -0.17 LYS 339 A
GLU 179 A                                            0.00 XXX   0 X    0.00 XXX   0 X    0.01 GLU 149 A
GLU 179 A                                            0.00 XXX   0 X    0.00 XXX   0 X    0.37 ASP 139 A

GLU 181 A   4.56     0 %    0.22  218   0.00    0    0.00 XXX   0 X    0.00 XXX   0 X   -0.15 LYS 137 A
GLU 181 A                                            0.00 XXX   0 X    0.00 XXX   0 X   -0.01 ARG 180 A

GLU 183 A   6.57    79 %    2.77  503   1.22    0   -0.14 ASN 337 A   -0.15 LEU 338 A   -0.02 LYS 177 A
GLU 183 A                                           -0.37 ARG 180 A    0.00 XXX   0 X   -0.40 ARG 186 A
GLU 183 A                                            0.00 XXX   0 X    0.00 XXX   0 X   -0.15 LYS 339 A
GLU 183 A                                            0.00 XXX   0 X    0.00 XXX   0 X   -0.67 ARG 180 A

GLU 222 A   4.42     0 %    0.52  280   0.00    0    0.00 XXX   0 X   -0.48 GLU 222 A   -0.12 LYS 232 A

GLU 262 A   4.06    61 %    2.02  451   0.02    0   -0.56 TYR 187 A    0.00 XXX   0 X   -0.10 LYS 177 A
GLU 262 A                                           -0.16 LYS 191 A    0.00 XXX   0 X   -0.35 LYS 339 A
GLU 262 A                                           -0.45 ARG 196 A    0.00 XXX   0 X    0.08 ASP 304 A
GLU 262 A                                            0.00 XXX   0 X    0.00 XXX   0 X   -0.55 LYS 191 A
GLU 262 A                                            0.00 XXX   0 X    0.00 XXX   0 X   -0.38 ARG 196 A

GLU 270 A   4.64    28 %    0.61  361   0.09    0    0.00 XXX   0 X    0.00 XXX   0 X   -0.09 ARG 197 A
GLU 270 A                                            0.00 XXX   0 X    0.00 XXX   0 X   -0.14 LYS 284 A
GLU 270 A                                            0.00 XXX   0 X    0.00 XXX   0 X   -0.33 LYS 288 A

GLU 327 A   5.94    76 %    1.93  495   0.13    0    0.00 XXX   0 X    0.00 XXX   0 X   -0.63 LYS 242 A

C-  349 A   3.35     0 %    0.15  146   0.00    0    0.00 XXX   0 X    0.00 XXX   0 X    0.00 XXX   0 X

HIS  81 A   3.83    66 %   -2.23  467   0.00    0    0.00 XXX   0 X    0.00 XXX   0 X   -0.44 LYS 100 A

HIS 161 A   5.57    51 %   -1.50  425   0.00    0    0.01 ASP 169 A    0.31 TYR 168 A    0.25 ASP 169 A

HIS 165 A   5.25    23 %   -1.17  346   0.00    0    0.00 XXX   0 X    0.00 XXX   0 X   -0.00 LYS 242 A
HIS 165 A                                            0.00 XXX   0 X    0.00 XXX   0 X   -0.07 HIS 161 A

HIS 194 A   6.34     0 %   -0.32  272   0.00    0    0.18 ASN 267 A    0.00 XXX   0 X   -0.00 ARG 196 A
HIS 194 A                                            0.00 XXX   0 X    0.00 XXX   0 X   -0.01 ARG 197 A
HIS 194 A                                            0.00 XXX   0 X    0.00 XXX   0 X   -0.01 LYS 284 A

HIS 201 A   3.92   100 %   -2.58  628   0.00    0    0.00 XXX   0 X    0.00 HIS 201 A    0.00 XXX   0 X

HIS 248 A   5.62    45 %   -0.81  406   0.00    0    0.00 XXX   0 X    0.03 ASN 245 A   -0.46 ARG 204 A
HIS 248 A                                            0.00 XXX   0 X    0.01 TYR 246 A    0.10 GLU  27 A
HIS 248 A                                            0.00 XXX   0 X    0.00 XXX   0 X    0.26 GLU 102 A

HIS 273 A   6.20     0 %   -0.32  217   0.00    0    0.00 XXX   0 X    0.08 LYS 272 A   -0.11 LYS 272 A
HIS 273 A                                            0.00 XXX   0 X    0.00 XXX   0 X   -0.01 LYS 292 A
HIS 273 A                                            0.00 XXX   0 X    0.00 XXX   0 X    0.07 ASP 320 A

HIS 276 A   5.90    20 %   -0.63  337   0.00    0    0.00 XXX   0 X    0.07 MET 229 A   -0.01 LYS 232 A
HIS 276 A                                            0.00 XXX   0 X    0.00 XXX   0 X   -0.03 LYS 279 A

HIS 285 A   5.97    10 %   -0.47  308   0.00    0    0.00 XXX   0 X    0.00 XXX   0 X   -0.01 LYS 284 A
HIS 285 A                                            0.00 XXX   0 X    0.00 XXX   0 X   -0.05 HIS 194 A

CYS 184 A   9.02     0 %    0.50  266   0.00    0    0.00 XXX   0 X   -0.33 GLY 182 A   -0.03 ARG 180 A
CYS 184 A                                            0.00 XXX   0 X   -0.20 GLN 185 A   -0.03 ARG 186 A
CYS 184 A                                            0.00 XXX   0 X    0.00 XXX   0 X   -0.00 LYS 188 A
CYS 184 A                                            0.00 XXX   0 X    0.00 XXX   0 X   -0.03 LYS 339 A
CYS 184 A                                            0.00 XXX   0 X    0.00 XXX   0 X    0.03 GLU 179 A
CYS 184 A                                            0.00 XXX   0 X    0.00 XXX   0 X    0.02 GLU 181 A
CYS 184 A                                            0.00 XXX   0 X    0.00 XXX   0 X    0.09 GLU 183 A

CYS 247 A  11.99   100 %    3.26  561   0.00    0    0.00 XXX   0 X   -0.27 SER 203 A    0.00 XXX   0 X
CYS 247 A                                            0.00 XXX   0 X   -0.00 LEU 257 A    0.00 XXX   0 X

TYR  28 A  11.52    68 %    2.35  471   0.00    0   -0.79 ASN 106 A    0.00 XXX   0 X    0.19 GLU  27 A
TYR  28 A                                           -0.13 ARG 204 A    0.00 XXX   0 X    0.12 ASP 105 A
TYR  28 A                                            0.00 XXX   0 X    0.00 XXX   0 X   -0.80 ARG 204 A
TYR  28 A                                            0.00 XXX   0 X    0.00 XXX   0 X    0.59 GLU 102 A

TYR  49 A  15.46    81 %    2.70  508   0.00    0    0.85 ASP 105 A    0.00 XXX   0 X    0.20 ASP 109 A
TYR  49 A                                            0.00 XXX   0 X    0.00 XXX   0 X   -0.16 ARG 217 A
TYR  49 A                                            0.00 XXX   0 X    0.00 XXX   0 X    0.08 GLU 222 A
TYR  49 A                                            0.00 XXX   0 X    0.00 XXX   0 X    0.48 TYR 228 A
TYR  49 A                                            0.00 XXX   0 X    0.00 XXX   0 X    1.32 ASP 105 A

TYR  76 A  12.15    51 %    2.15  425   0.00    0    0.00 XXX   0 X    0.00 XXX   0 X    0.00 XXX   0 X

TYR 114 A   9.50     0 %    0.38  282   0.00    0   -0.55 ARG 118 A    0.00 XXX   0 X    0.01 ASP 122 A
TYR 114 A                                            0.00 XXX   0 X    0.00 XXX   0 X   -0.34 ARG 118 A

TYR 133 A  11.06    40 %    1.31  393   0.00    0    0.18 ASP 139 A   -0.84 ILE 140 A    0.03 ASP 130 A
TYR 133 A                                            0.00 XXX   0 X    0.00 XXX   0 X    0.01 GLU 134 A
TYR 133 A                                            0.00 XXX   0 X    0.00 XXX   0 X    0.06 GLU 179 A
TYR 133 A                                            0.00 XXX   0 X    0.00 XXX   0 X   -0.09 LYS 141 A
TYR 133 A                                            0.00 XXX   0 X    0.00 XXX   0 X    0.41 ASP 139 A

TYR 156 A  15.64   100 %    4.21  618   0.00    0   -0.00 TRP 200 A    0.00 XXX   0 X   -0.11 ARG 197 A
TYR 156 A                                            0.00 XXX   0 X    0.00 XXX   0 X    0.26 ASP 307 A
TYR 156 A                                            0.00 XXX   0 X    0.00 XXX   0 X    0.44 TYR 328 A
TYR 156 A                                            0.00 XXX   0 X    0.00 XXX   0 X    0.85 ASP 238 A

TYR 168 A  12.24    63 %    1.86  458   0.00    0    0.00 XXX   0 X    0.00 XXX   0 X    0.01 ASP 169 A
TYR 168 A                                            0.00 XXX   0 X    0.00 XXX   0 X    0.20 CYS 247 A
TYR 168 A                                            0.00 XXX   0 X    0.00 XXX   0 X    0.17 TYR 325 A

TYR 187 A  13.96    67 %    3.25  469   0.00    0   -0.28 ARG 196 A    0.00 XXX   0 X   -0.38 ARG 196 A
TYR 187 A                                            0.56 GLU 262 A    0.00 XXX   0 X    0.80 GLU 262 A

TYR 228 A  12.88    81 %    1.70  507   0.00    0    0.00 XXX   0 X    0.00 XXX   0 X    1.18 ASP 105 A

TYR 235 A  13.32    70 %    3.01  476   0.00    0    0.00 XXX   0 X   -0.73 PHE 230 A    0.34 GLU 327 A
TYR 235 A                                            0.00 XXX   0 X    0.00 XXX   0 X    0.20 TYR 228 A
TYR 235 A                                            0.00 XXX   0 X    0.00 XXX   0 X    0.06 TYR 246 A
TYR 235 A                                            0.00 XXX   0 X    0.00 XXX   0 X    0.44 TYR 331 A

TYR 246 A  10.01    71 %    1.23  479   0.00    0   -0.84 LYS 242 A    0.00 XXX   0 X    0.46 GLU 327 A
TYR 246 A                                            0.00 XXX   0 X    0.00 XXX   0 X   -0.83 LYS 242 A

TYR 269 A  10.20     0 %    0.25  241   0.00    0    0.00 XXX   0 X    0.00 XXX   0 X   -0.05 LYS 284 A

TYR 325 A  12.04    46 %    2.66  410   0.00    0   -0.62 SER 241 A    0.00 XXX   0 X    0.00 ASP 238 A

TYR 328 A  14.77   100 %    3.16  581   0.00    0   -0.21 ARG 197 A    0.00 XXX   0 X   -1.37 ARG 197 A
TYR 328 A                                            0.82 ASP 238 A    0.00 XXX   0 X    0.09 GLU 270 A
TYR 328 A                                            0.00 XXX   0 X    0.00 XXX   0 X    0.24 ASP 307 A
TYR 328 A                                            0.00 XXX   0 X    0.00 XXX   0 X    2.03 ASP 238 A

TYR 331 A  12.66    58 %    2.65  445   0.00    0    0.00 XXX   0 X    0.00 XXX   0 X    0.01 GLU 327 A

TYR 340 A  12.74    58 %    1.57  443   0.00    0    0.58 GLU 149 A    0.00 XXX   0 X    0.03 GLU 179 A
TYR 340 A                                            0.00 XXX   0 X    0.00 XXX   0 X    0.01 GLU 262 A
TYR 340 A                                            0.00 XXX   0 X    0.00 XXX   0 X    0.55 GLU 149 A

LYS   3 A  10.52     0 %   -0.06  109   0.00    0    0.00 XXX   0 X    0.00 XXX   0 X    0.07 ASP 130 A

LYS   6 A  10.53     0 %   -0.07  134   0.00    0    0.00 XXX   0 X    0.00 XXX   0 X    0.11 ASP  10 A
LYS   6 A                                            0.00 XXX   0 X    0.00 XXX   0 X    0.01 ASP 174 A
LYS   6 A                                            0.00 XXX   0 X    0.00 XXX   0 X   -0.02 LYS  13 A

LYS  13 A  10.95     0 %   -0.29  235   0.00    0    0.40 ASP  10 A    0.00 XXX   0 X    0.03 ASP 127 A
LYS  13 A                                            0.00 XXX   0 X    0.00 XXX   0 X    0.32 ASP  10 A

LYS  22 A  10.76     0 %   -0.25  220   0.00    0    0.20 GLU  19 A    0.00 XXX   0 X    0.01 ASP  17 A
LYS  22 A                                            0.00 XXX   0 X    0.00 XXX   0 X   -0.02 LYS  23 A
LYS  22 A                                            0.00 XXX   0 X    0.00 XXX   0 X    0.32 GLU  19 A

LYS  23 A  10.83     0 %   -0.19  234   0.00    0    0.00 XXX   0 X    0.00 XXX   0 X    0.10 ASP  17 A
LYS  23 A                                            0.00 XXX   0 X    0.00 XXX   0 X    0.25 GLU  19 A
LYS  23 A                                            0.00 XXX   0 X    0.00 XXX   0 X    0.04 GLU  27 A
LYS  23 A                                            0.00 XXX   0 X    0.00 XXX   0 X    0.13 ASP 253 A

LYS  34 A  10.65     0 %   -0.19  227   0.00    0    0.00 XXX   0 X    0.00 XXX   0 X    0.21 ASP  31 A
LYS  34 A                                            0.00 XXX   0 X    0.00 XXX   0 X    0.13 ASP  82 A

LYS  39 A  10.39     0 %   -0.11  195   0.00    0    0.00 XXX   0 X    0.00 XXX   0 X    0.00 XXX   0 X

LYS  42 A  10.68    24 %   -1.00  349   0.00    0    0.85 GLU 111 A    0.00 XXX   0 X   -0.13 ARG  43 A
LYS  42 A                                            0.00 XXX   0 X    0.00 XXX   0 X    0.02 ASP 109 A
LYS  42 A                                            0.00 XXX   0 X    0.00 XXX   0 X   -0.08 ARG 217 A
LYS  42 A                                            0.00 XXX   0 X    0.00 XXX   0 X    0.52 GLU 111 A

LYS  86 A  10.23     0 %   -0.15  150   0.00    0    0.00 XXX   0 X    0.00 XXX   0 X   -0.12 LYS  87 A

LYS  87 A  10.36     0 %   -0.14  162   0.00    0    0.00 XXX   0 X    0.00 XXX   0 X    0.00 XXX   0 X

LYS 100 A   9.27    62 %   -1.38  456   0.00    0    0.00 XXX   0 X    0.00 XXX   0 X    0.05 GLU  29 A
LYS 100 A                                            0.00 XXX   0 X    0.00 XXX   0 X    0.02 ASP  95 A
LYS 100 A                                            0.00 XXX   0 X    0.00 XXX   0 X    0.08 GLU 102 A

LYS 126 A  11.57     0 %   -0.33  214   0.00    0    0.85 GLU 134 A    0.00 XXX   0 X    0.03 ASP 123 A
LYS 126 A                                            0.00 XXX   0 X    0.00 XXX   0 X    0.03 ASP 127 A
LYS 126 A                                            0.00 XXX   0 X    0.00 XXX   0 X    0.11 ASP 130 A
LYS 126 A                                            0.00 XXX   0 X    0.00 XXX   0 X    0.38 GLU 134 A

LYS 135 A   9.79    18 %   -0.95  331   0.00    0    0.00 XXX   0 X    0.00 XXX   0 X   -0.01 ARG 118 A
LYS 135 A                                            0.00 XXX   0 X    0.00 XXX   0 X    0.23 ASP 122 A
LYS 135 A                                            0.00 XXX   0 X    0.00 XXX   0 X    0.05 GLU 134 A
LYS 135 A                                            0.00 XXX   0 X    0.00 XXX   0 X   -0.04 LYS 137 A

LYS 137 A  10.46     0 %   -0.27  273   0.00    0    0.00 XXX   0 X    0.00 XXX   0 X    0.09 GLU 134 A
LYS 137 A                                            0.00 XXX   0 X    0.00 XXX   0 X    0.15 GLU 181 A

LYS 141 A  11.39     0 %   -0.22  235   0.00    0    0.37 ASP 139 A    0.00 XXX   0 X    0.26 GLU 179 A
LYS 141 A                                            0.00 XXX   0 X    0.00 XXX   0 X    0.09 TYR 133 A
LYS 141 A                                            0.00 XXX   0 X    0.00 XXX   0 X    0.38 ASP 139 A

LYS 155 A  10.22     0 %   -0.28  263   0.00    0    0.00 XXX   0 X    0.00 XXX   0 X    0.00 XXX   0 X

LYS 158 A  10.39     0 %   -0.11  236   0.00    0    0.00 XXX   0 X    0.00 XXX   0 X   -0.02 ARG 154 A
LYS 158 A                                            0.00 XXX   0 X    0.00 XXX   0 X    0.02 ASP 169 A

LYS 177 A   7.70    65 %   -2.41  464   0.00    0   -0.20 LYS 339 A    0.00 XXX   0 X    0.23 GLU 149 A
LYS 177 A                                            0.00 XXX   0 X    0.00 XXX   0 X    0.23 GLU 179 A
LYS 177 A                                            0.00 XXX   0 X    0.00 XXX   0 X    0.02 GLU 183 A
LYS 177 A                                            0.00 XXX   0 X    0.00 XXX   0 X    0.10 GLU 262 A
LYS 177 A                                            0.00 XXX   0 X    0.00 XXX   0 X   -0.76 LYS 339 A

LYS 188 A  10.36     0 %   -0.14  145   0.00    0    0.00 XXX   0 X    0.00 XXX   0 X    0.00 CYS 184 A

LYS 191 A  10.07    15 %   -0.74  324   0.00    0    0.16 GLU 262 A    0.00 XXX   0 X   -0.44 ARG 196 A
LYS 191 A                                            0.00 XXX   0 X    0.00 XXX   0 X    0.18 ASP 304 A
LYS 191 A                                            0.00 XXX   0 X    0.00 XXX   0 X   -0.03 LYS 188 A
LYS 191 A                                            0.00 XXX   0 X    0.00 XXX   0 X   -0.12 LYS 339 A
LYS 191 A                                            0.00 XXX   0 X    0.00 XXX   0 X    0.55 GLU 262 A

LYS 232 A   9.27    30 %   -1.39  364   0.00    0    0.00 XXX   0 X    0.00 XXX   0 X    0.03 ASP 105 A
LYS 232 A                                            0.00 XXX   0 X    0.00 XXX   0 X    0.12 GLU 222 A

LYS 242 A  11.53    62 %   -1.28  455   0.00    0    0.84 TYR 246 A    0.00 XXX   0 X    0.83 TYR 246 A
LYS 242 A                                            0.00 XXX   0 X    0.00 XXX   0 X    0.63 GLU 327 A

LYS 272 A  11.34     0 %   -0.39  182   0.00    0    0.85 ASP 320 A    0.00 XXX   0 X    0.38 ASP 320 A

LYS 279 A  10.17     0 %   -0.33  220   0.00    0    0.00 XXX   0 X    0.00 XXX   0 X    0.00 XXX   0 X

LYS 282 A  10.45     0 %   -0.05   84   0.00    0    0.00 XXX   0 X    0.00 XXX   0 X    0.00 XXX   0 X

LYS 284 A  10.31     0 %   -0.38  254   0.00    0    0.00 XXX   0 X    0.00 XXX   0 X    0.14 GLU 270 A
LYS 284 A                                            0.00 XXX   0 X    0.00 XXX   0 X    0.05 TYR 269 A

LYS 288 A   9.09    85 %   -2.16  519   0.00    0    0.00 XXX   0 X    0.00 XXX   0 X   -0.56 ARG 197 A
LYS 288 A                                            0.00 XXX   0 X    0.00 XXX   0 X    0.33 GLU 270 A
LYS 288 A                                            0.00 XXX   0 X    0.00 XXX   0 X    0.03 ASP 307 A
LYS 288 A                                            0.00 XXX   0 X    0.00 XXX   0 X    0.95 ASP 238 A

LYS 292 A  10.28     0 %   -0.27  197   0.00    0    0.00 XXX   0 X    0.00 XXX   0 X    0.05 ASP 320 A

LYS 339 A  10.26    56 %   -1.17  438   0.00    0    0.20 LYS 177 A    0.00 XXX   0 X    0.02 GLU 149 A
LYS 339 A                                            0.00 XXX   0 X    0.00 XXX   0 X    0.17 GLU 179 A
LYS 339 A                                            0.00 XXX   0 X    0.00 XXX   0 X    0.15 GLU 183 A
LYS 339 A                                            0.00 XXX   0 X    0.00 XXX   0 X    0.03 CYS 184 A
LYS 339 A                                            0.00 XXX   0 X    0.00 XXX   0 X    0.35 GLU 262 A
LYS 339 A                                            0.00 XXX   0 X    0.00 XXX   0 X    0.01 ASP 304 A

LYS 343 A   9.18    55 %   -1.92  434   0.00    0    0.00 XXX   0 X    0.00 XXX   0 X    0.23 ASP  10 A
LYS 343 A                                            0.00 XXX   0 X    0.00 XXX   0 X    0.40 ASP 174 A
LYS 343 A                                            0.00 XXX   0 X    0.00 XXX   0 X   -0.03 LYS  13 A

LYS 345 A  11.13     0 %   -0.29  241   0.00    0    0.55 GLU 171 A    0.00 XXX   0 X    0.36 GLU 171 A

LYS 349 A  10.47     0 %   -0.04   94   0.00    0    0.00 XXX   0 X    0.00 XXX   0 X    0.02 ASP 169 A

ARG  43 A  12.37     0 %   -0.23  210   0.00    0    0.00 XXX   0 X    0.00 XXX   0 X    0.10 GLU 111 A

ARG  74 A  12.71     0 %   -0.20  234   0.00    0    0.00 XXX   0 X    0.00 XXX   0 X    0.20 GLU  54 A
ARG  74 A                                            0.00 XXX   0 X    0.00 XXX   0 X    0.21 ASP  70 A

ARG 118 A  13.30     0 %   -0.21  215   0.00    0    0.55 TYR 114 A    0.00 XXX   0 X    0.13 ASP 122 A
ARG 118 A                                            0.00 XXX   0 X    0.00 XXX   0 X    0.34 TYR 114 A

ARG 145 A  12.58     0 %   -0.11  195   0.00    0    0.00 XXX   0 X    0.00 XXX   0 X    0.19 ASP 146 A

ARG 154 A  12.17     1 %   -0.43  285   0.00    0    0.00 XXX   0 X    0.00 XXX   0 X    0.09 ASP 146 A
ARG 154 A                                            0.00 XXX   0 X    0.00 XXX   0 X    0.15 GLU 151 A
ARG 154 A                                            0.00 XXX   0 X    0.00 XXX   0 X   -0.14 ARG 145 A

ARG 180 A  12.06    56 %   -1.53  438   0.00    0    0.37 GLU 183 A    0.00 XXX   0 X    0.01 GLU 181 A
ARG 180 A                                            0.00 XXX   0 X    0.00 XXX   0 X    0.03 CYS 184 A
ARG 180 A                                            0.00 XXX   0 X    0.00 XXX   0 X    0.67 GLU 183 A

ARG 186 A  11.36    40 %   -1.24  392   0.00    0    0.00 XXX   0 X    0.00 XXX   0 X    0.40 GLU 183 A
ARG 186 A                                            0.00 XXX   0 X    0.00 XXX   0 X    0.03 CYS 184 A
ARG 186 A                                            0.00 XXX   0 X    0.00 XXX   0 X    0.09 ASP 332 A
ARG 186 A                                            0.00 XXX   0 X    0.00 XXX   0 X   -0.42 ARG 180 A

ARG 196 A  13.40    16 %   -0.71  326   0.00    0    0.28 TYR 187 A    0.00 XXX   0 X    0.38 TYR 187 A
ARG 196 A                                            0.45 GLU 262 A    0.00 XXX   0 X    0.13 ASP 304 A
ARG 196 A                                            0.00 XXX   0 X    0.00 XXX   0 X    0.38 GLU 262 A

ARG 197 A  13.28    75 %   -1.81  490   0.00    0    0.21 TYR 328 A    0.00 XXX   0 X    0.11 TYR 156 A
ARG 197 A                                            0.00 XXX   0 X    0.00 XXX   0 X    0.35 ASP 238 A
ARG 197 A                                            0.00 XXX   0 X    0.00 XXX   0 X    0.09 GLU 270 A
ARG 197 A                                            0.00 XXX   0 X    0.00 XXX   0 X    0.46 ASP 307 A
ARG 197 A                                            0.00 XXX   0 X    0.00 XXX   0 X    1.37 TYR 328 A

ARG 204 A  12.60    61 %   -1.50  451   0.00    0    0.13 TYR  28 A    0.00 XXX   0 X    0.32 GLU  27 A
ARG 204 A                                            0.00 XXX   0 X    0.00 XXX   0 X    0.80 TYR  28 A
ARG 204 A                                            0.00 XXX   0 X    0.00 XXX   0 X    0.34 GLU 102 A

ARG 217 A  12.32    61 %   -1.12  451   0.00    0    0.00 XXX   0 X    0.00 XXX   0 X    0.16 TYR  49 A
ARG 217 A                                            0.00 XXX   0 X    0.00 XXX   0 X    0.07 ASP 105 A
ARG 217 A                                            0.00 XXX   0 X    0.00 XXX   0 X    0.05 GLU 111 A
ARG 217 A                                            0.00 XXX   0 X    0.00 XXX   0 X    0.66 ASP 109 A

N+    2 A   8.27     0 %   -0.35  195   0.00    0    0.00 XXX   0 X    0.00 XXX   0 X   -0.09 LYS   3 A
N+    2 A                                            0.00 XXX   0 X    0.00 XXX   0 X   -0.00 LYS  13 A
N+    2 A                                            0.00 XXX   0 X    0.00 XXX   0 X    0.38 ASP 127 A
N+    2 A                                            0.00 XXX   0 X    0.00 XXX   0 X    0.34 ASP 130 A


2026-03-25 12:06:55,837 INFO:output.py:227:print_pka_section:pKa summary:
--------------------------------------------------------------------------------------------------------
SUMMARY OF THIS PREDICTION
       Group      pKa  model-pKa   ligand atom-type
   ASP  10 A     3.15       3.80                      
   ASP  17 A     3.64       3.80                      
   ASP  31 A     3.21       3.80                      
   ASP  65 A     4.00       3.80                      
   ASP  70 A     3.90       3.80                      
   ASP  82 A     4.20       3.80                      
   ASP  95 A     3.99       3.80                      
   ASP 105 A     6.22       3.80                      
   ASP 109 A     6.88       3.80                      
   ASP 122 A     3.75       3.80                      
   ASP 123 A     3.54       3.80                      
   ASP 127 A     2.80       3.80                      
   ASP 130 A     3.75       3.80                      
   ASP 139 A     3.39       3.80                      
   ASP 144 A     3.96       3.80                      
   ASP 146 A     3.47       3.80                      
   ASP 169 A     3.81       3.80                      
   ASP 174 A     4.97       3.80                      
   ASP 238 A     4.70       3.80                      
   ASP 253 A     4.47       3.80                      
   ASP 296 A     3.65       3.80                      
   ASP 304 A     3.64       3.80                      
   ASP 307 A     5.15       3.80                      
   ASP 320 A     2.14       3.80                      
   ASP 332 A     3.83       3.80                      
   GLU  19 A     4.11       4.50                      
   GLU  27 A     4.70       4.50                      
   GLU  29 A     4.75       4.50                      
   GLU  54 A     4.96       4.50                      
   GLU 102 A     5.14       4.50                      
   GLU 111 A     4.87       4.50                      
   GLU 134 A     3.58       4.50                      
   GLU 148 A     4.61       4.50                      
   GLU 149 A     4.24       4.50                      
   GLU 151 A     4.73       4.50                      
   GLU 171 A     3.85       4.50                      
   GLU 179 A     5.10       4.50                      
   GLU 181 A     4.56       4.50                      
   GLU 183 A     6.57       4.50                      
   GLU 222 A     4.42       4.50                      
   GLU 262 A     4.06       4.50                      
   GLU 270 A     4.64       4.50                      
   GLU 327 A     5.94       4.50                      
   C-  349 A     3.35       3.20                      
   HIS  81 A     3.83       6.50                      
   HIS 161 A     5.57       6.50                      
   HIS 165 A     5.25       6.50                      
   HIS 194 A     6.34       6.50                      
   HIS 201 A     3.92       6.50                      
   HIS 248 A     5.62       6.50                      
   HIS 273 A     6.20       6.50                      
   HIS 276 A     5.90       6.50                      
   HIS 285 A     5.97       6.50                      
   CYS 184 A     9.02       9.00                      
   CYS 247 A    11.99       9.00                      
   TYR  28 A    11.52      10.00                      
   TYR  49 A    15.46      10.00                      
   TYR  76 A    12.15      10.00                      
   TYR 114 A     9.50      10.00                      
   TYR 133 A    11.06      10.00                      
   TYR 156 A    15.64      10.00                      
   TYR 168 A    12.24      10.00                      
   TYR 187 A    13.96      10.00                      
   TYR 228 A    12.88      10.00                      
   TYR 235 A    13.32      10.00                      
   TYR 246 A    10.01      10.00                      
   TYR 269 A    10.20      10.00                      
   TYR 325 A    12.04      10.00                      
   TYR 328 A    14.77      10.00                      
   TYR 331 A    12.66      10.00                      
   TYR 340 A    12.74      10.00                      
   LYS   3 A    10.52      10.50                      
   LYS   6 A    10.53      10.50                      
   LYS  13 A    10.95      10.50                      
   LYS  22 A    10.76      10.50                      
   LYS  23 A    10.83      10.50                      
   LYS  34 A    10.65      10.50                      
   LYS  39 A    10.39      10.50                      
   LYS  42 A    10.68      10.50                      
   LYS  86 A    10.23      10.50                      
   LYS  87 A    10.36      10.50                      
   LYS 100 A     9.27      10.50                      
   LYS 126 A    11.57      10.50                      
   LYS 135 A     9.79      10.50                      
   LYS 137 A    10.46      10.50                      
   LYS 141 A    11.39      10.50                      
   LYS 155 A    10.22      10.50                      
   LYS 158 A    10.39      10.50                      
   LYS 177 A     7.70      10.50                      
   LYS 188 A    10.36      10.50                      
   LYS 191 A    10.07      10.50                      
   LYS 232 A     9.27      10.50                      
   LYS 242 A    11.53      10.50                      
   LYS 272 A    11.34      10.50                      
   LYS 279 A    10.17      10.50                      
   LYS 282 A    10.45      10.50                      
   LYS 284 A    10.31      10.50                      
   LYS 288 A     9.09      10.50                      
   LYS 292 A    10.28      10.50                      
   LYS 339 A    10.26      10.50                      
   LYS 343 A     9.18      10.50                      
   LYS 345 A    11.13      10.50                      
   LYS 349 A    10.47      10.50                      
   ARG  43 A    12.37      12.50                      
   ARG  74 A    12.71      12.50                      
   ARG 118 A    13.30      12.50                      
   ARG 145 A    12.58      12.50                      
   ARG 154 A    12.17      12.50                      
   ARG 180 A    12.06      12.50                      
   ARG 186 A    11.36      12.50                      
   ARG 196 A    13.40      12.50                      
   ARG 197 A    13.28      12.50                      
   ARG 204 A    12.60      12.50                      
   ARG 217 A    12.32      12.50                      
   N+    2 A     8.27       8.00                      

2026-03-25 12:06:55,858 INFO:main.py:636:non_trivial:PROPKA information:
--------------------------------------------------------------------------------------------------------
Free energy of   folding (kcal/mol) as a function of pH (using neutral reference)
  0.00     47.45
  1.00     47.40
  2.00     47.00
  3.00     45.43
  4.00     44.07
  5.00     46.97
  6.00     48.23
  7.00     46.86
  8.00     46.07
  9.00     44.97
 10.00     45.83
 11.00     57.48
 12.00     73.59
 13.00     85.32
 14.00     92.87

The pH of optimum stability is  3.9 for which the free energy is   44.0 kcal/mol at 298K
Could not determine pH values where the free energy is within 80 % of minimum
Could not determine the pH-range where the free energy is negative


Protein charge of folded and unfolded state as a function of pH
    pH  unfolded  folded
  0.00     52.99   52.99
  0.10     52.99   52.98
  0.20     52.99   52.98
  0.30     52.99   52.97
  0.40     52.99   52.96
  0.50     52.98   52.95
  0.60     52.98   52.94
  0.70     52.97   52.93
  0.80     52.97   52.91
  0.90     52.96   52.89
  1.00     52.95   52.86
  1.10     52.94   52.82
  1.20     52.92   52.78
  1.30     52.90   52.73
  1.40     52.87   52.66
  1.50     52.84   52.58
  1.60     52.80   52.49
  1.70     52.74   52.37
  1.80     52.68   52.23
  1.90     52.60   52.07
  2.00     52.49   51.88
  2.10     52.37   51.65
  2.20     52.21   51.38
  2.30     52.01   51.07
  2.40     51.76   50.71
  2.50     51.46   50.29
  2.60     51.09   49.80
  2.70     50.64   49.24
  2.80     50.09   48.59
  2.90     49.43   47.85
  3.00     48.64   47.00
  3.10     47.71   46.04
  3.20     46.62   44.98
  3.30     45.36   43.79
  3.40     43.94   42.50
  3.50     42.34   41.10
  3.60     40.59   39.61
  3.70     38.70   38.04
  3.80     36.69   36.40
  3.90     34.60   34.72
  4.00     32.46   33.01
  4.10     30.30   31.28
  4.20     28.15   29.57
  4.30     26.06   27.86
  4.40     24.04   26.19
  4.50     22.12   24.55
  4.60     20.31   22.95
  4.70     18.65   21.40
  4.80     17.13   19.91
  4.90     15.76   18.47
  5.00     14.55   17.10
  5.10     13.47   15.79
  5.20     12.53   14.56
  5.30     11.70   13.38
  5.40     10.97   12.28
  5.50     10.31   11.23
  5.60      9.71   10.25
  5.70      9.14    9.31
  5.80      8.60    8.43
  5.90      8.07    7.60
  6.00      7.53    6.81
  6.10      6.99    6.07
  6.20      6.42    5.37
  6.30      5.85    4.71
  6.40      5.27    4.11
  6.50      4.68    3.54
  6.60      4.11    3.02
  6.70      3.56    2.54
  6.80      3.03    2.11
  6.90      2.54    1.71
  7.00      2.10    1.35
  7.10      1.70    1.02
  7.20      1.33    0.72
  7.30      1.01    0.44
  7.40      0.72    0.18
  7.50      0.46   -0.07
  7.60      0.22   -0.32
  7.70     -0.01   -0.55
  7.80     -0.23   -0.79
  7.90     -0.44   -1.03
  8.00     -0.66   -1.28
  8.10     -0.88   -1.54
  8.20     -1.12   -1.82
  8.30     -1.37   -2.12
  8.40     -1.65   -2.44
  8.50     -1.96   -2.79
  8.60     -2.31   -3.18
  8.70     -2.71   -3.60
  8.80     -3.17   -4.08
  8.90     -3.70   -4.60
  9.00     -4.32   -5.18
  9.10     -5.04   -5.82
  9.20     -5.87   -6.52
  9.30     -6.84   -7.29
  9.40     -7.96   -8.13
  9.50     -9.24   -9.03
  9.60    -10.71  -10.02
  9.70    -12.38  -11.09
  9.80    -14.24  -12.24
  9.90    -16.30  -13.48
 10.00    -18.53  -14.80
 10.10    -20.92  -16.20
 10.20    -23.42  -17.67
 10.30    -26.00  -19.19
 10.40    -28.62  -20.75
 10.50    -31.20  -22.32
 10.60    -33.71  -23.90
 10.70    -36.09  -25.46
 10.80    -38.31  -26.99
 10.90    -40.34  -28.48
 11.00    -42.17  -29.92
 11.10    -43.80  -31.32
 11.20    -45.24  -32.67
 11.30    -46.50  -33.97
 11.40    -47.61  -35.24
 11.50    -48.59  -36.47
 11.60    -49.48  -37.66
 11.70    -50.29  -38.83
 11.80    -51.05  -39.98
 11.90    -51.78  -41.11
 12.00    -52.50  -42.23
 12.10    -53.22  -43.33
 12.20    -53.94  -44.41
 12.30    -54.68  -45.48
 12.40    -55.41  -46.53
 12.50    -56.13  -47.55
 12.60    -56.84  -48.54
 12.70    -57.51  -49.49
 12.80    -58.14  -50.40
 12.90    -58.72  -51.27
 13.00    -59.24  -52.09
 13.10    -59.70  -52.86
 13.20    -60.10  -53.59
 13.30    -60.44  -54.26
 13.40    -60.72  -54.88
 13.50    -60.96  -55.44
 13.60    -61.16  -55.96
 13.70    -61.32  -56.43
 13.80    -61.46  -56.86
 13.90    -61.56  -57.24
 14.00    -61.65  -57.59
The pI is  7.47 (folded) and  7.69 (unfolded)

--------------------------------------------------------------------------------------------------------
2026-03-25 12:06:55,858 INFO:biomolecule.py:794:apply_pka_values:Applying pKa values at a pH of 7.40:
2026-03-25 12:06:55,859 INFO:main.py:649:non_trivial:Adding hydrogens to biomolecule.
2026-03-25 12:06:56,107 INFO:main.py:652:non_trivial:Debumping biomolecule (again).
2026-03-25 12:06:56,425 INFO:main.py:654:non_trivial:Optimizing hydrogen bonds
2026-03-25 12:06:57,014 INFO:main.py:666:non_trivial:Applying force field to biomolecule states.
2026-03-25 12:06:57,018 INFO:main.py:713:non_trivial:Regenerating headers.
2026-03-25 12:06:57,019 INFO:main.py:738:non_trivial:Regenerating PDB lines.
2026-03-25 12:06:57,046 WARNING:main.py:311:print_pqr:Ignoring 465 header lines in output.
