2026-03-24 10:41:20,750 INFO:main.py:240:print_splash_screen:PDB2PQR v3.6.1: biomolecular structure conversion software.
2026-03-24 10:41:20,750 INFO:main.py:242:print_splash_screen:Please cite:  Jurrus E, et al.  Improvements to the APBS biomolecular solvation software suite.  Protein Sci 27 112-128 (2018).
2026-03-24 10:41:20,750 INFO:main.py:242:print_splash_screen:Please cite:  Dolinsky TJ, et al.  PDB2PQR: expanding and upgrading automated preparation of biomolecular structures for molecular simulations. Nucleic Acids Res 35 W522-W525 (2007).
2026-03-24 10:41:20,750 INFO:main.py:759:main_driver:Checking and transforming input arguments.
2026-03-24 10:41:20,751 INFO:main.py:763:main_driver:Loading topology files.
2026-03-24 10:41:20,796 INFO:main.py:765:main_driver:Loading molecule: /home/grheco/repositorios/stack_protein_prep/data/proteins/2AFX/fasta/alignments/filler/A/2AFX_protein_mod.pdb
2026-03-24 10:41:20,805 INFO:main.py:770:main_driver:Setting up molecule.
2026-03-24 10:41:20,817 INFO:main.py:408:setup_molecule:Created biomolecule object with 361 residues and 2890 atoms.
2026-03-24 10:41:20,818 INFO:main.py:774:main_driver:Setting termini states for biomolecule chains.
2026-03-24 10:41:20,824 INFO:main.py:604:non_trivial:Loading forcefield.
2026-03-24 10:41:20,830 INFO:main.py:608:non_trivial:Loading hydrogen topology definitions.
2026-03-24 10:41:20,832 INFO:main.py:459:is_repairable:This biomolecule is clean.  No repair needed.
2026-03-24 10:41:20,832 INFO:main.py:623:non_trivial:Updating disulfide bridges.
2026-03-24 10:41:20,833 INFO:main.py:626:non_trivial:Debumping biomolecule.
2026-03-24 10:41:20,923 INFO:main.py:633:non_trivial:Assigning titration states with PROPKA.
2026-03-24 10:41:20,940 INFO:output.py:74:print_header:
propka3.5.1                                                                                  2026-03-24

-------------------------------------------------------------------------------
--                                                                           --
--  PROPKA: A PROTEIN PKA PREDICTOR                                          --
--                                                                           --
--  VERSION 1.0,  04/25/2004,  IOWA CITY                                     --
--  BY HUI LI                                                                --
--                                                                           --
--  VERSION 2.0,  11/05/2007, IOWA CITY/COPENHAGEN                           --
--  BY DELPHINE C. BAS AND DAVID M. ROGERS                                   --
--                                                                           --
--  VERSION 3.0,  01/06/2011, COPENHAGEN                                     --
--  BY MATS H.M. OLSSON AND CHRESTEN R. SONDERGARD                           --
--                                                                           --
--  VERSION 3.1,  07/01/2011, COPENHAGEN                                     --
--  BY CHRESTEN R. SONDERGARD AND MATS H.M. OLSSON                           --
--                                                                           --
--  VERSION 3.2,  06/17/2020, PLANET EARTH                                   --
--  SEE ABOVE FOR AUTHORS                                                    --
--                                                                           --
-------------------------------------------------------------------------------


-------------------------------------------------------------------------------
References:

Very Fast Empirical Prediction and Rationalization of Protein pKa Values.
Hui Li, Andrew D. Robertson and Jan H. Jensen. PROTEINS: Structure, Function,
and Bioinformatics. 61:704-721 (2005)

Very Fast Prediction and Rationalization of pKa Values for Protein-Ligand
Complexes.  Delphine C. Bas, David M. Rogers and Jan H. Jensen.  PROTEINS:
Structure, Function, and Bioinformatics 73:765-783 (2008)

PROPKA3: Consistent Treatment of Internal and Surface Residues in Empirical
pKa predictions.  Mats H.M. Olsson, Chresten R. Sondergard, Michal Rostkowski,
and Jan H. Jensen.  Journal of Chemical Theory and Computation, 7(2):525-537
(2011)

Improved Treatment of Ligands and Coupling Effects in Empirical Calculation
and Rationalization of pKa Values.  Chresten R. Sondergaard, Mats H.M. Olsson,
Michal Rostkowski, and Jan H. Jensen.  Journal of Chemical Theory and
Computation, (2011)
-------------------------------------------------------------------------------



2026-03-24 10:41:21,042 INFO:conformation_container.py:124:find_covalently_coupled_groups:Coupling map:

2026-03-24 10:41:21,043 INFO:conformation_container.py:213:calculate_pka:Calculating pKas for Conformation container 1A with 3468 atoms and 881 groups
2026-03-24 10:41:21,559 INFO:output.py:225:print_pka_section:pKa determinants:

---------  -----   ------   ---------------------    --------------    --------------    --------------
                            DESOLVATION  EFFECTS       SIDECHAIN          BACKBONE        COULOMBIC
 RESIDUE    pKa    BURIED     REGULAR      RE        HYDROGEN BOND     HYDROGEN BOND      INTERACTION
---------  -----   ------   ---------   ---------    --------------    --------------    --------------

ASP  69 A   7.21    83 %    3.35  514   0.65    0   -0.02 ARG  94 A    0.00 XXX   0 X   -0.11 ARG  97 A
ASP  69 A                                            0.00 XXX   0 X    0.00 XXX   0 X   -0.18 ARG 172 A
ASP  69 A                                            0.00 XXX   0 X    0.00 XXX   0 X    0.04 GLU  64 A
ASP  69 A                                            0.00 XXX   0 X    0.00 XXX   0 X    0.48 GLU 169 A
ASP  69 A                                            0.00 XXX   0 X    0.00 XXX   0 X   -0.79 ARG  94 A

ASP 101 A   4.88    23 %    1.19  346   0.13    0    0.00 XXX   0 X   -0.00 THR 183 A   -0.12 LYS 182 A
ASP 101 A                                            0.00 XXX   0 X    0.00 XXX   0 X   -0.15 LYS 188 A
ASP 101 A                                            0.00 XXX   0 X    0.00 XXX   0 X    0.03 ASP 175 A

ASP 107 A   3.78    47 %    1.80  414   0.01    0   -0.46 ASN 122 A    0.00 XXX   0 X   -0.43 LYS 222 A
ASP 107 A                                           -0.01 LYS 222 A    0.00 XXX   0 X   -0.59 HIS 218 A
ASP 107 A                                           -0.33 HIS 218 A    0.00 XXX   0 X    0.00 XXX   0 X

ASP 142 A   3.81*  100 %    4.11  708   0.53    0   -1.60 HIS 140 A   -0.24 ASP 142 A   -0.30 ARG  77 A
ASP 142 A                                            0.00 XXX   0 X   -0.00 GLY 200 A    0.43 ASP 159 A
ASP 142 A                                            0.00 XXX   0 X   -0.53 GLU 201 A    0.07 ASP 305 A
ASP 142 A                                            0.00 XXX   0 X   -0.66 GLU 202 A   -1.80 HIS 140 A

ASP 159 A  -1.46*  100 %    3.52  640   0.00    0   -0.43 SER 160 A    0.00 XXX   0 X   -0.14 ARG  77 A
ASP 159 A                                           -1.60 HIS 140 A    0.00 XXX   0 X   -0.17 LYS 144 A
ASP 159 A                                           -1.23 GLU 202 A    0.00 XXX   0 X   -1.67 HIS 140 A
ASP 159 A                                           -0.74 ASP 248 A    0.00 XXX   0 X   -1.18 HIS 330 A
ASP 159 A                                           -1.60 HIS 330 A    0.00 XXX   0 X    0.00 XXX   0 X

ASP 175 A   4.34    34 %    1.67  376   0.16    0    0.00 XXX   0 X   -0.73 GLN  99 A   -0.06 ARG  97 A
ASP 175 A                                            0.00 XXX   0 X   -0.49 ALA 100 A   -0.01 ARG 172 A
ASP 175 A                                            0.00 XXX   0 X    0.00 XXX   0 X   -0.00 LYS 176 A

ASP 186 A   4.17     0 %    0.27  261   0.00    0    0.00 XXX   0 X    0.00 XXX   0 X   -0.10 LYS 132 A
ASP 186 A                                            0.00 XXX   0 X    0.00 XXX   0 X   -0.03 LYS 188 A
ASP 186 A                                            0.00 XXX   0 X    0.00 XXX   0 X    0.22 ASP 190 A

ASP 190 A   3.68    39 %    1.19  391   0.32    0   -0.74 LYS 132 A   -0.06 LYS 132 A   -0.20 ARG 133 A
ASP 190 A                                            0.00 XXX   0 X    0.00 XXX   0 X   -0.04 LYS 188 A
ASP 190 A                                            0.00 XXX   0 X    0.00 XXX   0 X   -0.05 HIS 134 A
ASP 190 A                                            0.00 XXX   0 X    0.00 XXX   0 X   -0.02 HIS 228 A
ASP 190 A                                            0.00 XXX   0 X    0.00 XXX   0 X   -0.51 LYS 132 A

ASP 199 A   7.45*  100 %    3.87  594   0.61    0   -0.33 TYR 141 A   -0.64 SER 121 A   -0.39 ARG  88 A
ASP 199 A                                            0.00 XXX   0 X   -0.45 GLY 200 A   -0.04 ARG 118 A
ASP 199 A                                            0.00 XXX   0 X    0.00 XXX   0 X   -0.13 HIS 140 A
ASP 199 A                                            0.00 XXX   0 X    0.00 XXX   0 X    1.15 ASP 142 A

ASP 211 A   3.64    39 %    2.26  391   0.23    0   -0.85 TYR 214 A   -0.81 PHE 204 A   -0.01 ARG 118 A
ASP 211 A                                            0.00 XXX   0 X   -0.84 LEU 205 A   -0.09 LYS 144 A
ASP 211 A                                            0.00 XXX   0 X    0.00 XXX   0 X   -0.02 ARG 217 A
ASP 211 A                                            0.00 XXX   0 X    0.00 XXX   0 X   -0.01 HIS 206 A

ASP 242 A   5.53    93 %    3.89  543   0.78    0   -1.13 ARG 133 A    0.00 XXX   0 X   -0.30 LYS  40 A
ASP 242 A                                           -0.72 TYR 358 A    0.00 XXX   0 X    0.17 GLU  39 A
ASP 242 A                                            0.00 XXX   0 X    0.00 XXX   0 X    0.07 ASP 190 A
ASP 242 A                                            0.00 XXX   0 X    0.00 XXX   0 X   -1.05 ARG 133 A

ASP 248 A  12.93*  100 %    3.55  659   0.46    0   -0.64 SER 160 A   -0.23 LEU 249 A   -1.44 HIS 140 A
ASP 248 A                                            0.74 ASP 159 A    0.00 XXX   0 X    0.16 ASP 142 A
ASP 248 A                                            1.30 ASP 305 A    0.00 XXX   0 X    0.06 CYS 164 A
ASP 248 A                                            0.00 XXX   0 X    0.00 XXX   0 X    0.05 ASP 334 A
ASP 248 A                                            0.00 XXX   0 X    0.00 XXX   0 X    1.87 ASP 159 A
ASP 248 A                                            0.00 XXX   0 X    0.00 XXX   0 X    0.66 GLU 202 A
ASP 248 A                                            0.00 XXX   0 X    0.00 XXX   0 X    2.03 ASP 305 A
ASP 248 A                                            0.00 XXX   0 X    0.00 XXX   0 X    0.54 ASP 306 A

ASP 286 A   3.91     0 %    0.24  217   0.00    0    0.00 XXX   0 X    0.00 XXX   0 X   -0.22 LYS 285 A
ASP 286 A                                            0.00 XXX   0 X    0.00 XXX   0 X    0.09 ASP 340 A

ASP 305 A   0.80*  100 %    3.86  655   0.41    0   -1.15 GLU 201 A   -0.67 ASP 306 A    0.50 ASP 159 A
ASP 305 A                                           -1.30 ASP 248 A    0.00 XXX   0 X   -0.78 HIS 140 A
ASP 305 A                                           -1.60 HIS 319 A    0.00 XXX   0 X   -0.90 HIS 307 A
ASP 305 A                                            0.00 XXX   0 X    0.00 XXX   0 X   -1.37 HIS 319 A

ASP 306 A   9.70*  100 %    4.42  690   0.09    0    0.00 XXX   0 X    0.00 XXX   0 X    0.12 ASP 159 A
ASP 306 A                                            0.00 XXX   0 X    0.00 XXX   0 X    0.04 ASP 199 A
ASP 306 A                                            0.00 XXX   0 X    0.00 XXX   0 X    0.21 GLU 202 A
ASP 306 A                                            0.00 XXX   0 X    0.00 XXX   0 X   -1.01 HIS 140 A
ASP 306 A                                            0.00 XXX   0 X    0.00 XXX   0 X    0.61 ASP 142 A
ASP 306 A                                            0.00 XXX   0 X    0.00 XXX   0 X    1.43 ASP 305 A

ASP 333 A   3.66     0 %    0.30  244   0.00    0   -0.18 ARG 152 A    0.00 XXX   0 X   -0.26 ARG 152 A

ASP 334 A   6.32    84 %    3.47  516   0.38    0   -0.67 THR 158 A   -0.02 ALA 157 A   -0.15 ARG  77 A
ASP 334 A                                            0.00 XXX   0 X   -0.81 THR 158 A   -0.13 HIS 330 A
ASP 334 A                                            0.00 XXX   0 X   -0.24 ASP 159 A    0.02 ASP 333 A
ASP 334 A                                            0.00 XXX   0 X    0.00 XXX   0 X    0.67 ASP 159 A

ASP 340 A   3.03    30 %    1.00  365   0.01    0   -0.52 SER 342 A   -0.20 SER 342 A   -0.01 LYS 285 A
ASP 340 A                                           -0.48 THR 343 A   -0.58 THR 343 A    0.00 XXX   0 X

ASP 345 A   5.94    69 %    2.29  474   0.40    0    0.00 XXX   0 X    0.00 XXX   0 X   -0.05 LYS 285 A
ASP 345 A                                            0.00 XXX   0 X    0.00 XXX   0 X    0.02 GLU  58 A
ASP 345 A                                            0.00 XXX   0 X    0.00 XXX   0 X    0.17 GLU 169 A
ASP 345 A                                            0.00 XXX   0 X    0.00 XXX   0 X    0.10 GLU 341 A
ASP 345 A                                            0.00 XXX   0 X    0.00 XXX   0 X   -0.79 LYS 349 A

GLU  38 A   4.67     0 %    0.17  163   0.00    0    0.00 XXX   0 X    0.00 XXX   0 X    0.00 XXX   0 X

GLU  39 A   4.78    23 %    0.74  347   0.10    0   -0.23 ARG 133 A    0.00 XXX   0 X   -0.19 LYS 132 A
GLU  39 A                                            0.00 XXX   0 X    0.00 XXX   0 X    0.04 ASP 186 A
GLU  39 A                                            0.00 XXX   0 X    0.00 XXX   0 X    0.30 ASP 190 A
GLU  39 A                                            0.00 XXX   0 X    0.00 XXX   0 X   -0.48 ARG 133 A

GLU  58 A   4.55     0 %    0.19  249   0.00    0    0.00 XXX   0 X    0.00 XXX   0 X   -0.14 LYS 349 A

GLU  64 A   4.10     0 %    0.27  249   0.00    0   -0.34 ASN  68 A    0.00 XXX   0 X   -0.08 ARG  94 A
GLU  64 A                                            0.00 XXX   0 X    0.00 XXX   0 X   -0.05 ARG  97 A
GLU  64 A                                            0.00 XXX   0 X    0.00 XXX   0 X   -0.20 ARG 172 A

GLU  76 A   5.47    30 %    1.19  364   0.18    0    0.00 XXX   0 X    0.00 XXX   0 X   -0.00 ARG  77 A
GLU  76 A                                            0.00 XXX   0 X    0.00 XXX   0 X   -0.39 HIS 148 A

GLU 105 A   5.51    51 %    0.87  425   0.16    0    0.00 XXX   0 X    0.00 XXX   0 X   -0.09 LYS 222 A
GLU 105 A                                            0.00 XXX   0 X    0.00 XXX   0 X    0.06 ASP 107 A

GLU 169 A   5.74    77 %    3.01  497   1.00    0   -0.85 THR  60 A   -0.73 SER  61 A   -0.19 ARG  94 A
GLU 169 A                                           -0.33 ARG 172 A    0.00 XXX   0 X   -0.02 ARG  97 A
GLU 169 A                                            0.00 XXX   0 X    0.00 XXX   0 X    0.12 GLU  64 A
GLU 169 A                                            0.00 XXX   0 X    0.00 XXX   0 X   -0.77 ARG 172 A

GLU 201 A  15.27*  100 %    2.99  639   0.13    0    0.22 GLU 202 A    0.00 XXX   0 X   -0.20 LYS 144 A
GLU 201 A                                            1.15 ASP 305 A    0.00 XXX   0 X   -1.71 HIS 140 A
GLU 201 A                                            0.00 XXX   0 X    0.00 XXX   0 X    1.24 ASP 248 A
GLU 201 A                                            0.00 XXX   0 X    0.00 XXX   0 X    0.89 ASP 142 A
GLU 201 A                                            0.00 XXX   0 X    0.00 XXX   0 X    1.09 ASP 159 A
GLU 201 A                                            0.00 XXX   0 X    0.00 XXX   0 X    1.97 GLU 202 A
GLU 201 A                                            0.00 XXX   0 X    0.00 XXX   0 X    1.62 ASP 305 A
GLU 201 A                                            0.00 XXX   0 X    0.00 XXX   0 X    1.38 ASP 306 A

GLU 202 A   6.87*  100 %    3.10  601   0.03    0    1.23 ASP 159 A    0.00 XXX   0 X    0.02 ASP 211 A
GLU 202 A                                           -0.22 GLU 201 A    0.00 XXX   0 X    0.34 ASP 305 A
GLU 202 A                                           -1.60 HIS 330 A    0.00 XXX   0 X    0.04 ASP 334 A
GLU 202 A                                            0.00 XXX   0 X    0.00 XXX   0 X   -1.21 HIS 140 A
GLU 202 A                                            0.00 XXX   0 X    0.00 XXX   0 X    0.87 ASP 142 A
GLU 202 A                                            0.00 XXX   0 X    0.00 XXX   0 X   -0.73 LYS 144 A
GLU 202 A                                            0.00 XXX   0 X    0.00 XXX   0 X    2.01 ASP 159 A
GLU 202 A                                            0.00 XXX   0 X    0.00 XXX   0 X   -1.49 HIS 330 A

GLU 269 A   4.66     0 %    0.22  279   0.00    0    0.00 XXX   0 X    0.00 XXX   0 X   -0.04 ARG 266 A
GLU 269 A                                            0.00 XXX   0 X    0.00 XXX   0 X   -0.02 ARG 270 A

GLU 275 A   4.62    81 %    3.51  509   0.46    0   -1.60 HIS 287 A   -0.82 TYR 293 A   -0.13 ARG 292 A
GLU 275 A                                            0.00 XXX   0 X   -0.56 PHE 294 A   -0.05 HIS 276 A
GLU 275 A                                            0.00 XXX   0 X    0.00 XXX   0 X   -0.09 HIS 279 A
GLU 275 A                                            0.00 XXX   0 X    0.00 XXX   0 X   -0.60 HIS 287 A

GLU 277 A   4.76     0 %    0.33  277   0.00    0    0.00 XXX   0 X    0.00 XXX   0 X   -0.03 ARG  54 A
GLU 277 A                                            0.00 XXX   0 X    0.00 XXX   0 X   -0.02 ARG 270 A
GLU 277 A                                            0.00 XXX   0 X    0.00 XXX   0 X   -0.12 HIS 276 A
GLU 277 A                                            0.00 XXX   0 X    0.00 XXX   0 X    0.10 GLU 280 A

GLU 280 A   3.80     0 %    0.29  216   0.00    0   -0.50 HIS 279 A    0.00 XXX   0 X   -0.27 HIS 276 A
GLU 280 A                                            0.00 XXX   0 X    0.00 XXX   0 X   -0.22 HIS 279 A

GLU 290 A   4.47     0 %    0.10  147   0.00    0    0.00 XXX   0 X    0.00 XXX   0 X   -0.12 ARG 292 A

GLU 327 A   4.62     0 %    0.09  182   0.00    0    0.00 XXX   0 X    0.00 XXX   0 X    0.03 ASP 333 A

GLU 336 A   3.96    14 %    0.59  321   0.00    0   -0.84 TRP  66 A    0.00 XXX   0 X    0.00 XXX   0 X
GLU 336 A                                           -0.29 GLN  71 A    0.00 XXX   0 X    0.00 XXX   0 X

GLU 337 A   4.68     0 %    0.13  195   0.00    0    0.00 XXX   0 X    0.00 XXX   0 X   -0.03 ARG 152 A
GLU 337 A                                            0.00 XXX   0 X    0.00 XXX   0 X    0.04 ASP 333 A
GLU 337 A                                            0.00 XXX   0 X    0.00 XXX   0 X    0.04 GLU 336 A

GLU 341 A   4.98    16 %    0.49  325   0.00    0    0.00 XXX   0 X    0.00 XXX   0 X   -0.06 LYS 285 A
GLU 341 A                                            0.00 XXX   0 X    0.00 XXX   0 X    0.01 GLU 336 A
GLU 341 A                                            0.00 XXX   0 X    0.00 XXX   0 X    0.04 ASP 340 A

GLU 357 A   6.44    71 %    2.88  481   0.67    0   -0.77 ARG 270 A   -0.12 LEU  48 A    0.03 C-  361 A
GLU 357 A                                            0.00 XXX   0 X    0.00 XXX   0 X   -0.74 ARG 270 A

C-  361 A   3.94    46 %    1.08  410   0.00    0    0.00 XXX   0 X    0.00 XXX   0 X   -0.27 LYS 177 A
C-  361 A                                            0.00 XXX   0 X    0.00 XXX   0 X   -0.07 HIS 360 A

HIS   6 A   6.39     0 %   -0.11   69   0.00    0    0.00 XXX   0 X    0.00 XXX   0 X    0.00 XXX   0 X

HIS  14 A   6.36     0 %   -0.14   57   0.00    0    0.00 XXX   0 X    0.00 XXX   0 X    0.00 XXX   0 X

HIS  43 A   3.40    64 %   -2.24  460   0.00    0    0.00 XXX   0 X    0.17 TYR 358 A   -0.51 ARG 133 A
HIS  43 A                                            0.00 XXX   0 X    0.00 XXX   0 X   -0.14 ARG 266 A
HIS  43 A                                            0.00 XXX   0 X    0.00 XXX   0 X   -0.37 HIS 360 A

HIS  90 A   4.85    62 %   -1.84  456   0.00    0    0.00 XXX   0 X    0.02 ASN  68 A   -0.21 ARG  94 A
HIS  90 A                                            0.00 XXX   0 X    0.38 ASP  69 A    0.00 XXX   0 X

HIS 134 A   4.00   100 %   -2.89  565   0.00    0    0.00 XXX   0 X    0.32 LEU 127 A   -0.10 LYS 188 A
HIS 134 A                                            0.00 XXX   0 X    0.58 ASN 128 A    0.05 ASP 190 A
HIS 134 A                                            0.00 XXX   0 X    0.00 XXX   0 X   -0.47 HIS 228 A

HIS 140 A  16.66   100 %   -3.46  720   0.00    0    1.60 ASP 142 A    0.44 ASP 142 A   -0.32 ARG  77 A
HIS 140 A                                            1.60 ASP 159 A    0.00 XXX   0 X    0.13 ASP 199 A
HIS 140 A                                            0.00 XXX   0 X    0.00 XXX   0 X    1.71 GLU 201 A
HIS 140 A                                            0.00 XXX   0 X    0.00 XXX   0 X    1.44 ASP 248 A
HIS 140 A                                            0.00 XXX   0 X    0.00 XXX   0 X    1.80 ASP 142 A
HIS 140 A                                            0.00 XXX   0 X    0.00 XXX   0 X    1.67 ASP 159 A
HIS 140 A                                            0.00 XXX   0 X    0.00 XXX   0 X    0.55 CYS 164 A
HIS 140 A                                            0.00 XXX   0 X    0.00 XXX   0 X    1.21 GLU 202 A
HIS 140 A                                            0.00 XXX   0 X    0.00 XXX   0 X    0.78 ASP 305 A
HIS 140 A                                            0.00 XXX   0 X    0.00 XXX   0 X    1.01 ASP 306 A

HIS 148 A   6.60     0 %   -0.29  234   0.00    0    0.00 XXX   0 X    0.00 XXX   0 X    0.39 GLU  76 A

HIS 206 A   6.20     0 %   -0.15  205   0.00    0    0.00 XXX   0 X    0.00 XXX   0 X   -0.17 LYS 144 A
HIS 206 A                                            0.00 XXX   0 X    0.00 XXX   0 X    0.01 ASP 211 A

HIS 218 A   5.78    39 %   -1.40  391   0.00    0    0.33 ASP 107 A    0.00 XXX   0 X   -0.04 ARG 217 A
HIS 218 A                                            0.00 XXX   0 X    0.00 XXX   0 X   -0.20 LYS 222 A
HIS 218 A                                            0.00 XXX   0 X    0.00 XXX   0 X    0.59 ASP 107 A

HIS 228 A   5.62    53 %   -1.64  430   0.00    0    0.00 XXX   0 X    0.77 ALA 131 A   -0.04 LYS 132 A
HIS 228 A                                            0.00 XXX   0 X    0.00 XXX   0 X    0.02 ASP 190 A

HIS 239 A   5.65    21 %   -0.70  341   0.00    0    0.00 XXX   0 X    0.00 XXX   0 X   -0.16 LYS  40 A

HIS 276 A   6.45     2 %   -0.35  287   0.00    0    0.00 XXX   0 X    0.00 XXX   0 X   -0.02 ARG 292 A
HIS 276 A                                            0.00 XXX   0 X    0.00 XXX   0 X    0.05 GLU 275 A
HIS 276 A                                            0.00 XXX   0 X    0.00 XXX   0 X    0.12 GLU 277 A
HIS 276 A                                            0.00 XXX   0 X    0.00 XXX   0 X   -0.10 HIS 279 A
HIS 276 A                                            0.00 XXX   0 X    0.00 XXX   0 X    0.27 GLU 280 A
HIS 276 A                                            0.00 XXX   0 X    0.00 XXX   0 X   -0.01 HIS 287 A

HIS 279 A   7.10     5 %   -0.59  295   0.00    0    0.50 GLU 280 A    0.38 HIS 287 A    0.09 GLU 275 A
HIS 279 A                                            0.00 XXX   0 X    0.00 XXX   0 X    0.22 GLU 280 A

HIS 287 A   6.60    44 %   -1.77  405   0.00    0    1.60 GLU 275 A    0.00 XXX   0 X   -0.02 ARG 292 A
HIS 287 A                                            0.00 XXX   0 X    0.00 XXX   0 X   -0.30 HIS 279 A
HIS 287 A                                            0.00 XXX   0 X    0.00 XXX   0 X    0.60 GLU 275 A

HIS 307 A   2.29    96 %   -3.18  551   0.00    0    0.00 XXX   0 X    0.00 XXX   0 X   -0.07 ARG 312 A
HIS 307 A                                            0.00 XXX   0 X    0.00 XXX   0 X   -1.86 HIS 319 A
HIS 307 A                                            0.00 XXX   0 X    0.00 XXX   0 X    0.90 ASP 305 A

HIS 319 A   5.92   100 %   -3.55  608   0.00    0    1.60 ASP 305 A    0.00 XXX   0 X    1.37 ASP 305 A

HIS 330 A   9.25    75 %   -2.37  491   0.00    0    1.60 ASP 159 A    0.00 XXX   0 X   -0.71 LYS 144 A
HIS 330 A                                            1.60 GLU 202 A    0.00 XXX   0 X   -0.18 HIS 140 A
HIS 330 A                                            0.00 XXX   0 X    0.00 XXX   0 X    0.13 ASP 334 A
HIS 330 A                                            0.00 XXX   0 X    0.00 XXX   0 X    1.18 ASP 159 A
HIS 330 A                                            0.00 XXX   0 X    0.00 XXX   0 X    1.49 GLU 202 A

HIS 360 A   6.00    25 %   -0.79  352   0.00    0    0.00 XXX   0 X    0.28 TYR 358 A   -0.06 ARG 133 A
HIS 360 A                                            0.00 XXX   0 X    0.00 XXX   0 X    0.07 C-  361 A

CYS 139 A  19.34*  100 %    4.09  738   0.00    0    3.60 CYS 164 A    0.00 XXX   0 X   -0.08 ARG  77 A
CYS 139 A                                            0.00 XXX   0 X    0.00 XXX   0 X    0.09 ASP 142 A
CYS 139 A                                            0.00 XXX   0 X    0.00 XXX   0 X    0.01 ASP 159 A
CYS 139 A                                            0.00 XXX   0 X    0.00 XXX   0 X    0.27 ASP 248 A
CYS 139 A                                            0.00 XXX   0 X    0.00 XXX   0 X    0.07 ASP 305 A
CYS 139 A                                            0.00 XXX   0 X    0.00 XXX   0 X    0.25 ASP 306 A
CYS 139 A                                            0.00 XXX   0 X    0.00 XXX   0 X    2.03 CYS 164 A

CYS 164 A   7.95*  100 %    3.71  705   0.00    0   -3.60 CYS 139 A   -0.05 CYS 164 A    0.17 ASP 142 A
CYS 164 A                                            0.00 XXX   0 X    0.00 XXX   0 X    0.04 ASP 159 A
CYS 164 A                                            0.00 XXX   0 X    0.00 XXX   0 X   -0.77 ARG  77 A
CYS 164 A                                            0.00 XXX   0 X    0.00 XXX   0 X   -0.55 HIS 140 A

TYR  42 A  10.27     0 %    0.10  130   0.00    0    0.00 XXX   0 X    0.00 XXX   0 X    0.17 GLU  38 A

TYR  78 A  10.79    14 %    0.48  320   0.00    0    0.00 XXX   0 X    0.00 XXX   0 X    0.26 GLU  76 A
TYR  78 A                                            0.00 XXX   0 X    0.00 XXX   0 X   -0.14 ARG 118 A
TYR  78 A                                            0.00 XXX   0 X    0.00 XXX   0 X    0.20 TYR 145 A

TYR  85 A  10.13     0 %    0.23  193   0.00    0    0.00 XXX   0 X    0.00 XXX   0 X   -0.09 ARG  88 A

TYR 115 A  10.51     0 %    0.36  278   0.00    0    0.00 XXX   0 X    0.00 XXX   0 X   -0.08 ARG 118 A
TYR 115 A                                            0.00 XXX   0 X    0.00 XXX   0 X    0.08 ASP 211 A
TYR 115 A                                            0.00 XXX   0 X    0.00 XXX   0 X    0.15 TYR 145 A

TYR 117 A  10.16     0 %    0.16  135   0.00    0    0.00 XXX   0 X    0.00 XXX   0 X    0.00 XXX   0 X

TYR 141 A  14.50    99 %    3.85  559   0.00    0   -0.46 ARG  88 A    0.00 XXX   0 X   -0.86 ARG  88 A
TYR 141 A                                           -0.85 SER 121 A    0.00 XXX   0 X    0.41 ASP 142 A
TYR 141 A                                            0.33 ASP 199 A    0.00 XXX   0 X    0.05 CYS 164 A
TYR 141 A                                            0.00 XXX   0 X    0.00 XXX   0 X    2.03 ASP 199 A

TYR 145 A   9.57     0 %    0.32  280   0.00    0   -0.85 SER 147 A    0.00 XXX   0 X    0.14 GLU  76 A
TYR 145 A                                            0.00 XXX   0 X    0.00 XXX   0 X   -0.04 ARG 118 A

TYR 214 A  13.54    43 %    2.32  401   0.00    0    0.85 ASP 211 A    0.00 XXX   0 X   -0.04 ARG 118 A
TYR 214 A                                            0.00 XXX   0 X    0.00 XXX   0 X   -0.17 ARG 217 A
TYR 214 A                                            0.00 XXX   0 X    0.00 XXX   0 X    0.01 TYR 115 A
TYR 214 A                                            0.00 XXX   0 X    0.00 XXX   0 X    0.57 ASP 211 A

TYR 293 A  11.59    71 %    2.48  481   0.00    0   -0.65 THR 343 A    0.00 XXX   0 X    0.32 GLU 275 A
TYR 293 A                                           -0.84 ASN 346 A    0.00 XXX   0 X    0.04 ASP 286 A
TYR 293 A                                            0.00 XXX   0 X    0.00 XXX   0 X    0.25 ASP 340 A
TYR 293 A                                            0.00 XXX   0 X    0.00 XXX   0 X    0.00 ASP 345 A

TYR 297 A  11.05    33 %    1.89  374   0.00    0   -0.85 THR 256 A    0.00 XXX   0 X   -0.00 ARG 292 A
TYR 297 A                                            0.00 XXX   0 X    0.00 XXX   0 X    0.01 TYR 299 A

TYR 299 A  10.35     0 %    0.35  274   0.00    0    0.00 XXX   0 X    0.00 XXX   0 X    0.00 XXX   0 X

TYR 358 A  15.65   100 %    4.11  562   0.00    0   -0.30 ARG 133 A    0.00 XXX   0 X    0.01 GLU  39 A
TYR 358 A                                            0.72 ASP 242 A    0.00 XXX   0 X   -0.65 ARG 133 A
TYR 358 A                                            0.00 XXX   0 X    0.00 XXX   0 X   -0.07 ARG 266 A
TYR 358 A                                            0.00 XXX   0 X    0.00 XXX   0 X    1.82 ASP 242 A

LYS  40 A   9.37    61 %   -1.40  452   0.00    0    0.00 XXX   0 X    0.00 XXX   0 X   -0.03 ARG 133 A
LYS  40 A                                            0.00 XXX   0 X    0.00 XXX   0 X    0.30 ASP 242 A

LYS 132 A  11.29    23 %   -0.70  347   0.00    0    0.74 ASP 190 A    0.00 XXX   0 X    0.19 GLU  39 A
LYS 132 A                                            0.00 XXX   0 X    0.00 XXX   0 X   -0.05 ARG 133 A
LYS 132 A                                            0.00 XXX   0 X    0.00 XXX   0 X    0.10 ASP 186 A
LYS 132 A                                            0.00 XXX   0 X    0.00 XXX   0 X    0.51 ASP 190 A

LYS 144 A  10.26    55 %   -1.43  435   0.00    0    0.00 XXX   0 X    0.00 XXX   0 X    0.17 ASP 159 A
LYS 144 A                                            0.00 XXX   0 X    0.00 XXX   0 X    0.20 GLU 201 A
LYS 144 A                                            0.00 XXX   0 X    0.00 XXX   0 X    0.09 ASP 211 A
LYS 144 A                                            0.00 XXX   0 X    0.00 XXX   0 X    0.73 GLU 202 A

LYS 176 A  10.42     0 %   -0.08  186   0.00    0    0.00 XXX   0 X    0.00 XXX   0 X    0.00 ASP 175 A

LYS 177 A   9.92    32 %   -0.79  370   0.00    0    0.00 XXX   0 X    0.00 XXX   0 X    0.27 C-  361 A
LYS 177 A                                            0.00 XXX   0 X    0.00 XXX   0 X   -0.06 LYS 176 A

LYS 182 A  10.50     0 %   -0.12  172   0.00    0    0.00 XXX   0 X    0.00 XXX   0 X    0.12 ASP 101 A

LYS 188 A   9.80    15 %   -0.92  324   0.00    0    0.00 XXX   0 X    0.00 XXX   0 X    0.15 ASP 101 A
LYS 188 A                                            0.00 XXX   0 X    0.00 XXX   0 X    0.03 ASP 186 A
LYS 188 A                                            0.00 XXX   0 X    0.00 XXX   0 X    0.04 ASP 190 A

LYS 222 A  10.71     9 %   -0.33  306   0.00    0    0.01 ASP 107 A    0.00 XXX   0 X    0.09 GLU 105 A
LYS 222 A                                            0.00 XXX   0 X    0.00 XXX   0 X    0.43 ASP 107 A

LYS 285 A  10.71     0 %   -0.13  216   0.00    0    0.00 XXX   0 X    0.00 XXX   0 X    0.22 ASP 286 A
LYS 285 A                                            0.00 XXX   0 X    0.00 XXX   0 X    0.01 ASP 340 A
LYS 285 A                                            0.00 XXX   0 X    0.00 XXX   0 X    0.06 GLU 341 A
LYS 285 A                                            0.00 XXX   0 X    0.00 XXX   0 X    0.05 ASP 345 A

LYS 349 A   9.82    57 %   -1.58  441   0.00    0    0.00 XXX   0 X    0.00 XXX   0 X    0.14 GLU  58 A
LYS 349 A                                            0.00 XXX   0 X    0.00 XXX   0 X   -0.03 LYS 285 A
LYS 349 A                                            0.00 XXX   0 X    0.00 XXX   0 X    0.79 ASP 345 A

ARG   5 A  12.48     0 %   -0.02   40   0.00    0    0.00 XXX   0 X    0.00 XXX   0 X    0.00 XXX   0 X

ARG   7 A  12.45     0 %   -0.05   62   0.00    0    0.00 XXX   0 X    0.00 XXX   0 X    0.00 XXX   0 X

ARG   8 A  12.41     0 %   -0.09   71   0.00    0    0.00 XXX   0 X    0.00 XXX   0 X    0.00 XXX   0 X

ARG  27 A  12.36     0 %   -0.14   71   0.00    0    0.00 XXX   0 X    0.00 XXX   0 X    0.00 XXX   0 X

ARG  54 A  12.07     0 %   -0.45  186   0.00    0    0.00 XXX   0 X    0.00 XXX   0 X    0.03 GLU 277 A

ARG  77 A  10.82   100 %   -3.13  627   0.00    0    0.00 XXX   0 X    0.00 XXX   0 X    0.00 GLU  76 A
ARG  77 A                                            0.00 XXX   0 X    0.00 XXX   0 X    0.08 CYS 139 A
ARG  77 A                                            0.00 XXX   0 X    0.00 XXX   0 X    0.30 ASP 142 A
ARG  77 A                                            0.00 XXX   0 X    0.00 XXX   0 X    0.14 ASP 159 A
ARG  77 A                                            0.00 XXX   0 X    0.00 XXX   0 X    0.15 ASP 334 A
ARG  77 A                                            0.00 XXX   0 X    0.00 XXX   0 X    0.77 CYS 164 A

ARG  88 A  12.88    45 %   -1.42  408   0.00    0    0.46 TYR 141 A    0.00 XXX   0 X    0.09 TYR  85 A
ARG  88 A                                            0.00 XXX   0 X    0.00 XXX   0 X    0.86 TYR 141 A
ARG  88 A                                            0.00 XXX   0 X    0.00 XXX   0 X    0.39 ASP 199 A

ARG  94 A  11.63    43 %   -1.40  401   0.00    0    0.02 ASP  69 A    0.00 XXX   0 X    0.08 GLU  64 A
ARG  94 A                                            0.00 XXX   0 X    0.00 XXX   0 X    0.19 GLU 169 A
ARG  94 A                                            0.00 XXX   0 X    0.00 XXX   0 X   -0.37 ARG  97 A
ARG  94 A                                            0.00 XXX   0 X    0.00 XXX   0 X   -0.19 ARG 172 A
ARG  94 A                                            0.00 XXX   0 X    0.00 XXX   0 X    0.79 ASP  69 A

ARG  97 A  12.26    10 %   -0.35  308   0.00    0    0.00 XXX   0 X    0.00 XXX   0 X    0.05 GLU  64 A
ARG  97 A                                            0.00 XXX   0 X    0.00 XXX   0 X    0.11 ASP  69 A
ARG  97 A                                            0.00 XXX   0 X    0.00 XXX   0 X    0.02 GLU 169 A
ARG  97 A                                            0.00 XXX   0 X    0.00 XXX   0 X    0.06 ASP 175 A
ARG  97 A                                            0.00 XXX   0 X    0.00 XXX   0 X   -0.13 ARG 172 A

ARG 118 A  12.02    26 %   -0.83  354   0.00    0    0.00 XXX   0 X    0.00 XXX   0 X    0.14 TYR  78 A
ARG 118 A                                            0.00 XXX   0 X    0.00 XXX   0 X    0.08 TYR 115 A
ARG 118 A                                            0.00 XXX   0 X    0.00 XXX   0 X    0.04 TYR 145 A
ARG 118 A                                            0.00 XXX   0 X    0.00 XXX   0 X    0.04 ASP 199 A
ARG 118 A                                            0.00 XXX   0 X    0.00 XXX   0 X    0.01 ASP 211 A
ARG 118 A                                            0.00 XXX   0 X    0.00 XXX   0 X    0.04 TYR 214 A

ARG 133 A  14.38    62 %   -2.14  455   0.00    0    0.30 TYR 358 A    0.00 XXX   0 X    0.20 ASP 190 A
ARG 133 A                                            0.23 GLU  39 A    0.00 XXX   0 X    0.65 TYR 358 A
ARG 133 A                                            1.13 ASP 242 A    0.00 XXX   0 X    0.48 GLU  39 A
ARG 133 A                                            0.00 XXX   0 X    0.00 XXX   0 X    1.05 ASP 242 A

ARG 152 A  12.69     0 %   -0.28  213   0.00    0    0.18 ASP 333 A    0.00 XXX   0 X    0.26 ASP 333 A
ARG 152 A                                            0.00 XXX   0 X    0.00 XXX   0 X    0.03 GLU 337 A

ARG 172 A  12.90    46 %   -1.08  409   0.00    0    0.33 GLU 169 A    0.00 XXX   0 X    0.20 GLU  64 A
ARG 172 A                                            0.00 XXX   0 X    0.00 XXX   0 X    0.18 ASP  69 A
ARG 172 A                                            0.00 XXX   0 X    0.00 XXX   0 X    0.01 ASP 175 A
ARG 172 A                                            0.00 XXX   0 X    0.00 XXX   0 X    0.77 GLU 169 A

ARG 217 A  11.72    51 %   -0.97  423   0.00    0    0.00 XXX   0 X    0.00 XXX   0 X    0.02 ASP 211 A
ARG 217 A                                            0.00 XXX   0 X    0.00 XXX   0 X    0.17 TYR 214 A

ARG 233 A  12.41     0 %   -0.09  121   0.00    0    0.00 XXX   0 X    0.00 XXX   0 X    0.00 XXX   0 X

ARG 266 A  11.90    15 %   -0.69  324   0.00    0    0.00 XXX   0 X    0.00 XXX   0 X    0.04 GLU 269 A
ARG 266 A                                            0.00 XXX   0 X    0.00 XXX   0 X    0.07 TYR 358 A
ARG 266 A                                            0.00 XXX   0 X    0.00 XXX   0 X   -0.03 ARG 270 A

ARG 270 A  12.61    47 %   -1.44  414   0.00    0    0.77 GLU 357 A    0.00 XXX   0 X    0.02 GLU 269 A
ARG 270 A                                            0.00 XXX   0 X    0.00 XXX   0 X    0.02 GLU 277 A
ARG 270 A                                            0.00 XXX   0 X    0.00 XXX   0 X    0.74 GLU 357 A

ARG 292 A  12.37     0 %   -0.39  281   0.00    0    0.00 XXX   0 X    0.00 XXX   0 X    0.13 GLU 275 A
ARG 292 A                                            0.00 XXX   0 X    0.00 XXX   0 X    0.12 GLU 290 A
ARG 292 A                                            0.00 XXX   0 X    0.00 XXX   0 X    0.00 TYR 297 A

ARG 312 A  12.13     3 %   -0.37  291   0.00    0    0.00 XXX   0 X    0.00 XXX   0 X    0.00 XXX   0 X

ARG 313 A  11.77    13 %   -0.69  318   0.00    0    0.00 XXX   0 X    0.00 XXX   0 X   -0.03 ARG 312 A

N+    1 A   7.93     0 %   -0.07   47   0.00    0    0.00 XXX   0 X    0.00 XXX   0 X    0.00 XXX   0 X

Coupled residues (marked *) were detected.Please rerun PropKa with the --display-coupled-residues 
or -d option for detailed information.

2026-03-24 10:41:21,559 INFO:output.py:227:print_pka_section:pKa summary:
--------------------------------------------------------------------------------------------------------
SUMMARY OF THIS PREDICTION
       Group      pKa  model-pKa   ligand atom-type
   ASP  69 A     7.21       3.80                      
   ASP 101 A     4.88       3.80                      
   ASP 107 A     3.78       3.80                      
   ASP 142 A     3.81       3.80                      
   ASP 159 A    -1.46       3.80                      
   ASP 175 A     4.34       3.80                      
   ASP 186 A     4.17       3.80                      
   ASP 190 A     3.68       3.80                      
   ASP 199 A     7.45       3.80                      
   ASP 211 A     3.64       3.80                      
   ASP 242 A     5.53       3.80                      
   ASP 248 A    12.93       3.80                      
   ASP 286 A     3.91       3.80                      
   ASP 305 A     0.80       3.80                      
   ASP 306 A     9.70       3.80                      
   ASP 333 A     3.66       3.80                      
   ASP 334 A     6.32       3.80                      
   ASP 340 A     3.03       3.80                      
   ASP 345 A     5.94       3.80                      
   GLU  38 A     4.67       4.50                      
   GLU  39 A     4.78       4.50                      
   GLU  58 A     4.55       4.50                      
   GLU  64 A     4.10       4.50                      
   GLU  76 A     5.47       4.50                      
   GLU 105 A     5.51       4.50                      
   GLU 169 A     5.74       4.50                      
   GLU 201 A    15.27       4.50                      
   GLU 202 A     6.87       4.50                      
   GLU 269 A     4.66       4.50                      
   GLU 275 A     4.62       4.50                      
   GLU 277 A     4.76       4.50                      
   GLU 280 A     3.80       4.50                      
   GLU 290 A     4.47       4.50                      
   GLU 327 A     4.62       4.50                      
   GLU 336 A     3.96       4.50                      
   GLU 337 A     4.68       4.50                      
   GLU 341 A     4.98       4.50                      
   GLU 357 A     6.44       4.50                      
   C-  361 A     3.94       3.20                      
   HIS   6 A     6.39       6.50                      
   HIS  14 A     6.36       6.50                      
   HIS  43 A     3.40       6.50                      
   HIS  90 A     4.85       6.50                      
   HIS 134 A     4.00       6.50                      
   HIS 140 A    16.66       6.50                      
   HIS 148 A     6.60       6.50                      
   HIS 206 A     6.20       6.50                      
   HIS 218 A     5.78       6.50                      
   HIS 228 A     5.62       6.50                      
   HIS 239 A     5.65       6.50                      
   HIS 276 A     6.45       6.50                      
   HIS 279 A     7.10       6.50                      
   HIS 287 A     6.60       6.50                      
   HIS 307 A     2.29       6.50                      
   HIS 319 A     5.92       6.50                      
   HIS 330 A     9.25       6.50                      
   HIS 360 A     6.00       6.50                      
   CYS 139 A    19.34       9.00                      
   CYS 164 A     7.95       9.00                      
   TYR  42 A    10.27      10.00                      
   TYR  78 A    10.79      10.00                      
   TYR  85 A    10.13      10.00                      
   TYR 115 A    10.51      10.00                      
   TYR 117 A    10.16      10.00                      
   TYR 141 A    14.50      10.00                      
   TYR 145 A     9.57      10.00                      
   TYR 214 A    13.54      10.00                      
   TYR 293 A    11.59      10.00                      
   TYR 297 A    11.05      10.00                      
   TYR 299 A    10.35      10.00                      
   TYR 358 A    15.65      10.00                      
   LYS  40 A     9.37      10.50                      
   LYS 132 A    11.29      10.50                      
   LYS 144 A    10.26      10.50                      
   LYS 176 A    10.42      10.50                      
   LYS 177 A     9.92      10.50                      
   LYS 182 A    10.50      10.50                      
   LYS 188 A     9.80      10.50                      
   LYS 222 A    10.71      10.50                      
   LYS 285 A    10.71      10.50                      
   LYS 349 A     9.82      10.50                      
   ARG   5 A    12.48      12.50                      
   ARG   7 A    12.45      12.50                      
   ARG   8 A    12.41      12.50                      
   ARG  27 A    12.36      12.50                      
   ARG  54 A    12.07      12.50                      
   ARG  77 A    10.82      12.50                      
   ARG  88 A    12.88      12.50                      
   ARG  94 A    11.63      12.50                      
   ARG  97 A    12.26      12.50                      
   ARG 118 A    12.02      12.50                      
   ARG 133 A    14.38      12.50                      
   ARG 152 A    12.69      12.50                      
   ARG 172 A    12.90      12.50                      
   ARG 217 A    11.72      12.50                      
   ARG 233 A    12.41      12.50                      
   ARG 266 A    11.90      12.50                      
   ARG 270 A    12.61      12.50                      
   ARG 292 A    12.37      12.50                      
   ARG 312 A    12.13      12.50                      
   ARG 313 A    11.77      12.50                      
   N+    1 A     7.93       8.00                      

2026-03-24 10:41:21,577 INFO:main.py:636:non_trivial:PROPKA information:
--------------------------------------------------------------------------------------------------------
Free energy of   folding (kcal/mol) as a function of pH (using neutral reference)
  0.00     52.41
  1.00     50.57
  2.00     47.94
  3.00     44.95
  4.00     45.18
  5.00     52.91
  6.00     60.75
  7.00     66.83
  8.00     73.80
  9.00     80.07
 10.00     87.01
 11.00     96.44
 12.00    104.40
 13.00    111.25
 14.00    119.31

The pH of optimum stability is  3.5 for which the free energy is   44.2 kcal/mol at 298K
Could not determine pH values where the free energy is within 80 % of minimum
Could not determine the pH-range where the free energy is negative


Protein charge of folded and unfolded state as a function of pH
    pH  unfolded  folded
  0.00     49.00   47.89
  0.10     48.99   47.85
  0.20     48.99   47.81
  0.30     48.99   47.76
  0.40     48.99   47.71
  0.50     48.99   47.65
  0.60     48.98   47.59
  0.70     48.98   47.52
  0.80     48.97   47.46
  0.90     48.97   47.38
  1.00     48.96   47.31
  1.10     48.95   47.24
  1.20     48.93   47.16
  1.30     48.92   47.08
  1.40     48.89   47.01
  1.50     48.87   46.92
  1.60     48.83   46.84
  1.70     48.79   46.74
  1.80     48.74   46.64
  1.90     48.67   46.53
  2.00     48.58   46.40
  2.10     48.48   46.25
  2.20     48.35   46.09
  2.30     48.19   45.90
  2.40     47.98   45.69
  2.50     47.74   45.44
  2.60     47.43   45.17
  2.70     47.06   44.85
  2.80     46.61   44.49
  2.90     46.07   44.08
  3.00     45.43   43.61
  3.10     44.66   43.07
  3.20     43.77   42.46
  3.30     42.74   41.78
  3.40     41.56   41.02
  3.50     40.25   40.18
  3.60     38.79   39.26
  3.70     37.20   38.26
  3.80     35.50   37.20
  3.90     33.72   36.08
  4.00     31.87   34.90
  4.10     29.97   33.68
  4.20     28.07   32.43
  4.30     26.17   31.15
  4.40     24.32   29.86
  4.50     22.53   28.56
  4.60     20.82   27.25
  4.70     19.22   25.96
  4.80     17.74   24.68
  4.90     16.39   23.42
  5.00     15.15   22.18
  5.10     14.04   20.96
  5.20     13.04   19.77
  5.30     12.12   18.59
  5.40     11.27   17.43
  5.50     10.46   16.28
  5.60      9.68   15.14
  5.70      8.90   14.01
  5.80      8.09   12.88
  5.90      7.25   11.77
  6.00      6.37   10.67
  6.10      5.42    9.58
  6.20      4.42    8.52
  6.30      3.37    7.49
  6.40      2.28    6.49
  6.50      1.18    5.52
  6.60      0.10    4.61
  6.70     -0.96    3.73
  6.80     -1.96    2.91
  6.90     -2.89    2.14
  7.00     -3.73    1.42
  7.10     -4.48    0.75
  7.20     -5.15    0.12
  7.30     -5.74   -0.46
  7.40     -6.25   -0.99
  7.50     -6.69   -1.49
  7.60     -7.08   -1.94
  7.70     -7.42   -2.37
  7.80     -7.73   -2.77
  7.90     -8.01   -3.13
  8.00     -8.27   -3.48
  8.10     -8.52   -3.80
  8.20     -8.77   -4.11
  8.30     -9.01   -4.40
  8.40     -9.26   -4.69
  8.50     -9.53   -4.98
  8.60     -9.81   -5.27
  8.70    -10.12   -5.57
  8.80    -10.46   -5.90
  8.90    -10.83   -6.25
  9.00    -11.26   -6.63
  9.10    -11.73   -7.06
  9.20    -12.26   -7.54
  9.30    -12.86   -8.07
  9.40    -13.53   -8.65
  9.50    -14.28   -9.28
  9.60    -15.12   -9.98
  9.70    -16.04  -10.73
  9.80    -17.05  -11.53
  9.90    -18.13  -12.37
 10.00    -19.27  -13.27
 10.10    -20.45  -14.19
 10.20    -21.67  -15.15
 10.30    -22.88  -16.13
 10.40    -24.08  -17.12
 10.50    -25.25  -18.12
 10.60    -26.36  -19.11
 10.70    -27.41  -20.10
 10.80    -28.38  -21.08
 10.90    -29.27  -22.04
 11.00    -30.10  -22.99
 11.10    -30.86  -23.93
 11.20    -31.57  -24.87
 11.30    -32.24  -25.80
 11.40    -32.89  -26.74
 11.50    -33.53  -27.69
 11.60    -34.20  -28.65
 11.70    -34.90  -29.64
 11.80    -35.66  -30.64
 11.90    -36.48  -31.67
 12.00    -37.38  -32.71
 12.10    -38.35  -33.77
 12.20    -39.40  -34.83
 12.30    -40.52  -35.89
 12.40    -41.68  -36.93
 12.50    -42.86  -37.95
 12.60    -44.04  -38.93
 12.70    -45.18  -39.86
 12.80    -46.25  -40.74
 12.90    -47.25  -41.56
 13.00    -48.15  -42.31
 13.10    -48.95  -43.00
 13.20    -49.65  -43.62
 13.30    -50.24  -44.18
 13.40    -50.75  -44.68
 13.50    -51.17  -45.13
 13.60    -51.52  -45.53
 13.70    -51.80  -45.89
 13.80    -52.04  -46.22
 13.90    -52.23  -46.52
 14.00    -52.38  -46.80
The pI is  7.22 (folded) and  6.61 (unfolded)

--------------------------------------------------------------------------------------------------------
2026-03-24 10:41:21,577 INFO:biomolecule.py:794:apply_pka_values:Applying pKa values at a pH of 7.40:
2026-03-24 10:41:21,579 INFO:main.py:649:non_trivial:Adding hydrogens to biomolecule.
2026-03-24 10:41:21,820 INFO:main.py:652:non_trivial:Debumping biomolecule (again).
2026-03-24 10:41:22,116 INFO:main.py:654:non_trivial:Optimizing hydrogen bonds
2026-03-24 10:41:22,646 INFO:main.py:666:non_trivial:Applying force field to biomolecule states.
2026-03-24 10:41:22,650 INFO:main.py:713:non_trivial:Regenerating headers.
2026-03-24 10:41:22,657 INFO:main.py:738:non_trivial:Regenerating PDB lines.
2026-03-24 10:41:22,681 WARNING:main.py:311:print_pqr:Ignoring 466 header lines in output.
